2018-05-07 11:16:31,146 INFO o.a.j.u.JMeterUtils: Setting Locale to en_US
2018-05-07 11:16:31,153 INFO o.a.j.JMeter: Loading user properties from: /home/eitang/WorkStuff/TestManager/apache-jmeter-3.3/bin/user.properties
2018-05-07 11:16:31,153 INFO o.a.j.JMeter: Loading system properties from: /home/eitang/WorkStuff/TestManager/apache-jmeter-3.3/bin/system.properties
2018-05-07 11:16:31,156 INFO o.a.j.JMeter: Copyright (c) 1998-2017 The Apache Software Foundation
2018-05-07 11:16:31,156 INFO o.a.j.JMeter: Version 3.3 r1808647
2018-05-07 11:16:31,156 INFO o.a.j.JMeter: java.version=1.8.0_162
2018-05-07 11:16:31,156 INFO o.a.j.JMeter: java.vm.name=OpenJDK 64-Bit Server VM
2018-05-07 11:16:31,156 INFO o.a.j.JMeter: os.name=Linux
2018-05-07 11:16:31,156 INFO o.a.j.JMeter: os.arch=amd64
2018-05-07 11:16:31,157 INFO o.a.j.JMeter: os.version=4.4.0-122-generic
2018-05-07 11:16:31,157 INFO o.a.j.JMeter: file.encoding=UTF-8
2018-05-07 11:16:31,157 INFO o.a.j.JMeter: Max memory     =536870912
2018-05-07 11:16:31,157 INFO o.a.j.JMeter: Available Processors =8
2018-05-07 11:16:31,159 INFO o.a.j.JMeter: Default Locale=English (United States)
2018-05-07 11:16:31,159 INFO o.a.j.JMeter: JMeter  Locale=English (United States)
2018-05-07 11:16:31,159 INFO o.a.j.JMeter: JMeterHome=/home/eitang/WorkStuff/TestManager/apache-jmeter-3.3
2018-05-07 11:16:31,159 INFO o.a.j.JMeter: user.dir  =/home/eitang/WorkStuff/TestManager/system-tests/tests/TID
2018-05-07 11:16:31,159 INFO o.a.j.JMeter: PWD       =/home/eitang/WorkStuff/TestManager/system-tests/tests/TID
2018-05-07 11:16:31,160 INFO o.a.j.JMeter: IP: 127.0.1.1 Name: ubuntu-eitang-ww FullName: ubuntu-eitang-ww
2018-05-07 11:16:31,161 INFO o.a.j.s.FileServer: Default base='/home/eitang/WorkStuff/TestManager/system-tests/tests/TID'
2018-05-07 11:16:31,161 INFO o.a.j.s.FileServer: Set new base='/home/eitang/WorkStuff/TestManager/system-tests/tests/TID'
2018-05-07 11:16:31,238 INFO o.a.j.s.SaveService: Testplan (JMX) version: 2.2. Testlog (JTL) version: 2.2
2018-05-07 11:16:31,245 INFO o.a.j.s.SaveService: Using SaveService properties file encoding UTF-8
2018-05-07 11:16:31,248 INFO o.a.j.s.SaveService: Using SaveService properties version 3.2
2018-05-07 11:16:31,252 INFO o.a.j.s.SaveService: Loading file: TID_380_10pipelinesInParallel.jmx
2018-05-07 11:16:31,283 INFO o.a.j.p.h.s.HTTPSamplerBase: Parser for text/html is org.apache.jmeter.protocol.http.parser.LagartoBasedHtmlParser
2018-05-07 11:16:31,283 INFO o.a.j.p.h.s.HTTPSamplerBase: Parser for application/xhtml+xml is org.apache.jmeter.protocol.http.parser.LagartoBasedHtmlParser
2018-05-07 11:16:31,283 INFO o.a.j.p.h.s.HTTPSamplerBase: Parser for application/xml is org.apache.jmeter.protocol.http.parser.LagartoBasedHtmlParser
2018-05-07 11:16:31,283 INFO o.a.j.p.h.s.HTTPSamplerBase: Parser for text/xml is org.apache.jmeter.protocol.http.parser.LagartoBasedHtmlParser
2018-05-07 11:16:31,283 INFO o.a.j.p.h.s.HTTPSamplerBase: Parser for text/vnd.wap.wml is org.apache.jmeter.protocol.http.parser.RegexpHTMLParser
2018-05-07 11:16:31,283 INFO o.a.j.p.h.s.HTTPSamplerBase: Parser for text/css is org.apache.jmeter.protocol.http.parser.CssParser
2018-05-07 11:16:31,518 INFO o.a.j.c.IncludeController: loadIncludedElements -- try to load included module: /home/eitang/WorkStuff/TestManager/system-tests/tests/TID/../tf_Get results REST.jmx
2018-05-07 11:16:31,518 INFO o.a.j.s.SaveService: Loading file: ../tf_Get results REST.jmx
2018-05-07 11:16:31,523 INFO o.a.j.c.IncludeController: loadIncludedElements -- try to load included module: /home/eitang/WorkStuff/TestManager/system-tests/tests/TID/../tf_assert expected actual.jmx
2018-05-07 11:16:31,523 INFO o.a.j.s.SaveService: Loading file: ../tf_assert expected actual.jmx
2018-05-07 11:16:31,529 INFO o.a.j.c.IncludeController: loadIncludedElements -- try to load included module: /home/eitang/WorkStuff/TestManager/system-tests/tests/TID/../tf_Get results REST.jmx
2018-05-07 11:16:31,529 INFO o.a.j.s.SaveService: Loading file: ../tf_Get results REST.jmx
2018-05-07 11:16:31,533 INFO o.a.j.c.IncludeController: loadIncludedElements -- try to load included module: /home/eitang/WorkStuff/TestManager/system-tests/tests/TID/../tf_assert expected actual.jmx
2018-05-07 11:16:31,533 INFO o.a.j.s.SaveService: Loading file: ../tf_assert expected actual.jmx
2018-05-07 11:16:31,538 INFO o.a.j.c.IncludeController: loadIncludedElements -- try to load included module: /home/eitang/WorkStuff/TestManager/system-tests/tests/TID/../tf_Get results REST.jmx
2018-05-07 11:16:31,538 INFO o.a.j.s.SaveService: Loading file: ../tf_Get results REST.jmx
2018-05-07 11:16:31,541 INFO o.a.j.c.IncludeController: loadIncludedElements -- try to load included module: /home/eitang/WorkStuff/TestManager/system-tests/tests/TID/../tf_assert expected actual.jmx
2018-05-07 11:16:31,541 INFO o.a.j.s.SaveService: Loading file: ../tf_assert expected actual.jmx
2018-05-07 11:16:31,547 INFO o.a.j.c.IncludeController: loadIncludedElements -- try to load included module: /home/eitang/WorkStuff/TestManager/system-tests/tests/TID/../tf_Get results REST.jmx
2018-05-07 11:16:31,547 INFO o.a.j.s.SaveService: Loading file: ../tf_Get results REST.jmx
2018-05-07 11:16:31,550 INFO o.a.j.c.IncludeController: loadIncludedElements -- try to load included module: /home/eitang/WorkStuff/TestManager/system-tests/tests/TID/../tf_assert expected actual.jmx
2018-05-07 11:16:31,550 INFO o.a.j.s.SaveService: Loading file: ../tf_assert expected actual.jmx
2018-05-07 11:16:31,554 INFO o.a.j.JMeter: Creating summariser <summary>
2018-05-07 11:16:31,558 INFO o.a.j.e.StandardJMeterEngine: Running the test!
2018-05-07 11:16:31,558 INFO o.a.j.s.SampleEvent: List of sample_variables: []
2018-05-07 11:16:31,558 INFO o.a.j.s.SampleEvent: List of sample_variables: []
2018-05-07 11:16:31,561 INFO o.a.j.e.u.CompoundVariable: Note: Function class names must contain the string: '.functions.'
2018-05-07 11:16:31,561 INFO o.a.j.e.u.CompoundVariable: Note: Function class names must not contain the string: '.gui.'
2018-05-07 11:16:31,774 INFO o.a.j.JMeter: Running test (1525680991774)
2018-05-07 11:16:31,806 INFO o.a.j.e.StandardJMeterEngine: Starting ThreadGroup: 1 : create workflow
2018-05-07 11:16:31,806 INFO o.a.j.e.StandardJMeterEngine: Starting 1 threads for group create workflow.
2018-05-07 11:16:31,806 INFO o.a.j.e.StandardJMeterEngine: Thread will continue on error
2018-05-07 11:16:31,806 INFO o.a.j.t.ThreadGroup: Starting thread group... number=1 threads=1 ramp-up=1 perThread=1000.0 delayedStart=false
2018-05-07 11:16:31,809 INFO o.a.j.t.ThreadGroup: Started thread group number 1
2018-05-07 11:16:31,809 INFO o.a.j.e.StandardJMeterEngine: Waiting for thread group: create workflow to finish before starting next group
2018-05-07 11:16:31,814 INFO o.a.j.t.JMeterThread: Thread started: create workflow 1-1
2018-05-07 11:16:31,815 INFO o.a.j.s.FileServer: Stored: ../../testConfigFiles/paths.csv
2018-05-07 11:16:31,815 INFO o.a.j.s.FileServer: Stored: ../../testConfigFiles/ipConfigs.csv
2018-05-07 11:16:31,827 INFO o.a.j.p.h.s.HTTPHCAbstractImpl: Local host = ubuntu-eitang-ww
2018-05-07 11:16:31,831 INFO o.a.j.p.h.s.HTTPHC4Impl: HTTP request retry count = 0
2018-05-07 11:16:31,836 INFO o.a.j.s.SampleResult: Note: Sample TimeStamps are START times
2018-05-07 11:16:31,836 INFO o.a.j.s.SampleResult: sampleresult.default.encoding is set to ISO-8859-1
2018-05-07 11:16:31,836 INFO o.a.j.s.SampleResult: sampleresult.useNanoTime=true
2018-05-07 11:16:31,836 INFO o.a.j.s.SampleResult: sampleresult.nanoThreadSleep=5000
2018-05-07 11:16:31,885 INFO o.a.j.p.h.s.LazySchemeSocketFactory: Setting up HTTPS TrustAll Socket Factory
2018-05-07 11:16:31,891 INFO o.a.j.u.JsseSSLManager: Using default SSL protocol: TLS
2018-05-07 11:16:31,891 INFO o.a.j.u.JsseSSLManager: SSL session context: per-thread
2018-05-07 11:16:31,964 INFO o.a.j.u.SSLManager: JmeterKeyStore Location:  type JKS
2018-05-07 11:16:31,965 INFO o.a.j.u.SSLManager: KeyStore created OK
2018-05-07 11:16:31,965 WARN o.a.j.u.SSLManager: Keystore file not found, loading empty keystore
2018-05-07 11:16:32,449 INFO o.a.j.r.Summariser: summary +      1 in 00:00:01 =    1.5/s Avg:   596 Min:   596 Max:   596 Err:     0 (0.00%) Active: 1 Started: 1 Finished: 0
2018-05-07 11:16:32,449 INFO o.a.j.t.JMeterThread: Thread is done: create workflow 1-1
2018-05-07 11:16:32,449 INFO o.a.j.t.JMeterThread: Thread finished: create workflow 1-1
2018-05-07 11:16:32,450 INFO o.a.j.e.StandardJMeterEngine: Starting ThreadGroup: 2 : run stored
2018-05-07 11:16:32,450 INFO o.a.j.e.StandardJMeterEngine: Starting 10 threads for group run stored.
2018-05-07 11:16:32,450 INFO o.a.j.e.StandardJMeterEngine: Thread will stop on error
2018-05-07 11:16:32,450 INFO o.a.j.t.ThreadGroup: Starting thread group... number=2 threads=10 ramp-up=5 perThread=500.0 delayedStart=false
2018-05-07 11:16:32,453 INFO o.a.j.c.IncludeController: loadIncludedElements -- try to load included module: /home/eitang/WorkStuff/TestManager/system-tests/tests/TID/../tf_Get results REST.jmx
2018-05-07 11:16:32,453 INFO o.a.j.s.SaveService: Loading file: ../tf_Get results REST.jmx
2018-05-07 11:16:32,458 INFO o.a.j.c.IncludeController: loadIncludedElements -- try to load included module: /home/eitang/WorkStuff/TestManager/system-tests/tests/TID/../tf_assert expected actual.jmx
2018-05-07 11:16:32,458 INFO o.a.j.s.SaveService: Loading file: ../tf_assert expected actual.jmx
2018-05-07 11:16:32,467 INFO o.a.j.t.JMeterThread: Thread started: run stored 2-1
2018-05-07 11:16:32,471 INFO o.a.j.c.IncludeController: loadIncludedElements -- try to load included module: /home/eitang/WorkStuff/TestManager/system-tests/tests/TID/../tf_Get results REST.jmx
2018-05-07 11:16:32,471 INFO o.a.j.s.SaveService: Loading file: ../tf_Get results REST.jmx
2018-05-07 11:16:32,476 INFO o.a.j.c.IncludeController: loadIncludedElements -- try to load included module: /home/eitang/WorkStuff/TestManager/system-tests/tests/TID/../tf_assert expected actual.jmx
2018-05-07 11:16:32,476 INFO o.a.j.s.SaveService: Loading file: ../tf_assert expected actual.jmx
2018-05-07 11:16:32,487 INFO o.a.j.c.IncludeController: loadIncludedElements -- try to load included module: /home/eitang/WorkStuff/TestManager/system-tests/tests/TID/../tf_Get results REST.jmx
2018-05-07 11:16:32,488 INFO o.a.j.s.SaveService: Loading file: ../tf_Get results REST.jmx
2018-05-07 11:16:32,493 INFO o.a.j.c.IncludeController: loadIncludedElements -- try to load included module: /home/eitang/WorkStuff/TestManager/system-tests/tests/TID/../tf_assert expected actual.jmx
2018-05-07 11:16:32,493 INFO o.a.j.s.SaveService: Loading file: ../tf_assert expected actual.jmx
2018-05-07 11:16:32,504 INFO o.a.j.c.IncludeController: loadIncludedElements -- try to load included module: /home/eitang/WorkStuff/TestManager/system-tests/tests/TID/../tf_Get results REST.jmx
2018-05-07 11:16:32,505 INFO o.a.j.s.SaveService: Loading file: ../tf_Get results REST.jmx
2018-05-07 11:16:32,510 INFO o.a.j.c.IncludeController: loadIncludedElements -- try to load included module: /home/eitang/WorkStuff/TestManager/system-tests/tests/TID/../tf_assert expected actual.jmx
2018-05-07 11:16:32,510 INFO o.a.j.s.SaveService: Loading file: ../tf_assert expected actual.jmx
2018-05-07 11:16:32,526 INFO o.a.j.c.IncludeController: loadIncludedElements -- try to load included module: /home/eitang/WorkStuff/TestManager/system-tests/tests/TID/../tf_Get results REST.jmx
2018-05-07 11:16:32,527 INFO o.a.j.s.SaveService: Loading file: ../tf_Get results REST.jmx
2018-05-07 11:16:32,531 INFO o.a.j.c.IncludeController: loadIncludedElements -- try to load included module: /home/eitang/WorkStuff/TestManager/system-tests/tests/TID/../tf_assert expected actual.jmx
2018-05-07 11:16:32,531 INFO o.a.j.s.SaveService: Loading file: ../tf_assert expected actual.jmx
2018-05-07 11:16:32,544 INFO o.a.j.c.IncludeController: loadIncludedElements -- try to load included module: /home/eitang/WorkStuff/TestManager/system-tests/tests/TID/../tf_Get results REST.jmx
2018-05-07 11:16:32,544 INFO o.a.j.s.SaveService: Loading file: ../tf_Get results REST.jmx
2018-05-07 11:16:32,549 INFO o.a.j.c.IncludeController: loadIncludedElements -- try to load included module: /home/eitang/WorkStuff/TestManager/system-tests/tests/TID/../tf_assert expected actual.jmx
2018-05-07 11:16:32,549 INFO o.a.j.s.SaveService: Loading file: ../tf_assert expected actual.jmx
2018-05-07 11:16:32,562 INFO o.a.j.c.IncludeController: loadIncludedElements -- try to load included module: /home/eitang/WorkStuff/TestManager/system-tests/tests/TID/../tf_Get results REST.jmx
2018-05-07 11:16:32,562 INFO o.a.j.s.SaveService: Loading file: ../tf_Get results REST.jmx
2018-05-07 11:16:32,568 INFO o.a.j.c.IncludeController: loadIncludedElements -- try to load included module: /home/eitang/WorkStuff/TestManager/system-tests/tests/TID/../tf_assert expected actual.jmx
2018-05-07 11:16:32,568 INFO o.a.j.s.SaveService: Loading file: ../tf_assert expected actual.jmx
2018-05-07 11:16:32,581 INFO o.a.j.c.IncludeController: loadIncludedElements -- try to load included module: /home/eitang/WorkStuff/TestManager/system-tests/tests/TID/../tf_Get results REST.jmx
2018-05-07 11:16:32,581 INFO o.a.j.s.SaveService: Loading file: ../tf_Get results REST.jmx
2018-05-07 11:16:32,587 INFO o.a.j.c.IncludeController: loadIncludedElements -- try to load included module: /home/eitang/WorkStuff/TestManager/system-tests/tests/TID/../tf_assert expected actual.jmx
2018-05-07 11:16:32,587 INFO o.a.j.s.SaveService: Loading file: ../tf_assert expected actual.jmx
2018-05-07 11:16:32,601 INFO o.a.j.c.IncludeController: loadIncludedElements -- try to load included module: /home/eitang/WorkStuff/TestManager/system-tests/tests/TID/../tf_Get results REST.jmx
2018-05-07 11:16:32,601 INFO o.a.j.s.SaveService: Loading file: ../tf_Get results REST.jmx
2018-05-07 11:16:32,608 INFO o.a.j.c.IncludeController: loadIncludedElements -- try to load included module: /home/eitang/WorkStuff/TestManager/system-tests/tests/TID/../tf_assert expected actual.jmx
2018-05-07 11:16:32,609 INFO o.a.j.s.SaveService: Loading file: ../tf_assert expected actual.jmx
2018-05-07 11:16:32,626 INFO o.a.j.c.IncludeController: loadIncludedElements -- try to load included module: /home/eitang/WorkStuff/TestManager/system-tests/tests/TID/../tf_Get results REST.jmx
2018-05-07 11:16:32,627 INFO o.a.j.s.SaveService: Loading file: ../tf_Get results REST.jmx
2018-05-07 11:16:32,635 INFO o.a.j.c.IncludeController: loadIncludedElements -- try to load included module: /home/eitang/WorkStuff/TestManager/system-tests/tests/TID/../tf_assert expected actual.jmx
2018-05-07 11:16:32,636 INFO o.a.j.s.SaveService: Loading file: ../tf_assert expected actual.jmx
2018-05-07 11:16:32,648 INFO o.a.j.t.ThreadGroup: Started thread group number 2
2018-05-07 11:16:32,648 INFO o.a.j.e.StandardJMeterEngine: Waiting for thread group: run stored to finish before starting next group
2018-05-07 11:16:32,985 INFO o.a.j.t.JMeterThread: Thread started: run stored 2-2
2018-05-07 11:16:33,097 ERROR o.a.j.f.JavaScript: Error processing Javascript: [("${status}" != "completed") && (${counter}<50)]

javax.script.ScriptException: <eval>:1:34 Expected ) but found {
("${status}" != "completed") && (${counter}<50)
                                  ^ in <eval> at line number 1 at column number 34
	at jdk.nashorn.api.scripting.NashornScriptEngine.throwAsScriptException(NashornScriptEngine.java:470) ~[nashorn.jar:?]
	at jdk.nashorn.api.scripting.NashornScriptEngine.compileImpl(NashornScriptEngine.java:537) ~[nashorn.jar:?]
	at jdk.nashorn.api.scripting.NashornScriptEngine.compileImpl(NashornScriptEngine.java:524) ~[nashorn.jar:?]
	at jdk.nashorn.api.scripting.NashornScriptEngine.evalImpl(NashornScriptEngine.java:402) ~[nashorn.jar:?]
	at jdk.nashorn.api.scripting.NashornScriptEngine.eval(NashornScriptEngine.java:155) ~[nashorn.jar:?]
	at org.apache.jmeter.functions.JavaScript.executeWithNashorn(JavaScript.java:142) [ApacheJMeter_functions.jar:3.3 r1808647]
	at org.apache.jmeter.functions.JavaScript.execute(JavaScript.java:103) [ApacheJMeter_functions.jar:3.3 r1808647]
	at org.apache.jmeter.engine.util.CompoundVariable.execute(CompoundVariable.java:137) [ApacheJMeter_core.jar:3.3 r1808647]
	at org.apache.jmeter.engine.util.CompoundVariable.execute(CompoundVariable.java:112) [ApacheJMeter_core.jar:3.3 r1808647]
	at org.apache.jmeter.testelement.property.FunctionProperty.getStringValue(FunctionProperty.java:101) [ApacheJMeter_core.jar:3.3 r1808647]
	at org.apache.jmeter.control.WhileController.getCondition(WhileController.java:124) [ApacheJMeter_core.jar:3.3 r1808647]
	at org.apache.jmeter.control.WhileController.endOfLoop(WhileController.java:56) [ApacheJMeter_core.jar:3.3 r1808647]
	at org.apache.jmeter.control.WhileController.next(WhileController.java:102) [ApacheJMeter_core.jar:3.3 r1808647]
	at org.apache.jmeter.control.GenericController.nextIsAController(GenericController.java:219) [ApacheJMeter_core.jar:3.3 r1808647]
	at org.apache.jmeter.control.GenericController.next(GenericController.java:173) [ApacheJMeter_core.jar:3.3 r1808647]
	at org.apache.jmeter.control.LoopController.next(LoopController.java:123) [ApacheJMeter_core.jar:3.3 r1808647]
	at org.apache.jmeter.threads.AbstractThreadGroup.next(AbstractThreadGroup.java:87) [ApacheJMeter_core.jar:3.3 r1808647]
	at org.apache.jmeter.threads.JMeterThread.run(JMeterThread.java:275) [ApacheJMeter_core.jar:3.3 r1808647]
	at java.lang.Thread.run(Thread.java:748) [?:1.8.0_162]
Caused by: jdk.nashorn.internal.runtime.ParserException: <eval>:1:34 Expected ) but found {
("${status}" != "completed") && (${counter}<50)
                                  ^
	at jdk.nashorn.internal.parser.AbstractParser.error(AbstractParser.java:294) ~[nashorn.jar:?]
	at jdk.nashorn.internal.parser.AbstractParser.error(AbstractParser.java:279) ~[nashorn.jar:?]
	at jdk.nashorn.internal.parser.AbstractParser.expectDontAdvance(AbstractParser.java:350) ~[nashorn.jar:?]
	at jdk.nashorn.internal.parser.AbstractParser.expect(AbstractParser.java:337) ~[nashorn.jar:?]
	at jdk.nashorn.internal.parser.Parser.primaryExpression(Parser.java:1994) ~[nashorn.jar:?]
	at jdk.nashorn.internal.parser.Parser.memberExpression(Parser.java:2511) ~[nashorn.jar:?]
	at jdk.nashorn.internal.parser.Parser.leftHandSideExpression(Parser.java:2372) ~[nashorn.jar:?]
	at jdk.nashorn.internal.parser.Parser.unaryExpression(Parser.java:3147) ~[nashorn.jar:?]
	at jdk.nashorn.internal.parser.Parser.expression(Parser.java:3325) ~[nashorn.jar:?]
	at jdk.nashorn.internal.parser.Parser.expression(Parser.java:3282) ~[nashorn.jar:?]
	at jdk.nashorn.internal.parser.Parser.expressionStatement(Parser.java:1150) ~[nashorn.jar:?]
	at jdk.nashorn.internal.parser.Parser.statement(Parser.java:967) ~[nashorn.jar:?]
	at jdk.nashorn.internal.parser.Parser.sourceElements(Parser.java:773) ~[nashorn.jar:?]
	at jdk.nashorn.internal.parser.Parser.program(Parser.java:709) ~[nashorn.jar:?]
	at jdk.nashorn.internal.parser.Parser.parse(Parser.java:283) ~[nashorn.jar:?]
	at jdk.nashorn.internal.parser.Parser.parse(Parser.java:249) ~[nashorn.jar:?]
	at jdk.nashorn.internal.runtime.Context.compile(Context.java:1284) ~[nashorn.jar:?]
	at jdk.nashorn.internal.runtime.Context.compileScript(Context.java:1251) ~[nashorn.jar:?]
	at jdk.nashorn.internal.runtime.Context.compileScript(Context.java:627) ~[nashorn.jar:?]
	at jdk.nashorn.api.scripting.NashornScriptEngine.compileImpl(NashornScriptEngine.java:535) ~[nashorn.jar:?]
	... 17 more
2018-05-07 11:16:33,430 ERROR o.a.j.f.JavaScript: Error processing Javascript: [("${status}" != "completed") && (${counter}<50)]

javax.script.ScriptException: <eval>:1:34 Expected ) but found {
("${status}" != "completed") && (${counter}<50)
                                  ^ in <eval> at line number 1 at column number 34
	at jdk.nashorn.api.scripting.NashornScriptEngine.throwAsScriptException(NashornScriptEngine.java:470) ~[nashorn.jar:?]
	at jdk.nashorn.api.scripting.NashornScriptEngine.compileImpl(NashornScriptEngine.java:537) ~[nashorn.jar:?]
	at jdk.nashorn.api.scripting.NashornScriptEngine.compileImpl(NashornScriptEngine.java:524) ~[nashorn.jar:?]
	at jdk.nashorn.api.scripting.NashornScriptEngine.evalImpl(NashornScriptEngine.java:402) ~[nashorn.jar:?]
	at jdk.nashorn.api.scripting.NashornScriptEngine.eval(NashornScriptEngine.java:155) ~[nashorn.jar:?]
	at org.apache.jmeter.functions.JavaScript.executeWithNashorn(JavaScript.java:142) [ApacheJMeter_functions.jar:3.3 r1808647]
	at org.apache.jmeter.functions.JavaScript.execute(JavaScript.java:103) [ApacheJMeter_functions.jar:3.3 r1808647]
	at org.apache.jmeter.engine.util.CompoundVariable.execute(CompoundVariable.java:137) [ApacheJMeter_core.jar:3.3 r1808647]
	at org.apache.jmeter.engine.util.CompoundVariable.execute(CompoundVariable.java:112) [ApacheJMeter_core.jar:3.3 r1808647]
	at org.apache.jmeter.testelement.property.FunctionProperty.getStringValue(FunctionProperty.java:101) [ApacheJMeter_core.jar:3.3 r1808647]
	at org.apache.jmeter.control.WhileController.getCondition(WhileController.java:124) [ApacheJMeter_core.jar:3.3 r1808647]
	at org.apache.jmeter.control.WhileController.endOfLoop(WhileController.java:56) [ApacheJMeter_core.jar:3.3 r1808647]
	at org.apache.jmeter.control.WhileController.next(WhileController.java:102) [ApacheJMeter_core.jar:3.3 r1808647]
	at org.apache.jmeter.control.GenericController.nextIsAController(GenericController.java:219) [ApacheJMeter_core.jar:3.3 r1808647]
	at org.apache.jmeter.control.GenericController.next(GenericController.java:173) [ApacheJMeter_core.jar:3.3 r1808647]
	at org.apache.jmeter.control.LoopController.next(LoopController.java:123) [ApacheJMeter_core.jar:3.3 r1808647]
	at org.apache.jmeter.threads.AbstractThreadGroup.next(AbstractThreadGroup.java:87) [ApacheJMeter_core.jar:3.3 r1808647]
	at org.apache.jmeter.threads.JMeterThread.run(JMeterThread.java:275) [ApacheJMeter_core.jar:3.3 r1808647]
	at java.lang.Thread.run(Thread.java:748) [?:1.8.0_162]
Caused by: jdk.nashorn.internal.runtime.ParserException: <eval>:1:34 Expected ) but found {
("${status}" != "completed") && (${counter}<50)
                                  ^
	at jdk.nashorn.internal.parser.AbstractParser.error(AbstractParser.java:294) ~[nashorn.jar:?]
	at jdk.nashorn.internal.parser.AbstractParser.error(AbstractParser.java:279) ~[nashorn.jar:?]
	at jdk.nashorn.internal.parser.AbstractParser.expectDontAdvance(AbstractParser.java:350) ~[nashorn.jar:?]
	at jdk.nashorn.internal.parser.AbstractParser.expect(AbstractParser.java:337) ~[nashorn.jar:?]
	at jdk.nashorn.internal.parser.Parser.primaryExpression(Parser.java:1994) ~[nashorn.jar:?]
	at jdk.nashorn.internal.parser.Parser.memberExpression(Parser.java:2511) ~[nashorn.jar:?]
	at jdk.nashorn.internal.parser.Parser.leftHandSideExpression(Parser.java:2372) ~[nashorn.jar:?]
	at jdk.nashorn.internal.parser.Parser.unaryExpression(Parser.java:3147) ~[nashorn.jar:?]
	at jdk.nashorn.internal.parser.Parser.expression(Parser.java:3325) ~[nashorn.jar:?]
	at jdk.nashorn.internal.parser.Parser.expression(Parser.java:3282) ~[nashorn.jar:?]
	at jdk.nashorn.internal.parser.Parser.expressionStatement(Parser.java:1150) ~[nashorn.jar:?]
	at jdk.nashorn.internal.parser.Parser.statement(Parser.java:967) ~[nashorn.jar:?]
	at jdk.nashorn.internal.parser.Parser.sourceElements(Parser.java:773) ~[nashorn.jar:?]
	at jdk.nashorn.internal.parser.Parser.program(Parser.java:709) ~[nashorn.jar:?]
	at jdk.nashorn.internal.parser.Parser.parse(Parser.java:283) ~[nashorn.jar:?]
	at jdk.nashorn.internal.parser.Parser.parse(Parser.java:249) ~[nashorn.jar:?]
	at jdk.nashorn.internal.runtime.Context.compile(Context.java:1284) ~[nashorn.jar:?]
	at jdk.nashorn.internal.runtime.Context.compileScript(Context.java:1251) ~[nashorn.jar:?]
	at jdk.nashorn.internal.runtime.Context.compileScript(Context.java:627) ~[nashorn.jar:?]
	at jdk.nashorn.api.scripting.NashornScriptEngine.compileImpl(NashornScriptEngine.java:535) ~[nashorn.jar:?]
	... 17 more
2018-05-07 11:16:33,502 INFO o.a.j.t.JMeterThread: Thread started: run stored 2-3
2018-05-07 11:16:33,951 ERROR o.a.j.f.JavaScript: Error processing Javascript: [("${status}" != "completed") && (${counter}<50)]

javax.script.ScriptException: <eval>:1:34 Expected ) but found {
("${status}" != "completed") && (${counter}<50)
                                  ^ in <eval> at line number 1 at column number 34
	at jdk.nashorn.api.scripting.NashornScriptEngine.throwAsScriptException(NashornScriptEngine.java:470) ~[nashorn.jar:?]
	at jdk.nashorn.api.scripting.NashornScriptEngine.compileImpl(NashornScriptEngine.java:537) ~[nashorn.jar:?]
	at jdk.nashorn.api.scripting.NashornScriptEngine.compileImpl(NashornScriptEngine.java:524) ~[nashorn.jar:?]
	at jdk.nashorn.api.scripting.NashornScriptEngine.evalImpl(NashornScriptEngine.java:402) ~[nashorn.jar:?]
	at jdk.nashorn.api.scripting.NashornScriptEngine.eval(NashornScriptEngine.java:155) ~[nashorn.jar:?]
	at org.apache.jmeter.functions.JavaScript.executeWithNashorn(JavaScript.java:142) [ApacheJMeter_functions.jar:3.3 r1808647]
	at org.apache.jmeter.functions.JavaScript.execute(JavaScript.java:103) [ApacheJMeter_functions.jar:3.3 r1808647]
	at org.apache.jmeter.engine.util.CompoundVariable.execute(CompoundVariable.java:137) [ApacheJMeter_core.jar:3.3 r1808647]
	at org.apache.jmeter.engine.util.CompoundVariable.execute(CompoundVariable.java:112) [ApacheJMeter_core.jar:3.3 r1808647]
	at org.apache.jmeter.testelement.property.FunctionProperty.getStringValue(FunctionProperty.java:101) [ApacheJMeter_core.jar:3.3 r1808647]
	at org.apache.jmeter.control.WhileController.getCondition(WhileController.java:124) [ApacheJMeter_core.jar:3.3 r1808647]
	at org.apache.jmeter.control.WhileController.endOfLoop(WhileController.java:56) [ApacheJMeter_core.jar:3.3 r1808647]
	at org.apache.jmeter.control.WhileController.next(WhileController.java:102) [ApacheJMeter_core.jar:3.3 r1808647]
	at org.apache.jmeter.control.GenericController.nextIsAController(GenericController.java:219) [ApacheJMeter_core.jar:3.3 r1808647]
	at org.apache.jmeter.control.GenericController.next(GenericController.java:173) [ApacheJMeter_core.jar:3.3 r1808647]
	at org.apache.jmeter.control.LoopController.next(LoopController.java:123) [ApacheJMeter_core.jar:3.3 r1808647]
	at org.apache.jmeter.threads.AbstractThreadGroup.next(AbstractThreadGroup.java:87) [ApacheJMeter_core.jar:3.3 r1808647]
	at org.apache.jmeter.threads.JMeterThread.run(JMeterThread.java:275) [ApacheJMeter_core.jar:3.3 r1808647]
	at java.lang.Thread.run(Thread.java:748) [?:1.8.0_162]
Caused by: jdk.nashorn.internal.runtime.ParserException: <eval>:1:34 Expected ) but found {
("${status}" != "completed") && (${counter}<50)
                                  ^
	at jdk.nashorn.internal.parser.AbstractParser.error(AbstractParser.java:294) ~[nashorn.jar:?]
	at jdk.nashorn.internal.parser.AbstractParser.error(AbstractParser.java:279) ~[nashorn.jar:?]
	at jdk.nashorn.internal.parser.AbstractParser.expectDontAdvance(AbstractParser.java:350) ~[nashorn.jar:?]
	at jdk.nashorn.internal.parser.AbstractParser.expect(AbstractParser.java:337) ~[nashorn.jar:?]
	at jdk.nashorn.internal.parser.Parser.primaryExpression(Parser.java:1994) ~[nashorn.jar:?]
	at jdk.nashorn.internal.parser.Parser.memberExpression(Parser.java:2511) ~[nashorn.jar:?]
	at jdk.nashorn.internal.parser.Parser.leftHandSideExpression(Parser.java:2372) ~[nashorn.jar:?]
	at jdk.nashorn.internal.parser.Parser.unaryExpression(Parser.java:3147) ~[nashorn.jar:?]
	at jdk.nashorn.internal.parser.Parser.expression(Parser.java:3325) ~[nashorn.jar:?]
	at jdk.nashorn.internal.parser.Parser.expression(Parser.java:3282) ~[nashorn.jar:?]
	at jdk.nashorn.internal.parser.Parser.expressionStatement(Parser.java:1150) ~[nashorn.jar:?]
	at jdk.nashorn.internal.parser.Parser.statement(Parser.java:967) ~[nashorn.jar:?]
	at jdk.nashorn.internal.parser.Parser.sourceElements(Parser.java:773) ~[nashorn.jar:?]
	at jdk.nashorn.internal.parser.Parser.program(Parser.java:709) ~[nashorn.jar:?]
	at jdk.nashorn.internal.parser.Parser.parse(Parser.java:283) ~[nashorn.jar:?]
	at jdk.nashorn.internal.parser.Parser.parse(Parser.java:249) ~[nashorn.jar:?]
	at jdk.nashorn.internal.runtime.Context.compile(Context.java:1284) ~[nashorn.jar:?]
	at jdk.nashorn.internal.runtime.Context.compileScript(Context.java:1251) ~[nashorn.jar:?]
	at jdk.nashorn.internal.runtime.Context.compileScript(Context.java:627) ~[nashorn.jar:?]
	at jdk.nashorn.api.scripting.NashornScriptEngine.compileImpl(NashornScriptEngine.java:535) ~[nashorn.jar:?]
	... 17 more
2018-05-07 11:16:34,025 INFO o.a.j.t.JMeterThread: Thread started: run stored 2-4
2018-05-07 11:16:34,508 ERROR o.a.j.f.JavaScript: Error processing Javascript: [("${status}" != "completed") && (${counter}<50)]

javax.script.ScriptException: <eval>:1:34 Expected ) but found {
("${status}" != "completed") && (${counter}<50)
                                  ^ in <eval> at line number 1 at column number 34
	at jdk.nashorn.api.scripting.NashornScriptEngine.throwAsScriptException(NashornScriptEngine.java:470) ~[nashorn.jar:?]
	at jdk.nashorn.api.scripting.NashornScriptEngine.compileImpl(NashornScriptEngine.java:537) ~[nashorn.jar:?]
	at jdk.nashorn.api.scripting.NashornScriptEngine.compileImpl(NashornScriptEngine.java:524) ~[nashorn.jar:?]
	at jdk.nashorn.api.scripting.NashornScriptEngine.evalImpl(NashornScriptEngine.java:402) ~[nashorn.jar:?]
	at jdk.nashorn.api.scripting.NashornScriptEngine.eval(NashornScriptEngine.java:155) ~[nashorn.jar:?]
	at org.apache.jmeter.functions.JavaScript.executeWithNashorn(JavaScript.java:142) [ApacheJMeter_functions.jar:3.3 r1808647]
	at org.apache.jmeter.functions.JavaScript.execute(JavaScript.java:103) [ApacheJMeter_functions.jar:3.3 r1808647]
	at org.apache.jmeter.engine.util.CompoundVariable.execute(CompoundVariable.java:137) [ApacheJMeter_core.jar:3.3 r1808647]
	at org.apache.jmeter.engine.util.CompoundVariable.execute(CompoundVariable.java:112) [ApacheJMeter_core.jar:3.3 r1808647]
	at org.apache.jmeter.testelement.property.FunctionProperty.getStringValue(FunctionProperty.java:101) [ApacheJMeter_core.jar:3.3 r1808647]
	at org.apache.jmeter.control.WhileController.getCondition(WhileController.java:124) [ApacheJMeter_core.jar:3.3 r1808647]
	at org.apache.jmeter.control.WhileController.endOfLoop(WhileController.java:56) [ApacheJMeter_core.jar:3.3 r1808647]
	at org.apache.jmeter.control.WhileController.next(WhileController.java:102) [ApacheJMeter_core.jar:3.3 r1808647]
	at org.apache.jmeter.control.GenericController.nextIsAController(GenericController.java:219) [ApacheJMeter_core.jar:3.3 r1808647]
	at org.apache.jmeter.control.GenericController.next(GenericController.java:173) [ApacheJMeter_core.jar:3.3 r1808647]
	at org.apache.jmeter.control.LoopController.next(LoopController.java:123) [ApacheJMeter_core.jar:3.3 r1808647]
	at org.apache.jmeter.threads.AbstractThreadGroup.next(AbstractThreadGroup.java:87) [ApacheJMeter_core.jar:3.3 r1808647]
	at org.apache.jmeter.threads.JMeterThread.run(JMeterThread.java:275) [ApacheJMeter_core.jar:3.3 r1808647]
	at java.lang.Thread.run(Thread.java:748) [?:1.8.0_162]
Caused by: jdk.nashorn.internal.runtime.ParserException: <eval>:1:34 Expected ) but found {
("${status}" != "completed") && (${counter}<50)
                                  ^
	at jdk.nashorn.internal.parser.AbstractParser.error(AbstractParser.java:294) ~[nashorn.jar:?]
	at jdk.nashorn.internal.parser.AbstractParser.error(AbstractParser.java:279) ~[nashorn.jar:?]
	at jdk.nashorn.internal.parser.AbstractParser.expectDontAdvance(AbstractParser.java:350) ~[nashorn.jar:?]
	at jdk.nashorn.internal.parser.AbstractParser.expect(AbstractParser.java:337) ~[nashorn.jar:?]
	at jdk.nashorn.internal.parser.Parser.primaryExpression(Parser.java:1994) ~[nashorn.jar:?]
	at jdk.nashorn.internal.parser.Parser.memberExpression(Parser.java:2511) ~[nashorn.jar:?]
	at jdk.nashorn.internal.parser.Parser.leftHandSideExpression(Parser.java:2372) ~[nashorn.jar:?]
	at jdk.nashorn.internal.parser.Parser.unaryExpression(Parser.java:3147) ~[nashorn.jar:?]
	at jdk.nashorn.internal.parser.Parser.expression(Parser.java:3325) ~[nashorn.jar:?]
	at jdk.nashorn.internal.parser.Parser.expression(Parser.java:3282) ~[nashorn.jar:?]
	at jdk.nashorn.internal.parser.Parser.expressionStatement(Parser.java:1150) ~[nashorn.jar:?]
	at jdk.nashorn.internal.parser.Parser.statement(Parser.java:967) ~[nashorn.jar:?]
	at jdk.nashorn.internal.parser.Parser.sourceElements(Parser.java:773) ~[nashorn.jar:?]
	at jdk.nashorn.internal.parser.Parser.program(Parser.java:709) ~[nashorn.jar:?]
	at jdk.nashorn.internal.parser.Parser.parse(Parser.java:283) ~[nashorn.jar:?]
	at jdk.nashorn.internal.parser.Parser.parse(Parser.java:249) ~[nashorn.jar:?]
	at jdk.nashorn.internal.runtime.Context.compile(Context.java:1284) ~[nashorn.jar:?]
	at jdk.nashorn.internal.runtime.Context.compileScript(Context.java:1251) ~[nashorn.jar:?]
	at jdk.nashorn.internal.runtime.Context.compileScript(Context.java:627) ~[nashorn.jar:?]
	at jdk.nashorn.api.scripting.NashornScriptEngine.compileImpl(NashornScriptEngine.java:535) ~[nashorn.jar:?]
	... 17 more
2018-05-07 11:16:34,542 INFO o.a.j.t.JMeterThread: Thread started: run stored 2-5
2018-05-07 11:16:35,026 ERROR o.a.j.f.JavaScript: Error processing Javascript: [("${status}" != "completed") && (${counter}<50)]

javax.script.ScriptException: <eval>:1:34 Expected ) but found {
("${status}" != "completed") && (${counter}<50)
                                  ^ in <eval> at line number 1 at column number 34
	at jdk.nashorn.api.scripting.NashornScriptEngine.throwAsScriptException(NashornScriptEngine.java:470) ~[nashorn.jar:?]
	at jdk.nashorn.api.scripting.NashornScriptEngine.compileImpl(NashornScriptEngine.java:537) ~[nashorn.jar:?]
	at jdk.nashorn.api.scripting.NashornScriptEngine.compileImpl(NashornScriptEngine.java:524) ~[nashorn.jar:?]
	at jdk.nashorn.api.scripting.NashornScriptEngine.evalImpl(NashornScriptEngine.java:402) ~[nashorn.jar:?]
	at jdk.nashorn.api.scripting.NashornScriptEngine.eval(NashornScriptEngine.java:155) ~[nashorn.jar:?]
	at org.apache.jmeter.functions.JavaScript.executeWithNashorn(JavaScript.java:142) [ApacheJMeter_functions.jar:3.3 r1808647]
	at org.apache.jmeter.functions.JavaScript.execute(JavaScript.java:103) [ApacheJMeter_functions.jar:3.3 r1808647]
	at org.apache.jmeter.engine.util.CompoundVariable.execute(CompoundVariable.java:137) [ApacheJMeter_core.jar:3.3 r1808647]
	at org.apache.jmeter.engine.util.CompoundVariable.execute(CompoundVariable.java:112) [ApacheJMeter_core.jar:3.3 r1808647]
	at org.apache.jmeter.testelement.property.FunctionProperty.getStringValue(FunctionProperty.java:101) [ApacheJMeter_core.jar:3.3 r1808647]
	at org.apache.jmeter.control.WhileController.getCondition(WhileController.java:124) [ApacheJMeter_core.jar:3.3 r1808647]
	at org.apache.jmeter.control.WhileController.endOfLoop(WhileController.java:56) [ApacheJMeter_core.jar:3.3 r1808647]
	at org.apache.jmeter.control.WhileController.next(WhileController.java:102) [ApacheJMeter_core.jar:3.3 r1808647]
	at org.apache.jmeter.control.GenericController.nextIsAController(GenericController.java:219) [ApacheJMeter_core.jar:3.3 r1808647]
	at org.apache.jmeter.control.GenericController.next(GenericController.java:173) [ApacheJMeter_core.jar:3.3 r1808647]
	at org.apache.jmeter.control.LoopController.next(LoopController.java:123) [ApacheJMeter_core.jar:3.3 r1808647]
	at org.apache.jmeter.threads.AbstractThreadGroup.next(AbstractThreadGroup.java:87) [ApacheJMeter_core.jar:3.3 r1808647]
	at org.apache.jmeter.threads.JMeterThread.run(JMeterThread.java:275) [ApacheJMeter_core.jar:3.3 r1808647]
	at java.lang.Thread.run(Thread.java:748) [?:1.8.0_162]
Caused by: jdk.nashorn.internal.runtime.ParserException: <eval>:1:34 Expected ) but found {
("${status}" != "completed") && (${counter}<50)
                                  ^
	at jdk.nashorn.internal.parser.AbstractParser.error(AbstractParser.java:294) ~[nashorn.jar:?]
	at jdk.nashorn.internal.parser.AbstractParser.error(AbstractParser.java:279) ~[nashorn.jar:?]
	at jdk.nashorn.internal.parser.AbstractParser.expectDontAdvance(AbstractParser.java:350) ~[nashorn.jar:?]
	at jdk.nashorn.internal.parser.AbstractParser.expect(AbstractParser.java:337) ~[nashorn.jar:?]
	at jdk.nashorn.internal.parser.Parser.primaryExpression(Parser.java:1994) ~[nashorn.jar:?]
	at jdk.nashorn.internal.parser.Parser.memberExpression(Parser.java:2511) ~[nashorn.jar:?]
	at jdk.nashorn.internal.parser.Parser.leftHandSideExpression(Parser.java:2372) ~[nashorn.jar:?]
	at jdk.nashorn.internal.parser.Parser.unaryExpression(Parser.java:3147) ~[nashorn.jar:?]
	at jdk.nashorn.internal.parser.Parser.expression(Parser.java:3325) ~[nashorn.jar:?]
	at jdk.nashorn.internal.parser.Parser.expression(Parser.java:3282) ~[nashorn.jar:?]
	at jdk.nashorn.internal.parser.Parser.expressionStatement(Parser.java:1150) ~[nashorn.jar:?]
	at jdk.nashorn.internal.parser.Parser.statement(Parser.java:967) ~[nashorn.jar:?]
	at jdk.nashorn.internal.parser.Parser.sourceElements(Parser.java:773) ~[nashorn.jar:?]
	at jdk.nashorn.internal.parser.Parser.program(Parser.java:709) ~[nashorn.jar:?]
	at jdk.nashorn.internal.parser.Parser.parse(Parser.java:283) ~[nashorn.jar:?]
	at jdk.nashorn.internal.parser.Parser.parse(Parser.java:249) ~[nashorn.jar:?]
	at jdk.nashorn.internal.runtime.Context.compile(Context.java:1284) ~[nashorn.jar:?]
	at jdk.nashorn.internal.runtime.Context.compileScript(Context.java:1251) ~[nashorn.jar:?]
	at jdk.nashorn.internal.runtime.Context.compileScript(Context.java:627) ~[nashorn.jar:?]
	at jdk.nashorn.api.scripting.NashornScriptEngine.compileImpl(NashornScriptEngine.java:535) ~[nashorn.jar:?]
	... 17 more
2018-05-07 11:16:35,060 INFO o.a.j.t.JMeterThread: Thread started: run stored 2-6
2018-05-07 11:16:35,496 ERROR o.a.j.f.JavaScript: Error processing Javascript: [("${status}" != "completed") && (${counter}<50)]

javax.script.ScriptException: <eval>:1:34 Expected ) but found {
("${status}" != "completed") && (${counter}<50)
                                  ^ in <eval> at line number 1 at column number 34
	at jdk.nashorn.api.scripting.NashornScriptEngine.throwAsScriptException(NashornScriptEngine.java:470) ~[nashorn.jar:?]
	at jdk.nashorn.api.scripting.NashornScriptEngine.compileImpl(NashornScriptEngine.java:537) ~[nashorn.jar:?]
	at jdk.nashorn.api.scripting.NashornScriptEngine.compileImpl(NashornScriptEngine.java:524) ~[nashorn.jar:?]
	at jdk.nashorn.api.scripting.NashornScriptEngine.evalImpl(NashornScriptEngine.java:402) ~[nashorn.jar:?]
	at jdk.nashorn.api.scripting.NashornScriptEngine.eval(NashornScriptEngine.java:155) ~[nashorn.jar:?]
	at org.apache.jmeter.functions.JavaScript.executeWithNashorn(JavaScript.java:142) [ApacheJMeter_functions.jar:3.3 r1808647]
	at org.apache.jmeter.functions.JavaScript.execute(JavaScript.java:103) [ApacheJMeter_functions.jar:3.3 r1808647]
	at org.apache.jmeter.engine.util.CompoundVariable.execute(CompoundVariable.java:137) [ApacheJMeter_core.jar:3.3 r1808647]
	at org.apache.jmeter.engine.util.CompoundVariable.execute(CompoundVariable.java:112) [ApacheJMeter_core.jar:3.3 r1808647]
	at org.apache.jmeter.testelement.property.FunctionProperty.getStringValue(FunctionProperty.java:101) [ApacheJMeter_core.jar:3.3 r1808647]
	at org.apache.jmeter.control.WhileController.getCondition(WhileController.java:124) [ApacheJMeter_core.jar:3.3 r1808647]
	at org.apache.jmeter.control.WhileController.endOfLoop(WhileController.java:56) [ApacheJMeter_core.jar:3.3 r1808647]
	at org.apache.jmeter.control.WhileController.next(WhileController.java:102) [ApacheJMeter_core.jar:3.3 r1808647]
	at org.apache.jmeter.control.GenericController.nextIsAController(GenericController.java:219) [ApacheJMeter_core.jar:3.3 r1808647]
	at org.apache.jmeter.control.GenericController.next(GenericController.java:173) [ApacheJMeter_core.jar:3.3 r1808647]
	at org.apache.jmeter.control.LoopController.next(LoopController.java:123) [ApacheJMeter_core.jar:3.3 r1808647]
	at org.apache.jmeter.threads.AbstractThreadGroup.next(AbstractThreadGroup.java:87) [ApacheJMeter_core.jar:3.3 r1808647]
	at org.apache.jmeter.threads.JMeterThread.run(JMeterThread.java:275) [ApacheJMeter_core.jar:3.3 r1808647]
	at java.lang.Thread.run(Thread.java:748) [?:1.8.0_162]
Caused by: jdk.nashorn.internal.runtime.ParserException: <eval>:1:34 Expected ) but found {
("${status}" != "completed") && (${counter}<50)
                                  ^
	at jdk.nashorn.internal.parser.AbstractParser.error(AbstractParser.java:294) ~[nashorn.jar:?]
	at jdk.nashorn.internal.parser.AbstractParser.error(AbstractParser.java:279) ~[nashorn.jar:?]
	at jdk.nashorn.internal.parser.AbstractParser.expectDontAdvance(AbstractParser.java:350) ~[nashorn.jar:?]
	at jdk.nashorn.internal.parser.AbstractParser.expect(AbstractParser.java:337) ~[nashorn.jar:?]
	at jdk.nashorn.internal.parser.Parser.primaryExpression(Parser.java:1994) ~[nashorn.jar:?]
	at jdk.nashorn.internal.parser.Parser.memberExpression(Parser.java:2511) ~[nashorn.jar:?]
	at jdk.nashorn.internal.parser.Parser.leftHandSideExpression(Parser.java:2372) ~[nashorn.jar:?]
	at jdk.nashorn.internal.parser.Parser.unaryExpression(Parser.java:3147) ~[nashorn.jar:?]
	at jdk.nashorn.internal.parser.Parser.expression(Parser.java:3325) ~[nashorn.jar:?]
	at jdk.nashorn.internal.parser.Parser.expression(Parser.java:3282) ~[nashorn.jar:?]
	at jdk.nashorn.internal.parser.Parser.expressionStatement(Parser.java:1150) ~[nashorn.jar:?]
	at jdk.nashorn.internal.parser.Parser.statement(Parser.java:967) ~[nashorn.jar:?]
	at jdk.nashorn.internal.parser.Parser.sourceElements(Parser.java:773) ~[nashorn.jar:?]
	at jdk.nashorn.internal.parser.Parser.program(Parser.java:709) ~[nashorn.jar:?]
	at jdk.nashorn.internal.parser.Parser.parse(Parser.java:283) ~[nashorn.jar:?]
	at jdk.nashorn.internal.parser.Parser.parse(Parser.java:249) ~[nashorn.jar:?]
	at jdk.nashorn.internal.runtime.Context.compile(Context.java:1284) ~[nashorn.jar:?]
	at jdk.nashorn.internal.runtime.Context.compileScript(Context.java:1251) ~[nashorn.jar:?]
	at jdk.nashorn.internal.runtime.Context.compileScript(Context.java:627) ~[nashorn.jar:?]
	at jdk.nashorn.api.scripting.NashornScriptEngine.compileImpl(NashornScriptEngine.java:535) ~[nashorn.jar:?]
	... 17 more
2018-05-07 11:16:35,580 INFO o.a.j.t.JMeterThread: Thread started: run stored 2-7
2018-05-07 11:16:36,050 ERROR o.a.j.f.JavaScript: Error processing Javascript: [("${status}" != "completed") && (${counter}<50)]

javax.script.ScriptException: <eval>:1:34 Expected ) but found {
("${status}" != "completed") && (${counter}<50)
                                  ^ in <eval> at line number 1 at column number 34
	at jdk.nashorn.api.scripting.NashornScriptEngine.throwAsScriptException(NashornScriptEngine.java:470) ~[nashorn.jar:?]
	at jdk.nashorn.api.scripting.NashornScriptEngine.compileImpl(NashornScriptEngine.java:537) ~[nashorn.jar:?]
	at jdk.nashorn.api.scripting.NashornScriptEngine.compileImpl(NashornScriptEngine.java:524) ~[nashorn.jar:?]
	at jdk.nashorn.api.scripting.NashornScriptEngine.evalImpl(NashornScriptEngine.java:402) ~[nashorn.jar:?]
	at jdk.nashorn.api.scripting.NashornScriptEngine.eval(NashornScriptEngine.java:155) ~[nashorn.jar:?]
	at org.apache.jmeter.functions.JavaScript.executeWithNashorn(JavaScript.java:142) [ApacheJMeter_functions.jar:3.3 r1808647]
	at org.apache.jmeter.functions.JavaScript.execute(JavaScript.java:103) [ApacheJMeter_functions.jar:3.3 r1808647]
	at org.apache.jmeter.engine.util.CompoundVariable.execute(CompoundVariable.java:137) [ApacheJMeter_core.jar:3.3 r1808647]
	at org.apache.jmeter.engine.util.CompoundVariable.execute(CompoundVariable.java:112) [ApacheJMeter_core.jar:3.3 r1808647]
	at org.apache.jmeter.testelement.property.FunctionProperty.getStringValue(FunctionProperty.java:101) [ApacheJMeter_core.jar:3.3 r1808647]
	at org.apache.jmeter.control.WhileController.getCondition(WhileController.java:124) [ApacheJMeter_core.jar:3.3 r1808647]
	at org.apache.jmeter.control.WhileController.endOfLoop(WhileController.java:56) [ApacheJMeter_core.jar:3.3 r1808647]
	at org.apache.jmeter.control.WhileController.next(WhileController.java:102) [ApacheJMeter_core.jar:3.3 r1808647]
	at org.apache.jmeter.control.GenericController.nextIsAController(GenericController.java:219) [ApacheJMeter_core.jar:3.3 r1808647]
	at org.apache.jmeter.control.GenericController.next(GenericController.java:173) [ApacheJMeter_core.jar:3.3 r1808647]
	at org.apache.jmeter.control.LoopController.next(LoopController.java:123) [ApacheJMeter_core.jar:3.3 r1808647]
	at org.apache.jmeter.threads.AbstractThreadGroup.next(AbstractThreadGroup.java:87) [ApacheJMeter_core.jar:3.3 r1808647]
	at org.apache.jmeter.threads.JMeterThread.run(JMeterThread.java:275) [ApacheJMeter_core.jar:3.3 r1808647]
	at java.lang.Thread.run(Thread.java:748) [?:1.8.0_162]
Caused by: jdk.nashorn.internal.runtime.ParserException: <eval>:1:34 Expected ) but found {
("${status}" != "completed") && (${counter}<50)
                                  ^
	at jdk.nashorn.internal.parser.AbstractParser.error(AbstractParser.java:294) ~[nashorn.jar:?]
	at jdk.nashorn.internal.parser.AbstractParser.error(AbstractParser.java:279) ~[nashorn.jar:?]
	at jdk.nashorn.internal.parser.AbstractParser.expectDontAdvance(AbstractParser.java:350) ~[nashorn.jar:?]
	at jdk.nashorn.internal.parser.AbstractParser.expect(AbstractParser.java:337) ~[nashorn.jar:?]
	at jdk.nashorn.internal.parser.Parser.primaryExpression(Parser.java:1994) ~[nashorn.jar:?]
	at jdk.nashorn.internal.parser.Parser.memberExpression(Parser.java:2511) ~[nashorn.jar:?]
	at jdk.nashorn.internal.parser.Parser.leftHandSideExpression(Parser.java:2372) ~[nashorn.jar:?]
	at jdk.nashorn.internal.parser.Parser.unaryExpression(Parser.java:3147) ~[nashorn.jar:?]
	at jdk.nashorn.internal.parser.Parser.expression(Parser.java:3325) ~[nashorn.jar:?]
	at jdk.nashorn.internal.parser.Parser.expression(Parser.java:3282) ~[nashorn.jar:?]
	at jdk.nashorn.internal.parser.Parser.expressionStatement(Parser.java:1150) ~[nashorn.jar:?]
	at jdk.nashorn.internal.parser.Parser.statement(Parser.java:967) ~[nashorn.jar:?]
	at jdk.nashorn.internal.parser.Parser.sourceElements(Parser.java:773) ~[nashorn.jar:?]
	at jdk.nashorn.internal.parser.Parser.program(Parser.java:709) ~[nashorn.jar:?]
	at jdk.nashorn.internal.parser.Parser.parse(Parser.java:283) ~[nashorn.jar:?]
	at jdk.nashorn.internal.parser.Parser.parse(Parser.java:249) ~[nashorn.jar:?]
	at jdk.nashorn.internal.runtime.Context.compile(Context.java:1284) ~[nashorn.jar:?]
	at jdk.nashorn.internal.runtime.Context.compileScript(Context.java:1251) ~[nashorn.jar:?]
	at jdk.nashorn.internal.runtime.Context.compileScript(Context.java:627) ~[nashorn.jar:?]
	at jdk.nashorn.api.scripting.NashornScriptEngine.compileImpl(NashornScriptEngine.java:535) ~[nashorn.jar:?]
	... 17 more
2018-05-07 11:16:36,098 INFO o.a.j.t.JMeterThread: Thread started: run stored 2-8
2018-05-07 11:16:36,542 ERROR o.a.j.f.JavaScript: Error processing Javascript: [("${status}" != "completed") && (${counter}<50)]

javax.script.ScriptException: <eval>:1:34 Expected ) but found {
("${status}" != "completed") && (${counter}<50)
                                  ^ in <eval> at line number 1 at column number 34
	at jdk.nashorn.api.scripting.NashornScriptEngine.throwAsScriptException(NashornScriptEngine.java:470) ~[nashorn.jar:?]
	at jdk.nashorn.api.scripting.NashornScriptEngine.compileImpl(NashornScriptEngine.java:537) ~[nashorn.jar:?]
	at jdk.nashorn.api.scripting.NashornScriptEngine.compileImpl(NashornScriptEngine.java:524) ~[nashorn.jar:?]
	at jdk.nashorn.api.scripting.NashornScriptEngine.evalImpl(NashornScriptEngine.java:402) ~[nashorn.jar:?]
	at jdk.nashorn.api.scripting.NashornScriptEngine.eval(NashornScriptEngine.java:155) ~[nashorn.jar:?]
	at org.apache.jmeter.functions.JavaScript.executeWithNashorn(JavaScript.java:142) [ApacheJMeter_functions.jar:3.3 r1808647]
	at org.apache.jmeter.functions.JavaScript.execute(JavaScript.java:103) [ApacheJMeter_functions.jar:3.3 r1808647]
	at org.apache.jmeter.engine.util.CompoundVariable.execute(CompoundVariable.java:137) [ApacheJMeter_core.jar:3.3 r1808647]
	at org.apache.jmeter.engine.util.CompoundVariable.execute(CompoundVariable.java:112) [ApacheJMeter_core.jar:3.3 r1808647]
	at org.apache.jmeter.testelement.property.FunctionProperty.getStringValue(FunctionProperty.java:101) [ApacheJMeter_core.jar:3.3 r1808647]
	at org.apache.jmeter.control.WhileController.getCondition(WhileController.java:124) [ApacheJMeter_core.jar:3.3 r1808647]
	at org.apache.jmeter.control.WhileController.endOfLoop(WhileController.java:56) [ApacheJMeter_core.jar:3.3 r1808647]
	at org.apache.jmeter.control.WhileController.next(WhileController.java:102) [ApacheJMeter_core.jar:3.3 r1808647]
	at org.apache.jmeter.control.GenericController.nextIsAController(GenericController.java:219) [ApacheJMeter_core.jar:3.3 r1808647]
	at org.apache.jmeter.control.GenericController.next(GenericController.java:173) [ApacheJMeter_core.jar:3.3 r1808647]
	at org.apache.jmeter.control.LoopController.next(LoopController.java:123) [ApacheJMeter_core.jar:3.3 r1808647]
	at org.apache.jmeter.threads.AbstractThreadGroup.next(AbstractThreadGroup.java:87) [ApacheJMeter_core.jar:3.3 r1808647]
	at org.apache.jmeter.threads.JMeterThread.run(JMeterThread.java:275) [ApacheJMeter_core.jar:3.3 r1808647]
	at java.lang.Thread.run(Thread.java:748) [?:1.8.0_162]
Caused by: jdk.nashorn.internal.runtime.ParserException: <eval>:1:34 Expected ) but found {
("${status}" != "completed") && (${counter}<50)
                                  ^
	at jdk.nashorn.internal.parser.AbstractParser.error(AbstractParser.java:294) ~[nashorn.jar:?]
	at jdk.nashorn.internal.parser.AbstractParser.error(AbstractParser.java:279) ~[nashorn.jar:?]
	at jdk.nashorn.internal.parser.AbstractParser.expectDontAdvance(AbstractParser.java:350) ~[nashorn.jar:?]
	at jdk.nashorn.internal.parser.AbstractParser.expect(AbstractParser.java:337) ~[nashorn.jar:?]
	at jdk.nashorn.internal.parser.Parser.primaryExpression(Parser.java:1994) ~[nashorn.jar:?]
	at jdk.nashorn.internal.parser.Parser.memberExpression(Parser.java:2511) ~[nashorn.jar:?]
	at jdk.nashorn.internal.parser.Parser.leftHandSideExpression(Parser.java:2372) ~[nashorn.jar:?]
	at jdk.nashorn.internal.parser.Parser.unaryExpression(Parser.java:3147) ~[nashorn.jar:?]
	at jdk.nashorn.internal.parser.Parser.expression(Parser.java:3325) ~[nashorn.jar:?]
	at jdk.nashorn.internal.parser.Parser.expression(Parser.java:3282) ~[nashorn.jar:?]
	at jdk.nashorn.internal.parser.Parser.expressionStatement(Parser.java:1150) ~[nashorn.jar:?]
	at jdk.nashorn.internal.parser.Parser.statement(Parser.java:967) ~[nashorn.jar:?]
	at jdk.nashorn.internal.parser.Parser.sourceElements(Parser.java:773) ~[nashorn.jar:?]
	at jdk.nashorn.internal.parser.Parser.program(Parser.java:709) ~[nashorn.jar:?]
	at jdk.nashorn.internal.parser.Parser.parse(Parser.java:283) ~[nashorn.jar:?]
	at jdk.nashorn.internal.parser.Parser.parse(Parser.java:249) ~[nashorn.jar:?]
	at jdk.nashorn.internal.runtime.Context.compile(Context.java:1284) ~[nashorn.jar:?]
	at jdk.nashorn.internal.runtime.Context.compileScript(Context.java:1251) ~[nashorn.jar:?]
	at jdk.nashorn.internal.runtime.Context.compileScript(Context.java:627) ~[nashorn.jar:?]
	at jdk.nashorn.api.scripting.NashornScriptEngine.compileImpl(NashornScriptEngine.java:535) ~[nashorn.jar:?]
	... 17 more
2018-05-07 11:16:36,623 INFO o.a.j.t.JMeterThread: Thread started: run stored 2-9
2018-05-07 11:16:37,059 ERROR o.a.j.f.JavaScript: Error processing Javascript: [("${status}" != "completed") && (${counter}<50)]

javax.script.ScriptException: <eval>:1:34 Expected ) but found {
("${status}" != "completed") && (${counter}<50)
                                  ^ in <eval> at line number 1 at column number 34
	at jdk.nashorn.api.scripting.NashornScriptEngine.throwAsScriptException(NashornScriptEngine.java:470) ~[nashorn.jar:?]
	at jdk.nashorn.api.scripting.NashornScriptEngine.compileImpl(NashornScriptEngine.java:537) ~[nashorn.jar:?]
	at jdk.nashorn.api.scripting.NashornScriptEngine.compileImpl(NashornScriptEngine.java:524) ~[nashorn.jar:?]
	at jdk.nashorn.api.scripting.NashornScriptEngine.evalImpl(NashornScriptEngine.java:402) ~[nashorn.jar:?]
	at jdk.nashorn.api.scripting.NashornScriptEngine.eval(NashornScriptEngine.java:155) ~[nashorn.jar:?]
	at org.apache.jmeter.functions.JavaScript.executeWithNashorn(JavaScript.java:142) [ApacheJMeter_functions.jar:3.3 r1808647]
	at org.apache.jmeter.functions.JavaScript.execute(JavaScript.java:103) [ApacheJMeter_functions.jar:3.3 r1808647]
	at org.apache.jmeter.engine.util.CompoundVariable.execute(CompoundVariable.java:137) [ApacheJMeter_core.jar:3.3 r1808647]
	at org.apache.jmeter.engine.util.CompoundVariable.execute(CompoundVariable.java:112) [ApacheJMeter_core.jar:3.3 r1808647]
	at org.apache.jmeter.testelement.property.FunctionProperty.getStringValue(FunctionProperty.java:101) [ApacheJMeter_core.jar:3.3 r1808647]
	at org.apache.jmeter.control.WhileController.getCondition(WhileController.java:124) [ApacheJMeter_core.jar:3.3 r1808647]
	at org.apache.jmeter.control.WhileController.endOfLoop(WhileController.java:56) [ApacheJMeter_core.jar:3.3 r1808647]
	at org.apache.jmeter.control.WhileController.next(WhileController.java:102) [ApacheJMeter_core.jar:3.3 r1808647]
	at org.apache.jmeter.control.GenericController.nextIsAController(GenericController.java:219) [ApacheJMeter_core.jar:3.3 r1808647]
	at org.apache.jmeter.control.GenericController.next(GenericController.java:173) [ApacheJMeter_core.jar:3.3 r1808647]
	at org.apache.jmeter.control.LoopController.next(LoopController.java:123) [ApacheJMeter_core.jar:3.3 r1808647]
	at org.apache.jmeter.threads.AbstractThreadGroup.next(AbstractThreadGroup.java:87) [ApacheJMeter_core.jar:3.3 r1808647]
	at org.apache.jmeter.threads.JMeterThread.run(JMeterThread.java:275) [ApacheJMeter_core.jar:3.3 r1808647]
	at java.lang.Thread.run(Thread.java:748) [?:1.8.0_162]
Caused by: jdk.nashorn.internal.runtime.ParserException: <eval>:1:34 Expected ) but found {
("${status}" != "completed") && (${counter}<50)
                                  ^
	at jdk.nashorn.internal.parser.AbstractParser.error(AbstractParser.java:294) ~[nashorn.jar:?]
	at jdk.nashorn.internal.parser.AbstractParser.error(AbstractParser.java:279) ~[nashorn.jar:?]
	at jdk.nashorn.internal.parser.AbstractParser.expectDontAdvance(AbstractParser.java:350) ~[nashorn.jar:?]
	at jdk.nashorn.internal.parser.AbstractParser.expect(AbstractParser.java:337) ~[nashorn.jar:?]
	at jdk.nashorn.internal.parser.Parser.primaryExpression(Parser.java:1994) ~[nashorn.jar:?]
	at jdk.nashorn.internal.parser.Parser.memberExpression(Parser.java:2511) ~[nashorn.jar:?]
	at jdk.nashorn.internal.parser.Parser.leftHandSideExpression(Parser.java:2372) ~[nashorn.jar:?]
	at jdk.nashorn.internal.parser.Parser.unaryExpression(Parser.java:3147) ~[nashorn.jar:?]
	at jdk.nashorn.internal.parser.Parser.expression(Parser.java:3325) ~[nashorn.jar:?]
	at jdk.nashorn.internal.parser.Parser.expression(Parser.java:3282) ~[nashorn.jar:?]
	at jdk.nashorn.internal.parser.Parser.expressionStatement(Parser.java:1150) ~[nashorn.jar:?]
	at jdk.nashorn.internal.parser.Parser.statement(Parser.java:967) ~[nashorn.jar:?]
	at jdk.nashorn.internal.parser.Parser.sourceElements(Parser.java:773) ~[nashorn.jar:?]
	at jdk.nashorn.internal.parser.Parser.program(Parser.java:709) ~[nashorn.jar:?]
	at jdk.nashorn.internal.parser.Parser.parse(Parser.java:283) ~[nashorn.jar:?]
	at jdk.nashorn.internal.parser.Parser.parse(Parser.java:249) ~[nashorn.jar:?]
	at jdk.nashorn.internal.runtime.Context.compile(Context.java:1284) ~[nashorn.jar:?]
	at jdk.nashorn.internal.runtime.Context.compileScript(Context.java:1251) ~[nashorn.jar:?]
	at jdk.nashorn.internal.runtime.Context.compileScript(Context.java:627) ~[nashorn.jar:?]
	at jdk.nashorn.api.scripting.NashornScriptEngine.compileImpl(NashornScriptEngine.java:535) ~[nashorn.jar:?]
	... 17 more
2018-05-07 11:16:37,148 INFO o.a.j.t.JMeterThread: Thread started: run stored 2-10
2018-05-07 11:16:37,600 ERROR o.a.j.f.JavaScript: Error processing Javascript: [("${status}" != "completed") && (${counter}<50)]

javax.script.ScriptException: <eval>:1:34 Expected ) but found {
("${status}" != "completed") && (${counter}<50)
                                  ^ in <eval> at line number 1 at column number 34
	at jdk.nashorn.api.scripting.NashornScriptEngine.throwAsScriptException(NashornScriptEngine.java:470) ~[nashorn.jar:?]
	at jdk.nashorn.api.scripting.NashornScriptEngine.compileImpl(NashornScriptEngine.java:537) ~[nashorn.jar:?]
	at jdk.nashorn.api.scripting.NashornScriptEngine.compileImpl(NashornScriptEngine.java:524) ~[nashorn.jar:?]
	at jdk.nashorn.api.scripting.NashornScriptEngine.evalImpl(NashornScriptEngine.java:402) ~[nashorn.jar:?]
	at jdk.nashorn.api.scripting.NashornScriptEngine.eval(NashornScriptEngine.java:155) ~[nashorn.jar:?]
	at org.apache.jmeter.functions.JavaScript.executeWithNashorn(JavaScript.java:142) [ApacheJMeter_functions.jar:3.3 r1808647]
	at org.apache.jmeter.functions.JavaScript.execute(JavaScript.java:103) [ApacheJMeter_functions.jar:3.3 r1808647]
	at org.apache.jmeter.engine.util.CompoundVariable.execute(CompoundVariable.java:137) [ApacheJMeter_core.jar:3.3 r1808647]
	at org.apache.jmeter.engine.util.CompoundVariable.execute(CompoundVariable.java:112) [ApacheJMeter_core.jar:3.3 r1808647]
	at org.apache.jmeter.testelement.property.FunctionProperty.getStringValue(FunctionProperty.java:101) [ApacheJMeter_core.jar:3.3 r1808647]
	at org.apache.jmeter.control.WhileController.getCondition(WhileController.java:124) [ApacheJMeter_core.jar:3.3 r1808647]
	at org.apache.jmeter.control.WhileController.endOfLoop(WhileController.java:56) [ApacheJMeter_core.jar:3.3 r1808647]
	at org.apache.jmeter.control.WhileController.next(WhileController.java:102) [ApacheJMeter_core.jar:3.3 r1808647]
	at org.apache.jmeter.control.GenericController.nextIsAController(GenericController.java:219) [ApacheJMeter_core.jar:3.3 r1808647]
	at org.apache.jmeter.control.GenericController.next(GenericController.java:173) [ApacheJMeter_core.jar:3.3 r1808647]
	at org.apache.jmeter.control.LoopController.next(LoopController.java:123) [ApacheJMeter_core.jar:3.3 r1808647]
	at org.apache.jmeter.threads.AbstractThreadGroup.next(AbstractThreadGroup.java:87) [ApacheJMeter_core.jar:3.3 r1808647]
	at org.apache.jmeter.threads.JMeterThread.run(JMeterThread.java:275) [ApacheJMeter_core.jar:3.3 r1808647]
	at java.lang.Thread.run(Thread.java:748) [?:1.8.0_162]
Caused by: jdk.nashorn.internal.runtime.ParserException: <eval>:1:34 Expected ) but found {
("${status}" != "completed") && (${counter}<50)
                                  ^
	at jdk.nashorn.internal.parser.AbstractParser.error(AbstractParser.java:294) ~[nashorn.jar:?]
	at jdk.nashorn.internal.parser.AbstractParser.error(AbstractParser.java:279) ~[nashorn.jar:?]
	at jdk.nashorn.internal.parser.AbstractParser.expectDontAdvance(AbstractParser.java:350) ~[nashorn.jar:?]
	at jdk.nashorn.internal.parser.AbstractParser.expect(AbstractParser.java:337) ~[nashorn.jar:?]
	at jdk.nashorn.internal.parser.Parser.primaryExpression(Parser.java:1994) ~[nashorn.jar:?]
	at jdk.nashorn.internal.parser.Parser.memberExpression(Parser.java:2511) ~[nashorn.jar:?]
	at jdk.nashorn.internal.parser.Parser.leftHandSideExpression(Parser.java:2372) ~[nashorn.jar:?]
	at jdk.nashorn.internal.parser.Parser.unaryExpression(Parser.java:3147) ~[nashorn.jar:?]
	at jdk.nashorn.internal.parser.Parser.expression(Parser.java:3325) ~[nashorn.jar:?]
	at jdk.nashorn.internal.parser.Parser.expression(Parser.java:3282) ~[nashorn.jar:?]
	at jdk.nashorn.internal.parser.Parser.expressionStatement(Parser.java:1150) ~[nashorn.jar:?]
	at jdk.nashorn.internal.parser.Parser.statement(Parser.java:967) ~[nashorn.jar:?]
	at jdk.nashorn.internal.parser.Parser.sourceElements(Parser.java:773) ~[nashorn.jar:?]
	at jdk.nashorn.internal.parser.Parser.program(Parser.java:709) ~[nashorn.jar:?]
	at jdk.nashorn.internal.parser.Parser.parse(Parser.java:283) ~[nashorn.jar:?]
	at jdk.nashorn.internal.parser.Parser.parse(Parser.java:249) ~[nashorn.jar:?]
	at jdk.nashorn.internal.runtime.Context.compile(Context.java:1284) ~[nashorn.jar:?]
	at jdk.nashorn.internal.runtime.Context.compileScript(Context.java:1251) ~[nashorn.jar:?]
	at jdk.nashorn.internal.runtime.Context.compileScript(Context.java:627) ~[nashorn.jar:?]
	at jdk.nashorn.api.scripting.NashornScriptEngine.compileImpl(NashornScriptEngine.java:535) ~[nashorn.jar:?]
	... 17 more
2018-05-07 11:16:38,307 WARN o.a.j.t.JSR223Timer: Script did not return a value
2018-05-07 11:16:38,447 WARN o.a.j.t.JSR223Timer: Script did not return a value
2018-05-07 11:16:38,980 WARN o.a.j.t.JSR223Timer: Script did not return a value
2018-05-07 11:16:39,537 WARN o.a.j.t.JSR223Timer: Script did not return a value
2018-05-07 11:16:40,043 WARN o.a.j.t.JSR223Timer: Script did not return a value
2018-05-07 11:16:40,519 WARN o.a.j.t.JSR223Timer: Script did not return a value
2018-05-07 11:16:41,080 WARN o.a.j.t.JSR223Timer: Script did not return a value
2018-05-07 11:16:41,578 WARN o.a.j.t.JSR223Timer: Script did not return a value
2018-05-07 11:16:42,074 WARN o.a.j.t.JSR223Timer: Script did not return a value
2018-05-07 11:16:42,632 WARN o.a.j.t.JSR223Timer: Script did not return a value
2018-05-07 11:16:43,757 WARN o.a.j.t.JSR223Timer: Script did not return a value
2018-05-07 11:16:43,889 WARN o.a.j.t.JSR223Timer: Script did not return a value
2018-05-07 11:16:44,424 WARN o.a.j.t.JSR223Timer: Script did not return a value
2018-05-07 11:16:44,976 WARN o.a.j.t.JSR223Timer: Script did not return a value
2018-05-07 11:16:45,481 WARN o.a.j.t.JSR223Timer: Script did not return a value
2018-05-07 11:16:45,951 WARN o.a.j.t.JSR223Timer: Script did not return a value
2018-05-07 11:16:46,492 WARN o.a.j.t.JSR223Timer: Script did not return a value
2018-05-07 11:16:47,015 WARN o.a.j.t.JSR223Timer: Script did not return a value
2018-05-07 11:16:47,506 WARN o.a.j.t.JSR223Timer: Script did not return a value
2018-05-07 11:16:48,065 WARN o.a.j.t.JSR223Timer: Script did not return a value
2018-05-07 11:16:49,194 WARN o.a.j.t.JSR223Timer: Script did not return a value
2018-05-07 11:16:49,292 WARN o.a.j.t.JSR223Timer: Script did not return a value
2018-05-07 11:16:49,841 WARN o.a.j.t.JSR223Timer: Script did not return a value
2018-05-07 11:16:50,471 WARN o.a.j.t.JSR223Timer: Script did not return a value
2018-05-07 11:16:50,905 WARN o.a.j.t.JSR223Timer: Script did not return a value
2018-05-07 11:16:51,372 WARN o.a.j.t.JSR223Timer: Script did not return a value
2018-05-07 11:16:51,965 WARN o.a.j.t.JSR223Timer: Script did not return a value
2018-05-07 11:16:52,445 WARN o.a.j.t.JSR223Timer: Script did not return a value
2018-05-07 11:16:52,941 WARN o.a.j.t.JSR223Timer: Script did not return a value
2018-05-07 11:16:53,491 WARN o.a.j.t.JSR223Timer: Script did not return a value
2018-05-07 11:16:54,523 WARN o.a.j.t.JSR223Timer: Script did not return a value
2018-05-07 11:16:54,595 WARN o.a.j.t.JSR223Timer: Script did not return a value
2018-05-07 11:16:55,258 WARN o.a.j.t.JSR223Timer: Script did not return a value
2018-05-07 11:16:55,895 WARN o.a.j.t.JSR223Timer: Script did not return a value
2018-05-07 11:16:56,340 WARN o.a.j.t.JSR223Timer: Script did not return a value
2018-05-07 11:16:56,617 WARN o.a.j.t.JSR223Timer: Script did not return a value
2018-05-07 11:16:57,400 WARN o.a.j.t.JSR223Timer: Script did not return a value
2018-05-07 11:16:57,859 WARN o.a.j.t.JSR223Timer: Script did not return a value
2018-05-07 11:16:58,191 WARN o.a.j.t.JSR223Timer: Script did not return a value
2018-05-07 11:16:58,894 WARN o.a.j.t.JSR223Timer: Script did not return a value
2018-05-07 11:16:59,943 WARN o.a.j.t.JSR223Timer: Script did not return a value
2018-05-07 11:16:59,998 WARN o.a.j.t.JSR223Timer: Script did not return a value
2018-05-07 11:17:00,335 INFO o.a.j.r.Summariser: summary +     51 in 00:00:28 =    1.8/s Avg:   389 Min:   208 Max:   476 Err:     0 (0.00%) Active: 10 Started: 11 Finished: 1
2018-05-07 11:17:00,335 INFO o.a.j.r.Summariser: summary =     52 in 00:00:29 =    1.8/s Avg:   393 Min:   208 Max:   596 Err:     0 (0.00%)
2018-05-07 11:17:00,687 WARN o.a.j.t.JSR223Timer: Script did not return a value
2018-05-07 11:17:01,314 WARN o.a.j.t.JSR223Timer: Script did not return a value
2018-05-07 11:17:01,737 WARN o.a.j.t.JSR223Timer: Script did not return a value
2018-05-07 11:17:02,042 WARN o.a.j.t.JSR223Timer: Script did not return a value
2018-05-07 11:17:02,663 WARN o.a.j.t.JSR223Timer: Script did not return a value
2018-05-07 11:17:03,260 WARN o.a.j.t.JSR223Timer: Script did not return a value
2018-05-07 11:17:03,586 WARN o.a.j.t.JSR223Timer: Script did not return a value
2018-05-07 11:17:04,321 WARN o.a.j.t.JSR223Timer: Script did not return a value
2018-05-07 11:17:05,352 WARN o.a.j.t.JSR223Timer: Script did not return a value
2018-05-07 11:17:05,408 WARN o.a.j.t.JSR223Timer: Script did not return a value
2018-05-07 11:17:05,878 INFO o.a.j.t.JMeterThread: Thread is done: run stored 2-2
2018-05-07 11:17:05,878 INFO o.a.j.t.JMeterThread: Thread finished: run stored 2-2
2018-05-07 11:17:05,956 WARN o.a.j.t.JSR223Timer: Script did not return a value
2018-05-07 11:17:05,972 INFO o.a.j.t.JMeterThread: Thread is done: run stored 2-1
2018-05-07 11:17:05,972 INFO o.a.j.t.JMeterThread: Thread finished: run stored 2-1
2018-05-07 11:17:06,423 INFO o.a.j.t.JMeterThread: Stop Thread detected by thread: run stored 2-3
2018-05-07 11:17:06,423 INFO o.a.j.t.JMeterThread: Thread finished: run stored 2-3
2018-05-07 11:17:06,745 WARN o.a.j.t.JSR223Timer: Script did not return a value
2018-05-07 11:17:07,150 WARN o.a.j.t.JSR223Timer: Script did not return a value
2018-05-07 11:17:07,273 INFO o.a.j.t.JMeterThread: Thread is done: run stored 2-4
2018-05-07 11:17:07,273 INFO o.a.j.t.JMeterThread: Thread finished: run stored 2-4
2018-05-07 11:17:07,481 WARN o.a.j.t.JSR223Timer: Script did not return a value
2018-05-07 11:17:07,667 INFO o.a.j.t.JMeterThread: Thread is done: run stored 2-5
2018-05-07 11:17:07,667 INFO o.a.j.t.JMeterThread: Thread finished: run stored 2-5
2018-05-07 11:17:08,016 INFO o.a.j.t.JMeterThread: Thread is done: run stored 2-6
2018-05-07 11:17:08,016 INFO o.a.j.t.JMeterThread: Thread finished: run stored 2-6
2018-05-07 11:17:08,107 WARN o.a.j.t.JSR223Timer: Script did not return a value
2018-05-07 11:17:08,622 INFO o.a.j.t.JMeterThread: Thread is done: run stored 2-7
2018-05-07 11:17:08,622 INFO o.a.j.t.JMeterThread: Thread finished: run stored 2-7
2018-05-07 11:17:08,733 WARN o.a.j.t.JSR223Timer: Script did not return a value
2018-05-07 11:17:09,012 WARN o.a.j.t.JSR223Timer: Script did not return a value
2018-05-07 11:17:09,250 INFO o.a.j.t.JMeterThread: Thread is done: run stored 2-8
2018-05-07 11:17:09,250 INFO o.a.j.t.JMeterThread: Thread finished: run stored 2-8
2018-05-07 11:17:09,362 INFO o.a.j.t.JMeterThread: Thread is done: run stored 2-9
2018-05-07 11:17:09,362 INFO o.a.j.t.JMeterThread: Thread finished: run stored 2-9
2018-05-07 11:17:09,763 WARN o.a.j.t.JSR223Timer: Script did not return a value
2018-05-07 11:17:10,265 INFO o.a.j.t.JMeterThread: Thread is done: run stored 2-10
2018-05-07 11:17:10,265 INFO o.a.j.t.JMeterThread: Thread finished: run stored 2-10
2018-05-07 11:17:10,266 INFO o.a.j.e.StandardJMeterEngine: Starting ThreadGroup: 3 : run stored
2018-05-07 11:17:10,266 INFO o.a.j.e.StandardJMeterEngine: Starting 10 threads for group run stored.
2018-05-07 11:17:10,266 INFO o.a.j.e.StandardJMeterEngine: Thread will stop on error
2018-05-07 11:17:10,267 INFO o.a.j.t.ThreadGroup: Starting thread group... number=3 threads=10 ramp-up=5 perThread=500.0 delayedStart=false
2018-05-07 11:17:10,285 INFO o.a.j.c.IncludeController: loadIncludedElements -- try to load included module: /home/eitang/WorkStuff/TestManager/system-tests/tests/TID/../tf_Get results REST.jmx
2018-05-07 11:17:10,285 INFO o.a.j.s.SaveService: Loading file: ../tf_Get results REST.jmx
2018-05-07 11:17:10,295 INFO o.a.j.c.IncludeController: loadIncludedElements -- try to load included module: /home/eitang/WorkStuff/TestManager/system-tests/tests/TID/../tf_assert expected actual.jmx
2018-05-07 11:17:10,295 INFO o.a.j.s.SaveService: Loading file: ../tf_assert expected actual.jmx
2018-05-07 11:17:10,309 INFO o.a.j.t.JMeterThread: Thread started: run stored 3-1
2018-05-07 11:17:10,314 INFO o.a.j.c.IncludeController: loadIncludedElements -- try to load included module: /home/eitang/WorkStuff/TestManager/system-tests/tests/TID/../tf_Get results REST.jmx
2018-05-07 11:17:10,314 INFO o.a.j.s.SaveService: Loading file: ../tf_Get results REST.jmx
2018-05-07 11:17:10,319 INFO o.a.j.c.IncludeController: loadIncludedElements -- try to load included module: /home/eitang/WorkStuff/TestManager/system-tests/tests/TID/../tf_assert expected actual.jmx
2018-05-07 11:17:10,320 INFO o.a.j.s.SaveService: Loading file: ../tf_assert expected actual.jmx
2018-05-07 11:17:10,332 INFO o.a.j.c.IncludeController: loadIncludedElements -- try to load included module: /home/eitang/WorkStuff/TestManager/system-tests/tests/TID/../tf_Get results REST.jmx
2018-05-07 11:17:10,332 INFO o.a.j.s.SaveService: Loading file: ../tf_Get results REST.jmx
2018-05-07 11:17:10,336 INFO o.a.j.c.IncludeController: loadIncludedElements -- try to load included module: /home/eitang/WorkStuff/TestManager/system-tests/tests/TID/../tf_assert expected actual.jmx
2018-05-07 11:17:10,336 INFO o.a.j.s.SaveService: Loading file: ../tf_assert expected actual.jmx
2018-05-07 11:17:10,348 INFO o.a.j.c.IncludeController: loadIncludedElements -- try to load included module: /home/eitang/WorkStuff/TestManager/system-tests/tests/TID/../tf_Get results REST.jmx
2018-05-07 11:17:10,348 INFO o.a.j.s.SaveService: Loading file: ../tf_Get results REST.jmx
2018-05-07 11:17:10,352 INFO o.a.j.c.IncludeController: loadIncludedElements -- try to load included module: /home/eitang/WorkStuff/TestManager/system-tests/tests/TID/../tf_assert expected actual.jmx
2018-05-07 11:17:10,352 INFO o.a.j.s.SaveService: Loading file: ../tf_assert expected actual.jmx
2018-05-07 11:17:10,368 INFO o.a.j.c.IncludeController: loadIncludedElements -- try to load included module: /home/eitang/WorkStuff/TestManager/system-tests/tests/TID/../tf_Get results REST.jmx
2018-05-07 11:17:10,368 INFO o.a.j.s.SaveService: Loading file: ../tf_Get results REST.jmx
2018-05-07 11:17:10,372 INFO o.a.j.c.IncludeController: loadIncludedElements -- try to load included module: /home/eitang/WorkStuff/TestManager/system-tests/tests/TID/../tf_assert expected actual.jmx
2018-05-07 11:17:10,373 INFO o.a.j.s.SaveService: Loading file: ../tf_assert expected actual.jmx
2018-05-07 11:17:10,385 INFO o.a.j.c.IncludeController: loadIncludedElements -- try to load included module: /home/eitang/WorkStuff/TestManager/system-tests/tests/TID/../tf_Get results REST.jmx
2018-05-07 11:17:10,385 INFO o.a.j.s.SaveService: Loading file: ../tf_Get results REST.jmx
2018-05-07 11:17:10,389 INFO o.a.j.c.IncludeController: loadIncludedElements -- try to load included module: /home/eitang/WorkStuff/TestManager/system-tests/tests/TID/../tf_assert expected actual.jmx
2018-05-07 11:17:10,389 INFO o.a.j.s.SaveService: Loading file: ../tf_assert expected actual.jmx
2018-05-07 11:17:10,401 INFO o.a.j.c.IncludeController: loadIncludedElements -- try to load included module: /home/eitang/WorkStuff/TestManager/system-tests/tests/TID/../tf_Get results REST.jmx
2018-05-07 11:17:10,401 INFO o.a.j.s.SaveService: Loading file: ../tf_Get results REST.jmx
2018-05-07 11:17:10,404 INFO o.a.j.c.IncludeController: loadIncludedElements -- try to load included module: /home/eitang/WorkStuff/TestManager/system-tests/tests/TID/../tf_assert expected actual.jmx
2018-05-07 11:17:10,405 INFO o.a.j.s.SaveService: Loading file: ../tf_assert expected actual.jmx
2018-05-07 11:17:10,416 INFO o.a.j.c.IncludeController: loadIncludedElements -- try to load included module: /home/eitang/WorkStuff/TestManager/system-tests/tests/TID/../tf_Get results REST.jmx
2018-05-07 11:17:10,416 INFO o.a.j.s.SaveService: Loading file: ../tf_Get results REST.jmx
2018-05-07 11:17:10,432 INFO o.a.j.c.IncludeController: loadIncludedElements -- try to load included module: /home/eitang/WorkStuff/TestManager/system-tests/tests/TID/../tf_assert expected actual.jmx
2018-05-07 11:17:10,432 INFO o.a.j.s.SaveService: Loading file: ../tf_assert expected actual.jmx
2018-05-07 11:17:10,446 INFO o.a.j.c.IncludeController: loadIncludedElements -- try to load included module: /home/eitang/WorkStuff/TestManager/system-tests/tests/TID/../tf_Get results REST.jmx
2018-05-07 11:17:10,446 INFO o.a.j.s.SaveService: Loading file: ../tf_Get results REST.jmx
2018-05-07 11:17:10,450 INFO o.a.j.c.IncludeController: loadIncludedElements -- try to load included module: /home/eitang/WorkStuff/TestManager/system-tests/tests/TID/../tf_assert expected actual.jmx
2018-05-07 11:17:10,451 INFO o.a.j.s.SaveService: Loading file: ../tf_assert expected actual.jmx
2018-05-07 11:17:10,461 INFO o.a.j.c.IncludeController: loadIncludedElements -- try to load included module: /home/eitang/WorkStuff/TestManager/system-tests/tests/TID/../tf_Get results REST.jmx
2018-05-07 11:17:10,461 INFO o.a.j.s.SaveService: Loading file: ../tf_Get results REST.jmx
2018-05-07 11:17:10,465 INFO o.a.j.c.IncludeController: loadIncludedElements -- try to load included module: /home/eitang/WorkStuff/TestManager/system-tests/tests/TID/../tf_assert expected actual.jmx
2018-05-07 11:17:10,465 INFO o.a.j.s.SaveService: Loading file: ../tf_assert expected actual.jmx
2018-05-07 11:17:10,472 INFO o.a.j.t.ThreadGroup: Started thread group number 3
2018-05-07 11:17:10,472 INFO o.a.j.e.StandardJMeterEngine: Waiting for thread group: run stored to finish before starting next group
2018-05-07 11:17:10,792 ERROR o.a.j.f.JavaScript: Error processing Javascript: [("${status}" != "completed") && (${counter}<50)]

javax.script.ScriptException: <eval>:1:34 Expected ) but found {
("${status}" != "completed") && (${counter}<50)
                                  ^ in <eval> at line number 1 at column number 34
	at jdk.nashorn.api.scripting.NashornScriptEngine.throwAsScriptException(NashornScriptEngine.java:470) ~[nashorn.jar:?]
	at jdk.nashorn.api.scripting.NashornScriptEngine.compileImpl(NashornScriptEngine.java:537) ~[nashorn.jar:?]
	at jdk.nashorn.api.scripting.NashornScriptEngine.compileImpl(NashornScriptEngine.java:524) ~[nashorn.jar:?]
	at jdk.nashorn.api.scripting.NashornScriptEngine.evalImpl(NashornScriptEngine.java:402) ~[nashorn.jar:?]
	at jdk.nashorn.api.scripting.NashornScriptEngine.eval(NashornScriptEngine.java:155) ~[nashorn.jar:?]
	at org.apache.jmeter.functions.JavaScript.executeWithNashorn(JavaScript.java:142) [ApacheJMeter_functions.jar:3.3 r1808647]
	at org.apache.jmeter.functions.JavaScript.execute(JavaScript.java:103) [ApacheJMeter_functions.jar:3.3 r1808647]
	at org.apache.jmeter.engine.util.CompoundVariable.execute(CompoundVariable.java:137) [ApacheJMeter_core.jar:3.3 r1808647]
	at org.apache.jmeter.engine.util.CompoundVariable.execute(CompoundVariable.java:112) [ApacheJMeter_core.jar:3.3 r1808647]
	at org.apache.jmeter.testelement.property.FunctionProperty.getStringValue(FunctionProperty.java:101) [ApacheJMeter_core.jar:3.3 r1808647]
	at org.apache.jmeter.control.WhileController.getCondition(WhileController.java:124) [ApacheJMeter_core.jar:3.3 r1808647]
	at org.apache.jmeter.control.WhileController.endOfLoop(WhileController.java:56) [ApacheJMeter_core.jar:3.3 r1808647]
	at org.apache.jmeter.control.WhileController.next(WhileController.java:102) [ApacheJMeter_core.jar:3.3 r1808647]
	at org.apache.jmeter.control.GenericController.nextIsAController(GenericController.java:219) [ApacheJMeter_core.jar:3.3 r1808647]
	at org.apache.jmeter.control.GenericController.next(GenericController.java:173) [ApacheJMeter_core.jar:3.3 r1808647]
	at org.apache.jmeter.control.LoopController.next(LoopController.java:123) [ApacheJMeter_core.jar:3.3 r1808647]
	at org.apache.jmeter.threads.AbstractThreadGroup.next(AbstractThreadGroup.java:87) [ApacheJMeter_core.jar:3.3 r1808647]
	at org.apache.jmeter.threads.JMeterThread.run(JMeterThread.java:275) [ApacheJMeter_core.jar:3.3 r1808647]
	at java.lang.Thread.run(Thread.java:748) [?:1.8.0_162]
Caused by: jdk.nashorn.internal.runtime.ParserException: <eval>:1:34 Expected ) but found {
("${status}" != "completed") && (${counter}<50)
                                  ^
	at jdk.nashorn.internal.parser.AbstractParser.error(AbstractParser.java:294) ~[nashorn.jar:?]
	at jdk.nashorn.internal.parser.AbstractParser.error(AbstractParser.java:279) ~[nashorn.jar:?]
	at jdk.nashorn.internal.parser.AbstractParser.expectDontAdvance(AbstractParser.java:350) ~[nashorn.jar:?]
	at jdk.nashorn.internal.parser.AbstractParser.expect(AbstractParser.java:337) ~[nashorn.jar:?]
	at jdk.nashorn.internal.parser.Parser.primaryExpression(Parser.java:1994) ~[nashorn.jar:?]
	at jdk.nashorn.internal.parser.Parser.memberExpression(Parser.java:2511) ~[nashorn.jar:?]
	at jdk.nashorn.internal.parser.Parser.leftHandSideExpression(Parser.java:2372) ~[nashorn.jar:?]
	at jdk.nashorn.internal.parser.Parser.unaryExpression(Parser.java:3147) ~[nashorn.jar:?]
	at jdk.nashorn.internal.parser.Parser.expression(Parser.java:3325) ~[nashorn.jar:?]
	at jdk.nashorn.internal.parser.Parser.expression(Parser.java:3282) ~[nashorn.jar:?]
	at jdk.nashorn.internal.parser.Parser.expressionStatement(Parser.java:1150) ~[nashorn.jar:?]
	at jdk.nashorn.internal.parser.Parser.statement(Parser.java:967) ~[nashorn.jar:?]
	at jdk.nashorn.internal.parser.Parser.sourceElements(Parser.java:773) ~[nashorn.jar:?]
	at jdk.nashorn.internal.parser.Parser.program(Parser.java:709) ~[nashorn.jar:?]
	at jdk.nashorn.internal.parser.Parser.parse(Parser.java:283) ~[nashorn.jar:?]
	at jdk.nashorn.internal.parser.Parser.parse(Parser.java:249) ~[nashorn.jar:?]
	at jdk.nashorn.internal.runtime.Context.compile(Context.java:1284) ~[nashorn.jar:?]
	at jdk.nashorn.internal.runtime.Context.compileScript(Context.java:1251) ~[nashorn.jar:?]
	at jdk.nashorn.internal.runtime.Context.compileScript(Context.java:627) ~[nashorn.jar:?]
	at jdk.nashorn.api.scripting.NashornScriptEngine.compileImpl(NashornScriptEngine.java:535) ~[nashorn.jar:?]
	... 17 more
2018-05-07 11:17:10,828 INFO o.a.j.t.JMeterThread: Thread started: run stored 3-2
2018-05-07 11:17:11,272 ERROR o.a.j.f.JavaScript: Error processing Javascript: [("${status}" != "completed") && (${counter}<50)]

javax.script.ScriptException: <eval>:1:34 Expected ) but found {
("${status}" != "completed") && (${counter}<50)
                                  ^ in <eval> at line number 1 at column number 34
	at jdk.nashorn.api.scripting.NashornScriptEngine.throwAsScriptException(NashornScriptEngine.java:470) ~[nashorn.jar:?]
	at jdk.nashorn.api.scripting.NashornScriptEngine.compileImpl(NashornScriptEngine.java:537) ~[nashorn.jar:?]
	at jdk.nashorn.api.scripting.NashornScriptEngine.compileImpl(NashornScriptEngine.java:524) ~[nashorn.jar:?]
	at jdk.nashorn.api.scripting.NashornScriptEngine.evalImpl(NashornScriptEngine.java:402) ~[nashorn.jar:?]
	at jdk.nashorn.api.scripting.NashornScriptEngine.eval(NashornScriptEngine.java:155) ~[nashorn.jar:?]
	at org.apache.jmeter.functions.JavaScript.executeWithNashorn(JavaScript.java:142) [ApacheJMeter_functions.jar:3.3 r1808647]
	at org.apache.jmeter.functions.JavaScript.execute(JavaScript.java:103) [ApacheJMeter_functions.jar:3.3 r1808647]
	at org.apache.jmeter.engine.util.CompoundVariable.execute(CompoundVariable.java:137) [ApacheJMeter_core.jar:3.3 r1808647]
	at org.apache.jmeter.engine.util.CompoundVariable.execute(CompoundVariable.java:112) [ApacheJMeter_core.jar:3.3 r1808647]
	at org.apache.jmeter.testelement.property.FunctionProperty.getStringValue(FunctionProperty.java:101) [ApacheJMeter_core.jar:3.3 r1808647]
	at org.apache.jmeter.control.WhileController.getCondition(WhileController.java:124) [ApacheJMeter_core.jar:3.3 r1808647]
	at org.apache.jmeter.control.WhileController.endOfLoop(WhileController.java:56) [ApacheJMeter_core.jar:3.3 r1808647]
	at org.apache.jmeter.control.WhileController.next(WhileController.java:102) [ApacheJMeter_core.jar:3.3 r1808647]
	at org.apache.jmeter.control.GenericController.nextIsAController(GenericController.java:219) [ApacheJMeter_core.jar:3.3 r1808647]
	at org.apache.jmeter.control.GenericController.next(GenericController.java:173) [ApacheJMeter_core.jar:3.3 r1808647]
	at org.apache.jmeter.control.LoopController.next(LoopController.java:123) [ApacheJMeter_core.jar:3.3 r1808647]
	at org.apache.jmeter.threads.AbstractThreadGroup.next(AbstractThreadGroup.java:87) [ApacheJMeter_core.jar:3.3 r1808647]
	at org.apache.jmeter.threads.JMeterThread.run(JMeterThread.java:275) [ApacheJMeter_core.jar:3.3 r1808647]
	at java.lang.Thread.run(Thread.java:748) [?:1.8.0_162]
Caused by: jdk.nashorn.internal.runtime.ParserException: <eval>:1:34 Expected ) but found {
("${status}" != "completed") && (${counter}<50)
                                  ^
	at jdk.nashorn.internal.parser.AbstractParser.error(AbstractParser.java:294) ~[nashorn.jar:?]
	at jdk.nashorn.internal.parser.AbstractParser.error(AbstractParser.java:279) ~[nashorn.jar:?]
	at jdk.nashorn.internal.parser.AbstractParser.expectDontAdvance(AbstractParser.java:350) ~[nashorn.jar:?]
	at jdk.nashorn.internal.parser.AbstractParser.expect(AbstractParser.java:337) ~[nashorn.jar:?]
	at jdk.nashorn.internal.parser.Parser.primaryExpression(Parser.java:1994) ~[nashorn.jar:?]
	at jdk.nashorn.internal.parser.Parser.memberExpression(Parser.java:2511) ~[nashorn.jar:?]
	at jdk.nashorn.internal.parser.Parser.leftHandSideExpression(Parser.java:2372) ~[nashorn.jar:?]
	at jdk.nashorn.internal.parser.Parser.unaryExpression(Parser.java:3147) ~[nashorn.jar:?]
	at jdk.nashorn.internal.parser.Parser.expression(Parser.java:3325) ~[nashorn.jar:?]
	at jdk.nashorn.internal.parser.Parser.expression(Parser.java:3282) ~[nashorn.jar:?]
	at jdk.nashorn.internal.parser.Parser.expressionStatement(Parser.java:1150) ~[nashorn.jar:?]
	at jdk.nashorn.internal.parser.Parser.statement(Parser.java:967) ~[nashorn.jar:?]
	at jdk.nashorn.internal.parser.Parser.sourceElements(Parser.java:773) ~[nashorn.jar:?]
	at jdk.nashorn.internal.parser.Parser.program(Parser.java:709) ~[nashorn.jar:?]
	at jdk.nashorn.internal.parser.Parser.parse(Parser.java:283) ~[nashorn.jar:?]
	at jdk.nashorn.internal.parser.Parser.parse(Parser.java:249) ~[nashorn.jar:?]
	at jdk.nashorn.internal.runtime.Context.compile(Context.java:1284) ~[nashorn.jar:?]
	at jdk.nashorn.internal.runtime.Context.compileScript(Context.java:1251) ~[nashorn.jar:?]
	at jdk.nashorn.internal.runtime.Context.compileScript(Context.java:627) ~[nashorn.jar:?]
	at jdk.nashorn.api.scripting.NashornScriptEngine.compileImpl(NashornScriptEngine.java:535) ~[nashorn.jar:?]
	... 17 more
2018-05-07 11:17:11,343 INFO o.a.j.t.JMeterThread: Thread started: run stored 3-3
2018-05-07 11:17:11,790 ERROR o.a.j.f.JavaScript: Error processing Javascript: [("${status}" != "completed") && (${counter}<50)]

javax.script.ScriptException: <eval>:1:34 Expected ) but found {
("${status}" != "completed") && (${counter}<50)
                                  ^ in <eval> at line number 1 at column number 34
	at jdk.nashorn.api.scripting.NashornScriptEngine.throwAsScriptException(NashornScriptEngine.java:470) ~[nashorn.jar:?]
	at jdk.nashorn.api.scripting.NashornScriptEngine.compileImpl(NashornScriptEngine.java:537) ~[nashorn.jar:?]
	at jdk.nashorn.api.scripting.NashornScriptEngine.compileImpl(NashornScriptEngine.java:524) ~[nashorn.jar:?]
	at jdk.nashorn.api.scripting.NashornScriptEngine.evalImpl(NashornScriptEngine.java:402) ~[nashorn.jar:?]
	at jdk.nashorn.api.scripting.NashornScriptEngine.eval(NashornScriptEngine.java:155) ~[nashorn.jar:?]
	at org.apache.jmeter.functions.JavaScript.executeWithNashorn(JavaScript.java:142) [ApacheJMeter_functions.jar:3.3 r1808647]
	at org.apache.jmeter.functions.JavaScript.execute(JavaScript.java:103) [ApacheJMeter_functions.jar:3.3 r1808647]
	at org.apache.jmeter.engine.util.CompoundVariable.execute(CompoundVariable.java:137) [ApacheJMeter_core.jar:3.3 r1808647]
	at org.apache.jmeter.engine.util.CompoundVariable.execute(CompoundVariable.java:112) [ApacheJMeter_core.jar:3.3 r1808647]
	at org.apache.jmeter.testelement.property.FunctionProperty.getStringValue(FunctionProperty.java:101) [ApacheJMeter_core.jar:3.3 r1808647]
	at org.apache.jmeter.control.WhileController.getCondition(WhileController.java:124) [ApacheJMeter_core.jar:3.3 r1808647]
	at org.apache.jmeter.control.WhileController.endOfLoop(WhileController.java:56) [ApacheJMeter_core.jar:3.3 r1808647]
	at org.apache.jmeter.control.WhileController.next(WhileController.java:102) [ApacheJMeter_core.jar:3.3 r1808647]
	at org.apache.jmeter.control.GenericController.nextIsAController(GenericController.java:219) [ApacheJMeter_core.jar:3.3 r1808647]
	at org.apache.jmeter.control.GenericController.next(GenericController.java:173) [ApacheJMeter_core.jar:3.3 r1808647]
	at org.apache.jmeter.control.LoopController.next(LoopController.java:123) [ApacheJMeter_core.jar:3.3 r1808647]
	at org.apache.jmeter.threads.AbstractThreadGroup.next(AbstractThreadGroup.java:87) [ApacheJMeter_core.jar:3.3 r1808647]
	at org.apache.jmeter.threads.JMeterThread.run(JMeterThread.java:275) [ApacheJMeter_core.jar:3.3 r1808647]
	at java.lang.Thread.run(Thread.java:748) [?:1.8.0_162]
Caused by: jdk.nashorn.internal.runtime.ParserException: <eval>:1:34 Expected ) but found {
("${status}" != "completed") && (${counter}<50)
                                  ^
	at jdk.nashorn.internal.parser.AbstractParser.error(AbstractParser.java:294) ~[nashorn.jar:?]
	at jdk.nashorn.internal.parser.AbstractParser.error(AbstractParser.java:279) ~[nashorn.jar:?]
	at jdk.nashorn.internal.parser.AbstractParser.expectDontAdvance(AbstractParser.java:350) ~[nashorn.jar:?]
	at jdk.nashorn.internal.parser.AbstractParser.expect(AbstractParser.java:337) ~[nashorn.jar:?]
	at jdk.nashorn.internal.parser.Parser.primaryExpression(Parser.java:1994) ~[nashorn.jar:?]
	at jdk.nashorn.internal.parser.Parser.memberExpression(Parser.java:2511) ~[nashorn.jar:?]
	at jdk.nashorn.internal.parser.Parser.leftHandSideExpression(Parser.java:2372) ~[nashorn.jar:?]
	at jdk.nashorn.internal.parser.Parser.unaryExpression(Parser.java:3147) ~[nashorn.jar:?]
	at jdk.nashorn.internal.parser.Parser.expression(Parser.java:3325) ~[nashorn.jar:?]
	at jdk.nashorn.internal.parser.Parser.expression(Parser.java:3282) ~[nashorn.jar:?]
	at jdk.nashorn.internal.parser.Parser.expressionStatement(Parser.java:1150) ~[nashorn.jar:?]
	at jdk.nashorn.internal.parser.Parser.statement(Parser.java:967) ~[nashorn.jar:?]
	at jdk.nashorn.internal.parser.Parser.sourceElements(Parser.java:773) ~[nashorn.jar:?]
	at jdk.nashorn.internal.parser.Parser.program(Parser.java:709) ~[nashorn.jar:?]
	at jdk.nashorn.internal.parser.Parser.parse(Parser.java:283) ~[nashorn.jar:?]
	at jdk.nashorn.internal.parser.Parser.parse(Parser.java:249) ~[nashorn.jar:?]
	at jdk.nashorn.internal.runtime.Context.compile(Context.java:1284) ~[nashorn.jar:?]
	at jdk.nashorn.internal.runtime.Context.compileScript(Context.java:1251) ~[nashorn.jar:?]
	at jdk.nashorn.internal.runtime.Context.compileScript(Context.java:627) ~[nashorn.jar:?]
	at jdk.nashorn.api.scripting.NashornScriptEngine.compileImpl(NashornScriptEngine.java:535) ~[nashorn.jar:?]
	... 17 more
2018-05-07 11:17:11,862 INFO o.a.j.t.JMeterThread: Thread started: run stored 3-4
2018-05-07 11:17:12,319 ERROR o.a.j.f.JavaScript: Error processing Javascript: [("${status}" != "completed") && (${counter}<50)]

javax.script.ScriptException: <eval>:1:34 Expected ) but found {
("${status}" != "completed") && (${counter}<50)
                                  ^ in <eval> at line number 1 at column number 34
	at jdk.nashorn.api.scripting.NashornScriptEngine.throwAsScriptException(NashornScriptEngine.java:470) ~[nashorn.jar:?]
	at jdk.nashorn.api.scripting.NashornScriptEngine.compileImpl(NashornScriptEngine.java:537) ~[nashorn.jar:?]
	at jdk.nashorn.api.scripting.NashornScriptEngine.compileImpl(NashornScriptEngine.java:524) ~[nashorn.jar:?]
	at jdk.nashorn.api.scripting.NashornScriptEngine.evalImpl(NashornScriptEngine.java:402) ~[nashorn.jar:?]
	at jdk.nashorn.api.scripting.NashornScriptEngine.eval(NashornScriptEngine.java:155) ~[nashorn.jar:?]
	at org.apache.jmeter.functions.JavaScript.executeWithNashorn(JavaScript.java:142) [ApacheJMeter_functions.jar:3.3 r1808647]
	at org.apache.jmeter.functions.JavaScript.execute(JavaScript.java:103) [ApacheJMeter_functions.jar:3.3 r1808647]
	at org.apache.jmeter.engine.util.CompoundVariable.execute(CompoundVariable.java:137) [ApacheJMeter_core.jar:3.3 r1808647]
	at org.apache.jmeter.engine.util.CompoundVariable.execute(CompoundVariable.java:112) [ApacheJMeter_core.jar:3.3 r1808647]
	at org.apache.jmeter.testelement.property.FunctionProperty.getStringValue(FunctionProperty.java:101) [ApacheJMeter_core.jar:3.3 r1808647]
	at org.apache.jmeter.control.WhileController.getCondition(WhileController.java:124) [ApacheJMeter_core.jar:3.3 r1808647]
	at org.apache.jmeter.control.WhileController.endOfLoop(WhileController.java:56) [ApacheJMeter_core.jar:3.3 r1808647]
	at org.apache.jmeter.control.WhileController.next(WhileController.java:102) [ApacheJMeter_core.jar:3.3 r1808647]
	at org.apache.jmeter.control.GenericController.nextIsAController(GenericController.java:219) [ApacheJMeter_core.jar:3.3 r1808647]
	at org.apache.jmeter.control.GenericController.next(GenericController.java:173) [ApacheJMeter_core.jar:3.3 r1808647]
	at org.apache.jmeter.control.LoopController.next(LoopController.java:123) [ApacheJMeter_core.jar:3.3 r1808647]
	at org.apache.jmeter.threads.AbstractThreadGroup.next(AbstractThreadGroup.java:87) [ApacheJMeter_core.jar:3.3 r1808647]
	at org.apache.jmeter.threads.JMeterThread.run(JMeterThread.java:275) [ApacheJMeter_core.jar:3.3 r1808647]
	at java.lang.Thread.run(Thread.java:748) [?:1.8.0_162]
Caused by: jdk.nashorn.internal.runtime.ParserException: <eval>:1:34 Expected ) but found {
("${status}" != "completed") && (${counter}<50)
                                  ^
	at jdk.nashorn.internal.parser.AbstractParser.error(AbstractParser.java:294) ~[nashorn.jar:?]
	at jdk.nashorn.internal.parser.AbstractParser.error(AbstractParser.java:279) ~[nashorn.jar:?]
	at jdk.nashorn.internal.parser.AbstractParser.expectDontAdvance(AbstractParser.java:350) ~[nashorn.jar:?]
	at jdk.nashorn.internal.parser.AbstractParser.expect(AbstractParser.java:337) ~[nashorn.jar:?]
	at jdk.nashorn.internal.parser.Parser.primaryExpression(Parser.java:1994) ~[nashorn.jar:?]
	at jdk.nashorn.internal.parser.Parser.memberExpression(Parser.java:2511) ~[nashorn.jar:?]
	at jdk.nashorn.internal.parser.Parser.leftHandSideExpression(Parser.java:2372) ~[nashorn.jar:?]
	at jdk.nashorn.internal.parser.Parser.unaryExpression(Parser.java:3147) ~[nashorn.jar:?]
	at jdk.nashorn.internal.parser.Parser.expression(Parser.java:3325) ~[nashorn.jar:?]
	at jdk.nashorn.internal.parser.Parser.expression(Parser.java:3282) ~[nashorn.jar:?]
	at jdk.nashorn.internal.parser.Parser.expressionStatement(Parser.java:1150) ~[nashorn.jar:?]
	at jdk.nashorn.internal.parser.Parser.statement(Parser.java:967) ~[nashorn.jar:?]
	at jdk.nashorn.internal.parser.Parser.sourceElements(Parser.java:773) ~[nashorn.jar:?]
	at jdk.nashorn.internal.parser.Parser.program(Parser.java:709) ~[nashorn.jar:?]
	at jdk.nashorn.internal.parser.Parser.parse(Parser.java:283) ~[nashorn.jar:?]
	at jdk.nashorn.internal.parser.Parser.parse(Parser.java:249) ~[nashorn.jar:?]
	at jdk.nashorn.internal.runtime.Context.compile(Context.java:1284) ~[nashorn.jar:?]
	at jdk.nashorn.internal.runtime.Context.compileScript(Context.java:1251) ~[nashorn.jar:?]
	at jdk.nashorn.internal.runtime.Context.compileScript(Context.java:627) ~[nashorn.jar:?]
	at jdk.nashorn.api.scripting.NashornScriptEngine.compileImpl(NashornScriptEngine.java:535) ~[nashorn.jar:?]
	... 17 more
2018-05-07 11:17:12,380 INFO o.a.j.t.JMeterThread: Thread started: run stored 3-5
2018-05-07 11:17:12,834 ERROR o.a.j.f.JavaScript: Error processing Javascript: [("${status}" != "completed") && (${counter}<50)]

javax.script.ScriptException: <eval>:1:34 Expected ) but found {
("${status}" != "completed") && (${counter}<50)
                                  ^ in <eval> at line number 1 at column number 34
	at jdk.nashorn.api.scripting.NashornScriptEngine.throwAsScriptException(NashornScriptEngine.java:470) ~[nashorn.jar:?]
	at jdk.nashorn.api.scripting.NashornScriptEngine.compileImpl(NashornScriptEngine.java:537) ~[nashorn.jar:?]
	at jdk.nashorn.api.scripting.NashornScriptEngine.compileImpl(NashornScriptEngine.java:524) ~[nashorn.jar:?]
	at jdk.nashorn.api.scripting.NashornScriptEngine.evalImpl(NashornScriptEngine.java:402) ~[nashorn.jar:?]
	at jdk.nashorn.api.scripting.NashornScriptEngine.eval(NashornScriptEngine.java:155) ~[nashorn.jar:?]
	at org.apache.jmeter.functions.JavaScript.executeWithNashorn(JavaScript.java:142) [ApacheJMeter_functions.jar:3.3 r1808647]
	at org.apache.jmeter.functions.JavaScript.execute(JavaScript.java:103) [ApacheJMeter_functions.jar:3.3 r1808647]
	at org.apache.jmeter.engine.util.CompoundVariable.execute(CompoundVariable.java:137) [ApacheJMeter_core.jar:3.3 r1808647]
	at org.apache.jmeter.engine.util.CompoundVariable.execute(CompoundVariable.java:112) [ApacheJMeter_core.jar:3.3 r1808647]
	at org.apache.jmeter.testelement.property.FunctionProperty.getStringValue(FunctionProperty.java:101) [ApacheJMeter_core.jar:3.3 r1808647]
	at org.apache.jmeter.control.WhileController.getCondition(WhileController.java:124) [ApacheJMeter_core.jar:3.3 r1808647]
	at org.apache.jmeter.control.WhileController.endOfLoop(WhileController.java:56) [ApacheJMeter_core.jar:3.3 r1808647]
	at org.apache.jmeter.control.WhileController.next(WhileController.java:102) [ApacheJMeter_core.jar:3.3 r1808647]
	at org.apache.jmeter.control.GenericController.nextIsAController(GenericController.java:219) [ApacheJMeter_core.jar:3.3 r1808647]
	at org.apache.jmeter.control.GenericController.next(GenericController.java:173) [ApacheJMeter_core.jar:3.3 r1808647]
	at org.apache.jmeter.control.LoopController.next(LoopController.java:123) [ApacheJMeter_core.jar:3.3 r1808647]
	at org.apache.jmeter.threads.AbstractThreadGroup.next(AbstractThreadGroup.java:87) [ApacheJMeter_core.jar:3.3 r1808647]
	at org.apache.jmeter.threads.JMeterThread.run(JMeterThread.java:275) [ApacheJMeter_core.jar:3.3 r1808647]
	at java.lang.Thread.run(Thread.java:748) [?:1.8.0_162]
Caused by: jdk.nashorn.internal.runtime.ParserException: <eval>:1:34 Expected ) but found {
("${status}" != "completed") && (${counter}<50)
                                  ^
	at jdk.nashorn.internal.parser.AbstractParser.error(AbstractParser.java:294) ~[nashorn.jar:?]
	at jdk.nashorn.internal.parser.AbstractParser.error(AbstractParser.java:279) ~[nashorn.jar:?]
	at jdk.nashorn.internal.parser.AbstractParser.expectDontAdvance(AbstractParser.java:350) ~[nashorn.jar:?]
	at jdk.nashorn.internal.parser.AbstractParser.expect(AbstractParser.java:337) ~[nashorn.jar:?]
	at jdk.nashorn.internal.parser.Parser.primaryExpression(Parser.java:1994) ~[nashorn.jar:?]
	at jdk.nashorn.internal.parser.Parser.memberExpression(Parser.java:2511) ~[nashorn.jar:?]
	at jdk.nashorn.internal.parser.Parser.leftHandSideExpression(Parser.java:2372) ~[nashorn.jar:?]
	at jdk.nashorn.internal.parser.Parser.unaryExpression(Parser.java:3147) ~[nashorn.jar:?]
	at jdk.nashorn.internal.parser.Parser.expression(Parser.java:3325) ~[nashorn.jar:?]
	at jdk.nashorn.internal.parser.Parser.expression(Parser.java:3282) ~[nashorn.jar:?]
	at jdk.nashorn.internal.parser.Parser.expressionStatement(Parser.java:1150) ~[nashorn.jar:?]
	at jdk.nashorn.internal.parser.Parser.statement(Parser.java:967) ~[nashorn.jar:?]
	at jdk.nashorn.internal.parser.Parser.sourceElements(Parser.java:773) ~[nashorn.jar:?]
	at jdk.nashorn.internal.parser.Parser.program(Parser.java:709) ~[nashorn.jar:?]
	at jdk.nashorn.internal.parser.Parser.parse(Parser.java:283) ~[nashorn.jar:?]
	at jdk.nashorn.internal.parser.Parser.parse(Parser.java:249) ~[nashorn.jar:?]
	at jdk.nashorn.internal.runtime.Context.compile(Context.java:1284) ~[nashorn.jar:?]
	at jdk.nashorn.internal.runtime.Context.compileScript(Context.java:1251) ~[nashorn.jar:?]
	at jdk.nashorn.internal.runtime.Context.compileScript(Context.java:627) ~[nashorn.jar:?]
	at jdk.nashorn.api.scripting.NashornScriptEngine.compileImpl(NashornScriptEngine.java:535) ~[nashorn.jar:?]
	... 17 more
2018-05-07 11:17:12,897 INFO o.a.j.t.JMeterThread: Thread started: run stored 3-6
2018-05-07 11:17:13,365 ERROR o.a.j.f.JavaScript: Error processing Javascript: [("${status}" != "completed") && (${counter}<50)]

javax.script.ScriptException: <eval>:1:34 Expected ) but found {
("${status}" != "completed") && (${counter}<50)
                                  ^ in <eval> at line number 1 at column number 34
	at jdk.nashorn.api.scripting.NashornScriptEngine.throwAsScriptException(NashornScriptEngine.java:470) ~[nashorn.jar:?]
	at jdk.nashorn.api.scripting.NashornScriptEngine.compileImpl(NashornScriptEngine.java:537) ~[nashorn.jar:?]
	at jdk.nashorn.api.scripting.NashornScriptEngine.compileImpl(NashornScriptEngine.java:524) ~[nashorn.jar:?]
	at jdk.nashorn.api.scripting.NashornScriptEngine.evalImpl(NashornScriptEngine.java:402) ~[nashorn.jar:?]
	at jdk.nashorn.api.scripting.NashornScriptEngine.eval(NashornScriptEngine.java:155) ~[nashorn.jar:?]
	at org.apache.jmeter.functions.JavaScript.executeWithNashorn(JavaScript.java:142) [ApacheJMeter_functions.jar:3.3 r1808647]
	at org.apache.jmeter.functions.JavaScript.execute(JavaScript.java:103) [ApacheJMeter_functions.jar:3.3 r1808647]
	at org.apache.jmeter.engine.util.CompoundVariable.execute(CompoundVariable.java:137) [ApacheJMeter_core.jar:3.3 r1808647]
	at org.apache.jmeter.engine.util.CompoundVariable.execute(CompoundVariable.java:112) [ApacheJMeter_core.jar:3.3 r1808647]
	at org.apache.jmeter.testelement.property.FunctionProperty.getStringValue(FunctionProperty.java:101) [ApacheJMeter_core.jar:3.3 r1808647]
	at org.apache.jmeter.control.WhileController.getCondition(WhileController.java:124) [ApacheJMeter_core.jar:3.3 r1808647]
	at org.apache.jmeter.control.WhileController.endOfLoop(WhileController.java:56) [ApacheJMeter_core.jar:3.3 r1808647]
	at org.apache.jmeter.control.WhileController.next(WhileController.java:102) [ApacheJMeter_core.jar:3.3 r1808647]
	at org.apache.jmeter.control.GenericController.nextIsAController(GenericController.java:219) [ApacheJMeter_core.jar:3.3 r1808647]
	at org.apache.jmeter.control.GenericController.next(GenericController.java:173) [ApacheJMeter_core.jar:3.3 r1808647]
	at org.apache.jmeter.control.LoopController.next(LoopController.java:123) [ApacheJMeter_core.jar:3.3 r1808647]
	at org.apache.jmeter.threads.AbstractThreadGroup.next(AbstractThreadGroup.java:87) [ApacheJMeter_core.jar:3.3 r1808647]
	at org.apache.jmeter.threads.JMeterThread.run(JMeterThread.java:275) [ApacheJMeter_core.jar:3.3 r1808647]
	at java.lang.Thread.run(Thread.java:748) [?:1.8.0_162]
Caused by: jdk.nashorn.internal.runtime.ParserException: <eval>:1:34 Expected ) but found {
("${status}" != "completed") && (${counter}<50)
                                  ^
	at jdk.nashorn.internal.parser.AbstractParser.error(AbstractParser.java:294) ~[nashorn.jar:?]
	at jdk.nashorn.internal.parser.AbstractParser.error(AbstractParser.java:279) ~[nashorn.jar:?]
	at jdk.nashorn.internal.parser.AbstractParser.expectDontAdvance(AbstractParser.java:350) ~[nashorn.jar:?]
	at jdk.nashorn.internal.parser.AbstractParser.expect(AbstractParser.java:337) ~[nashorn.jar:?]
	at jdk.nashorn.internal.parser.Parser.primaryExpression(Parser.java:1994) ~[nashorn.jar:?]
	at jdk.nashorn.internal.parser.Parser.memberExpression(Parser.java:2511) ~[nashorn.jar:?]
	at jdk.nashorn.internal.parser.Parser.leftHandSideExpression(Parser.java:2372) ~[nashorn.jar:?]
	at jdk.nashorn.internal.parser.Parser.unaryExpression(Parser.java:3147) ~[nashorn.jar:?]
	at jdk.nashorn.internal.parser.Parser.expression(Parser.java:3325) ~[nashorn.jar:?]
	at jdk.nashorn.internal.parser.Parser.expression(Parser.java:3282) ~[nashorn.jar:?]
	at jdk.nashorn.internal.parser.Parser.expressionStatement(Parser.java:1150) ~[nashorn.jar:?]
	at jdk.nashorn.internal.parser.Parser.statement(Parser.java:967) ~[nashorn.jar:?]
	at jdk.nashorn.internal.parser.Parser.sourceElements(Parser.java:773) ~[nashorn.jar:?]
	at jdk.nashorn.internal.parser.Parser.program(Parser.java:709) ~[nashorn.jar:?]
	at jdk.nashorn.internal.parser.Parser.parse(Parser.java:283) ~[nashorn.jar:?]
	at jdk.nashorn.internal.parser.Parser.parse(Parser.java:249) ~[nashorn.jar:?]
	at jdk.nashorn.internal.runtime.Context.compile(Context.java:1284) ~[nashorn.jar:?]
	at jdk.nashorn.internal.runtime.Context.compileScript(Context.java:1251) ~[nashorn.jar:?]
	at jdk.nashorn.internal.runtime.Context.compileScript(Context.java:627) ~[nashorn.jar:?]
	at jdk.nashorn.api.scripting.NashornScriptEngine.compileImpl(NashornScriptEngine.java:535) ~[nashorn.jar:?]
	... 17 more
2018-05-07 11:17:13,413 INFO o.a.j.t.JMeterThread: Thread started: run stored 3-7
2018-05-07 11:17:13,862 ERROR o.a.j.f.JavaScript: Error processing Javascript: [("${status}" != "completed") && (${counter}<50)]

javax.script.ScriptException: <eval>:1:34 Expected ) but found {
("${status}" != "completed") && (${counter}<50)
                                  ^ in <eval> at line number 1 at column number 34
	at jdk.nashorn.api.scripting.NashornScriptEngine.throwAsScriptException(NashornScriptEngine.java:470) ~[nashorn.jar:?]
	at jdk.nashorn.api.scripting.NashornScriptEngine.compileImpl(NashornScriptEngine.java:537) ~[nashorn.jar:?]
	at jdk.nashorn.api.scripting.NashornScriptEngine.compileImpl(NashornScriptEngine.java:524) ~[nashorn.jar:?]
	at jdk.nashorn.api.scripting.NashornScriptEngine.evalImpl(NashornScriptEngine.java:402) ~[nashorn.jar:?]
	at jdk.nashorn.api.scripting.NashornScriptEngine.eval(NashornScriptEngine.java:155) ~[nashorn.jar:?]
	at org.apache.jmeter.functions.JavaScript.executeWithNashorn(JavaScript.java:142) [ApacheJMeter_functions.jar:3.3 r1808647]
	at org.apache.jmeter.functions.JavaScript.execute(JavaScript.java:103) [ApacheJMeter_functions.jar:3.3 r1808647]
	at org.apache.jmeter.engine.util.CompoundVariable.execute(CompoundVariable.java:137) [ApacheJMeter_core.jar:3.3 r1808647]
	at org.apache.jmeter.engine.util.CompoundVariable.execute(CompoundVariable.java:112) [ApacheJMeter_core.jar:3.3 r1808647]
	at org.apache.jmeter.testelement.property.FunctionProperty.getStringValue(FunctionProperty.java:101) [ApacheJMeter_core.jar:3.3 r1808647]
	at org.apache.jmeter.control.WhileController.getCondition(WhileController.java:124) [ApacheJMeter_core.jar:3.3 r1808647]
	at org.apache.jmeter.control.WhileController.endOfLoop(WhileController.java:56) [ApacheJMeter_core.jar:3.3 r1808647]
	at org.apache.jmeter.control.WhileController.next(WhileController.java:102) [ApacheJMeter_core.jar:3.3 r1808647]
	at org.apache.jmeter.control.GenericController.nextIsAController(GenericController.java:219) [ApacheJMeter_core.jar:3.3 r1808647]
	at org.apache.jmeter.control.GenericController.next(GenericController.java:173) [ApacheJMeter_core.jar:3.3 r1808647]
	at org.apache.jmeter.control.LoopController.next(LoopController.java:123) [ApacheJMeter_core.jar:3.3 r1808647]
	at org.apache.jmeter.threads.AbstractThreadGroup.next(AbstractThreadGroup.java:87) [ApacheJMeter_core.jar:3.3 r1808647]
	at org.apache.jmeter.threads.JMeterThread.run(JMeterThread.java:275) [ApacheJMeter_core.jar:3.3 r1808647]
	at java.lang.Thread.run(Thread.java:748) [?:1.8.0_162]
Caused by: jdk.nashorn.internal.runtime.ParserException: <eval>:1:34 Expected ) but found {
("${status}" != "completed") && (${counter}<50)
                                  ^
	at jdk.nashorn.internal.parser.AbstractParser.error(AbstractParser.java:294) ~[nashorn.jar:?]
	at jdk.nashorn.internal.parser.AbstractParser.error(AbstractParser.java:279) ~[nashorn.jar:?]
	at jdk.nashorn.internal.parser.AbstractParser.expectDontAdvance(AbstractParser.java:350) ~[nashorn.jar:?]
	at jdk.nashorn.internal.parser.AbstractParser.expect(AbstractParser.java:337) ~[nashorn.jar:?]
	at jdk.nashorn.internal.parser.Parser.primaryExpression(Parser.java:1994) ~[nashorn.jar:?]
	at jdk.nashorn.internal.parser.Parser.memberExpression(Parser.java:2511) ~[nashorn.jar:?]
	at jdk.nashorn.internal.parser.Parser.leftHandSideExpression(Parser.java:2372) ~[nashorn.jar:?]
	at jdk.nashorn.internal.parser.Parser.unaryExpression(Parser.java:3147) ~[nashorn.jar:?]
	at jdk.nashorn.internal.parser.Parser.expression(Parser.java:3325) ~[nashorn.jar:?]
	at jdk.nashorn.internal.parser.Parser.expression(Parser.java:3282) ~[nashorn.jar:?]
	at jdk.nashorn.internal.parser.Parser.expressionStatement(Parser.java:1150) ~[nashorn.jar:?]
	at jdk.nashorn.internal.parser.Parser.statement(Parser.java:967) ~[nashorn.jar:?]
	at jdk.nashorn.internal.parser.Parser.sourceElements(Parser.java:773) ~[nashorn.jar:?]
	at jdk.nashorn.internal.parser.Parser.program(Parser.java:709) ~[nashorn.jar:?]
	at jdk.nashorn.internal.parser.Parser.parse(Parser.java:283) ~[nashorn.jar:?]
	at jdk.nashorn.internal.parser.Parser.parse(Parser.java:249) ~[nashorn.jar:?]
	at jdk.nashorn.internal.runtime.Context.compile(Context.java:1284) ~[nashorn.jar:?]
	at jdk.nashorn.internal.runtime.Context.compileScript(Context.java:1251) ~[nashorn.jar:?]
	at jdk.nashorn.internal.runtime.Context.compileScript(Context.java:627) ~[nashorn.jar:?]
	at jdk.nashorn.api.scripting.NashornScriptEngine.compileImpl(NashornScriptEngine.java:535) ~[nashorn.jar:?]
	... 17 more
2018-05-07 11:17:13,942 INFO o.a.j.t.JMeterThread: Thread started: run stored 3-8
2018-05-07 11:17:14,372 ERROR o.a.j.f.JavaScript: Error processing Javascript: [("${status}" != "completed") && (${counter}<50)]

javax.script.ScriptException: <eval>:1:34 Expected ) but found {
("${status}" != "completed") && (${counter}<50)
                                  ^ in <eval> at line number 1 at column number 34
	at jdk.nashorn.api.scripting.NashornScriptEngine.throwAsScriptException(NashornScriptEngine.java:470) ~[nashorn.jar:?]
	at jdk.nashorn.api.scripting.NashornScriptEngine.compileImpl(NashornScriptEngine.java:537) ~[nashorn.jar:?]
	at jdk.nashorn.api.scripting.NashornScriptEngine.compileImpl(NashornScriptEngine.java:524) ~[nashorn.jar:?]
	at jdk.nashorn.api.scripting.NashornScriptEngine.evalImpl(NashornScriptEngine.java:402) ~[nashorn.jar:?]
	at jdk.nashorn.api.scripting.NashornScriptEngine.eval(NashornScriptEngine.java:155) ~[nashorn.jar:?]
	at org.apache.jmeter.functions.JavaScript.executeWithNashorn(JavaScript.java:142) [ApacheJMeter_functions.jar:3.3 r1808647]
	at org.apache.jmeter.functions.JavaScript.execute(JavaScript.java:103) [ApacheJMeter_functions.jar:3.3 r1808647]
	at org.apache.jmeter.engine.util.CompoundVariable.execute(CompoundVariable.java:137) [ApacheJMeter_core.jar:3.3 r1808647]
	at org.apache.jmeter.engine.util.CompoundVariable.execute(CompoundVariable.java:112) [ApacheJMeter_core.jar:3.3 r1808647]
	at org.apache.jmeter.testelement.property.FunctionProperty.getStringValue(FunctionProperty.java:101) [ApacheJMeter_core.jar:3.3 r1808647]
	at org.apache.jmeter.control.WhileController.getCondition(WhileController.java:124) [ApacheJMeter_core.jar:3.3 r1808647]
	at org.apache.jmeter.control.WhileController.endOfLoop(WhileController.java:56) [ApacheJMeter_core.jar:3.3 r1808647]
	at org.apache.jmeter.control.WhileController.next(WhileController.java:102) [ApacheJMeter_core.jar:3.3 r1808647]
	at org.apache.jmeter.control.GenericController.nextIsAController(GenericController.java:219) [ApacheJMeter_core.jar:3.3 r1808647]
	at org.apache.jmeter.control.GenericController.next(GenericController.java:173) [ApacheJMeter_core.jar:3.3 r1808647]
	at org.apache.jmeter.control.LoopController.next(LoopController.java:123) [ApacheJMeter_core.jar:3.3 r1808647]
	at org.apache.jmeter.threads.AbstractThreadGroup.next(AbstractThreadGroup.java:87) [ApacheJMeter_core.jar:3.3 r1808647]
	at org.apache.jmeter.threads.JMeterThread.run(JMeterThread.java:275) [ApacheJMeter_core.jar:3.3 r1808647]
	at java.lang.Thread.run(Thread.java:748) [?:1.8.0_162]
Caused by: jdk.nashorn.internal.runtime.ParserException: <eval>:1:34 Expected ) but found {
("${status}" != "completed") && (${counter}<50)
                                  ^
	at jdk.nashorn.internal.parser.AbstractParser.error(AbstractParser.java:294) ~[nashorn.jar:?]
	at jdk.nashorn.internal.parser.AbstractParser.error(AbstractParser.java:279) ~[nashorn.jar:?]
	at jdk.nashorn.internal.parser.AbstractParser.expectDontAdvance(AbstractParser.java:350) ~[nashorn.jar:?]
	at jdk.nashorn.internal.parser.AbstractParser.expect(AbstractParser.java:337) ~[nashorn.jar:?]
	at jdk.nashorn.internal.parser.Parser.primaryExpression(Parser.java:1994) ~[nashorn.jar:?]
	at jdk.nashorn.internal.parser.Parser.memberExpression(Parser.java:2511) ~[nashorn.jar:?]
	at jdk.nashorn.internal.parser.Parser.leftHandSideExpression(Parser.java:2372) ~[nashorn.jar:?]
	at jdk.nashorn.internal.parser.Parser.unaryExpression(Parser.java:3147) ~[nashorn.jar:?]
	at jdk.nashorn.internal.parser.Parser.expression(Parser.java:3325) ~[nashorn.jar:?]
	at jdk.nashorn.internal.parser.Parser.expression(Parser.java:3282) ~[nashorn.jar:?]
	at jdk.nashorn.internal.parser.Parser.expressionStatement(Parser.java:1150) ~[nashorn.jar:?]
	at jdk.nashorn.internal.parser.Parser.statement(Parser.java:967) ~[nashorn.jar:?]
	at jdk.nashorn.internal.parser.Parser.sourceElements(Parser.java:773) ~[nashorn.jar:?]
	at jdk.nashorn.internal.parser.Parser.program(Parser.java:709) ~[nashorn.jar:?]
	at jdk.nashorn.internal.parser.Parser.parse(Parser.java:283) ~[nashorn.jar:?]
	at jdk.nashorn.internal.parser.Parser.parse(Parser.java:249) ~[nashorn.jar:?]
	at jdk.nashorn.internal.runtime.Context.compile(Context.java:1284) ~[nashorn.jar:?]
	at jdk.nashorn.internal.runtime.Context.compileScript(Context.java:1251) ~[nashorn.jar:?]
	at jdk.nashorn.internal.runtime.Context.compileScript(Context.java:627) ~[nashorn.jar:?]
	at jdk.nashorn.api.scripting.NashornScriptEngine.compileImpl(NashornScriptEngine.java:535) ~[nashorn.jar:?]
	... 17 more
2018-05-07 11:17:14,457 INFO o.a.j.t.JMeterThread: Thread started: run stored 3-9
2018-05-07 11:17:14,903 ERROR o.a.j.f.JavaScript: Error processing Javascript: [("${status}" != "completed") && (${counter}<50)]

javax.script.ScriptException: <eval>:1:34 Expected ) but found {
("${status}" != "completed") && (${counter}<50)
                                  ^ in <eval> at line number 1 at column number 34
	at jdk.nashorn.api.scripting.NashornScriptEngine.throwAsScriptException(NashornScriptEngine.java:470) ~[nashorn.jar:?]
	at jdk.nashorn.api.scripting.NashornScriptEngine.compileImpl(NashornScriptEngine.java:537) ~[nashorn.jar:?]
	at jdk.nashorn.api.scripting.NashornScriptEngine.compileImpl(NashornScriptEngine.java:524) ~[nashorn.jar:?]
	at jdk.nashorn.api.scripting.NashornScriptEngine.evalImpl(NashornScriptEngine.java:402) ~[nashorn.jar:?]
	at jdk.nashorn.api.scripting.NashornScriptEngine.eval(NashornScriptEngine.java:155) ~[nashorn.jar:?]
	at org.apache.jmeter.functions.JavaScript.executeWithNashorn(JavaScript.java:142) [ApacheJMeter_functions.jar:3.3 r1808647]
	at org.apache.jmeter.functions.JavaScript.execute(JavaScript.java:103) [ApacheJMeter_functions.jar:3.3 r1808647]
	at org.apache.jmeter.engine.util.CompoundVariable.execute(CompoundVariable.java:137) [ApacheJMeter_core.jar:3.3 r1808647]
	at org.apache.jmeter.engine.util.CompoundVariable.execute(CompoundVariable.java:112) [ApacheJMeter_core.jar:3.3 r1808647]
	at org.apache.jmeter.testelement.property.FunctionProperty.getStringValue(FunctionProperty.java:101) [ApacheJMeter_core.jar:3.3 r1808647]
	at org.apache.jmeter.control.WhileController.getCondition(WhileController.java:124) [ApacheJMeter_core.jar:3.3 r1808647]
	at org.apache.jmeter.control.WhileController.endOfLoop(WhileController.java:56) [ApacheJMeter_core.jar:3.3 r1808647]
	at org.apache.jmeter.control.WhileController.next(WhileController.java:102) [ApacheJMeter_core.jar:3.3 r1808647]
	at org.apache.jmeter.control.GenericController.nextIsAController(GenericController.java:219) [ApacheJMeter_core.jar:3.3 r1808647]
	at org.apache.jmeter.control.GenericController.next(GenericController.java:173) [ApacheJMeter_core.jar:3.3 r1808647]
	at org.apache.jmeter.control.LoopController.next(LoopController.java:123) [ApacheJMeter_core.jar:3.3 r1808647]
	at org.apache.jmeter.threads.AbstractThreadGroup.next(AbstractThreadGroup.java:87) [ApacheJMeter_core.jar:3.3 r1808647]
	at org.apache.jmeter.threads.JMeterThread.run(JMeterThread.java:275) [ApacheJMeter_core.jar:3.3 r1808647]
	at java.lang.Thread.run(Thread.java:748) [?:1.8.0_162]
Caused by: jdk.nashorn.internal.runtime.ParserException: <eval>:1:34 Expected ) but found {
("${status}" != "completed") && (${counter}<50)
                                  ^
	at jdk.nashorn.internal.parser.AbstractParser.error(AbstractParser.java:294) ~[nashorn.jar:?]
	at jdk.nashorn.internal.parser.AbstractParser.error(AbstractParser.java:279) ~[nashorn.jar:?]
	at jdk.nashorn.internal.parser.AbstractParser.expectDontAdvance(AbstractParser.java:350) ~[nashorn.jar:?]
	at jdk.nashorn.internal.parser.AbstractParser.expect(AbstractParser.java:337) ~[nashorn.jar:?]
	at jdk.nashorn.internal.parser.Parser.primaryExpression(Parser.java:1994) ~[nashorn.jar:?]
	at jdk.nashorn.internal.parser.Parser.memberExpression(Parser.java:2511) ~[nashorn.jar:?]
	at jdk.nashorn.internal.parser.Parser.leftHandSideExpression(Parser.java:2372) ~[nashorn.jar:?]
	at jdk.nashorn.internal.parser.Parser.unaryExpression(Parser.java:3147) ~[nashorn.jar:?]
	at jdk.nashorn.internal.parser.Parser.expression(Parser.java:3325) ~[nashorn.jar:?]
	at jdk.nashorn.internal.parser.Parser.expression(Parser.java:3282) ~[nashorn.jar:?]
	at jdk.nashorn.internal.parser.Parser.expressionStatement(Parser.java:1150) ~[nashorn.jar:?]
	at jdk.nashorn.internal.parser.Parser.statement(Parser.java:967) ~[nashorn.jar:?]
	at jdk.nashorn.internal.parser.Parser.sourceElements(Parser.java:773) ~[nashorn.jar:?]
	at jdk.nashorn.internal.parser.Parser.program(Parser.java:709) ~[nashorn.jar:?]
	at jdk.nashorn.internal.parser.Parser.parse(Parser.java:283) ~[nashorn.jar:?]
	at jdk.nashorn.internal.parser.Parser.parse(Parser.java:249) ~[nashorn.jar:?]
	at jdk.nashorn.internal.runtime.Context.compile(Context.java:1284) ~[nashorn.jar:?]
	at jdk.nashorn.internal.runtime.Context.compileScript(Context.java:1251) ~[nashorn.jar:?]
	at jdk.nashorn.internal.runtime.Context.compileScript(Context.java:627) ~[nashorn.jar:?]
	at jdk.nashorn.api.scripting.NashornScriptEngine.compileImpl(NashornScriptEngine.java:535) ~[nashorn.jar:?]
	... 17 more
2018-05-07 11:17:14,972 INFO o.a.j.t.JMeterThread: Thread started: run stored 3-10
2018-05-07 11:17:15,467 ERROR o.a.j.f.JavaScript: Error processing Javascript: [("${status}" != "completed") && (${counter}<50)]

javax.script.ScriptException: <eval>:1:34 Expected ) but found {
("${status}" != "completed") && (${counter}<50)
                                  ^ in <eval> at line number 1 at column number 34
	at jdk.nashorn.api.scripting.NashornScriptEngine.throwAsScriptException(NashornScriptEngine.java:470) ~[nashorn.jar:?]
	at jdk.nashorn.api.scripting.NashornScriptEngine.compileImpl(NashornScriptEngine.java:537) ~[nashorn.jar:?]
	at jdk.nashorn.api.scripting.NashornScriptEngine.compileImpl(NashornScriptEngine.java:524) ~[nashorn.jar:?]
	at jdk.nashorn.api.scripting.NashornScriptEngine.evalImpl(NashornScriptEngine.java:402) ~[nashorn.jar:?]
	at jdk.nashorn.api.scripting.NashornScriptEngine.eval(NashornScriptEngine.java:155) ~[nashorn.jar:?]
	at org.apache.jmeter.functions.JavaScript.executeWithNashorn(JavaScript.java:142) [ApacheJMeter_functions.jar:3.3 r1808647]
	at org.apache.jmeter.functions.JavaScript.execute(JavaScript.java:103) [ApacheJMeter_functions.jar:3.3 r1808647]
	at org.apache.jmeter.engine.util.CompoundVariable.execute(CompoundVariable.java:137) [ApacheJMeter_core.jar:3.3 r1808647]
	at org.apache.jmeter.engine.util.CompoundVariable.execute(CompoundVariable.java:112) [ApacheJMeter_core.jar:3.3 r1808647]
	at org.apache.jmeter.testelement.property.FunctionProperty.getStringValue(FunctionProperty.java:101) [ApacheJMeter_core.jar:3.3 r1808647]
	at org.apache.jmeter.control.WhileController.getCondition(WhileController.java:124) [ApacheJMeter_core.jar:3.3 r1808647]
	at org.apache.jmeter.control.WhileController.endOfLoop(WhileController.java:56) [ApacheJMeter_core.jar:3.3 r1808647]
	at org.apache.jmeter.control.WhileController.next(WhileController.java:102) [ApacheJMeter_core.jar:3.3 r1808647]
	at org.apache.jmeter.control.GenericController.nextIsAController(GenericController.java:219) [ApacheJMeter_core.jar:3.3 r1808647]
	at org.apache.jmeter.control.GenericController.next(GenericController.java:173) [ApacheJMeter_core.jar:3.3 r1808647]
	at org.apache.jmeter.control.LoopController.next(LoopController.java:123) [ApacheJMeter_core.jar:3.3 r1808647]
	at org.apache.jmeter.threads.AbstractThreadGroup.next(AbstractThreadGroup.java:87) [ApacheJMeter_core.jar:3.3 r1808647]
	at org.apache.jmeter.threads.JMeterThread.run(JMeterThread.java:275) [ApacheJMeter_core.jar:3.3 r1808647]
	at java.lang.Thread.run(Thread.java:748) [?:1.8.0_162]
Caused by: jdk.nashorn.internal.runtime.ParserException: <eval>:1:34 Expected ) but found {
("${status}" != "completed") && (${counter}<50)
                                  ^
	at jdk.nashorn.internal.parser.AbstractParser.error(AbstractParser.java:294) ~[nashorn.jar:?]
	at jdk.nashorn.internal.parser.AbstractParser.error(AbstractParser.java:279) ~[nashorn.jar:?]
	at jdk.nashorn.internal.parser.AbstractParser.expectDontAdvance(AbstractParser.java:350) ~[nashorn.jar:?]
	at jdk.nashorn.internal.parser.AbstractParser.expect(AbstractParser.java:337) ~[nashorn.jar:?]
	at jdk.nashorn.internal.parser.Parser.primaryExpression(Parser.java:1994) ~[nashorn.jar:?]
	at jdk.nashorn.internal.parser.Parser.memberExpression(Parser.java:2511) ~[nashorn.jar:?]
	at jdk.nashorn.internal.parser.Parser.leftHandSideExpression(Parser.java:2372) ~[nashorn.jar:?]
	at jdk.nashorn.internal.parser.Parser.unaryExpression(Parser.java:3147) ~[nashorn.jar:?]
	at jdk.nashorn.internal.parser.Parser.expression(Parser.java:3325) ~[nashorn.jar:?]
	at jdk.nashorn.internal.parser.Parser.expression(Parser.java:3282) ~[nashorn.jar:?]
	at jdk.nashorn.internal.parser.Parser.expressionStatement(Parser.java:1150) ~[nashorn.jar:?]
	at jdk.nashorn.internal.parser.Parser.statement(Parser.java:967) ~[nashorn.jar:?]
	at jdk.nashorn.internal.parser.Parser.sourceElements(Parser.java:773) ~[nashorn.jar:?]
	at jdk.nashorn.internal.parser.Parser.program(Parser.java:709) ~[nashorn.jar:?]
	at jdk.nashorn.internal.parser.Parser.parse(Parser.java:283) ~[nashorn.jar:?]
	at jdk.nashorn.internal.parser.Parser.parse(Parser.java:249) ~[nashorn.jar:?]
	at jdk.nashorn.internal.runtime.Context.compile(Context.java:1284) ~[nashorn.jar:?]
	at jdk.nashorn.internal.runtime.Context.compileScript(Context.java:1251) ~[nashorn.jar:?]
	at jdk.nashorn.internal.runtime.Context.compileScript(Context.java:627) ~[nashorn.jar:?]
	at jdk.nashorn.api.scripting.NashornScriptEngine.compileImpl(NashornScriptEngine.java:535) ~[nashorn.jar:?]
	... 17 more
2018-05-07 11:17:15,816 WARN o.a.j.t.JSR223Timer: Script did not return a value
2018-05-07 11:17:16,283 WARN o.a.j.t.JSR223Timer: Script did not return a value
2018-05-07 11:17:16,742 INFO o.a.j.r.ResultCollector: Shutdown hook started
2018-05-07 11:17:16,742 INFO o.a.j.r.ResultCollector: Shutdown hook ended
