2018-03-11 15:08:54,524 INFO o.a.j.u.JMeterUtils: Setting Locale to en_US
2018-03-11 15:08:54,531 INFO o.a.j.JMeter: Loading user properties from: /home/eitang/WorkStuff/TestManager/apache-jmeter-3.3/bin/user.properties
2018-03-11 15:08:54,532 INFO o.a.j.JMeter: Loading system properties from: /home/eitang/WorkStuff/TestManager/apache-jmeter-3.3/bin/system.properties
2018-03-11 15:08:54,534 INFO o.a.j.JMeter: Copyright (c) 1998-2017 The Apache Software Foundation
2018-03-11 15:08:54,534 INFO o.a.j.JMeter: Version 3.3 r1808647
2018-03-11 15:08:54,534 INFO o.a.j.JMeter: java.version=1.8.0_151
2018-03-11 15:08:54,534 INFO o.a.j.JMeter: java.vm.name=OpenJDK 64-Bit Server VM
2018-03-11 15:08:54,534 INFO o.a.j.JMeter: os.name=Linux
2018-03-11 15:08:54,534 INFO o.a.j.JMeter: os.arch=amd64
2018-03-11 15:08:54,534 INFO o.a.j.JMeter: os.version=4.4.0-116-generic
2018-03-11 15:08:54,535 INFO o.a.j.JMeter: file.encoding=UTF-8
2018-03-11 15:08:54,535 INFO o.a.j.JMeter: Max memory     =536870912
2018-03-11 15:08:54,535 INFO o.a.j.JMeter: Available Processors =8
2018-03-11 15:08:54,537 INFO o.a.j.JMeter: Default Locale=English (United States)
2018-03-11 15:08:54,537 INFO o.a.j.JMeter: JMeter  Locale=English (United States)
2018-03-11 15:08:54,537 INFO o.a.j.JMeter: JMeterHome=/home/eitang/WorkStuff/TestManager/apache-jmeter-3.3
2018-03-11 15:08:54,538 INFO o.a.j.JMeter: user.dir  =/home/eitang/WorkStuff/TestManager/system-tests/run_files
2018-03-11 15:08:54,538 INFO o.a.j.JMeter: PWD       =/home/eitang/WorkStuff/TestManager/system-tests/run_files
2018-03-11 15:08:54,538 INFO o.a.j.JMeter: IP: 127.0.1.1 Name: ubuntu-eitang-ww FullName: ubuntu-eitang-ww
2018-03-11 15:08:54,539 INFO o.a.j.JMeter: Setting property 'jmeter.reportgenerator.outputdir' to:'/home/eitang/WorkStuff/TestManager/system-tests/run_files/results/dashboards/TID_170_1_10 percent overhead batch'
2018-03-11 15:08:54,540 INFO o.a.j.s.FileServer: Default base='/home/eitang/WorkStuff/TestManager/system-tests/run_files'
2018-03-11 15:08:54,540 INFO o.a.j.s.FileServer: Set new base='/home/eitang/WorkStuff/TestManager/system-tests/run_files/../tests/TID'
2018-03-11 15:08:54,619 INFO o.a.j.s.SaveService: Testplan (JMX) version: 2.2. Testlog (JTL) version: 2.2
2018-03-11 15:08:54,627 INFO o.a.j.s.SaveService: Using SaveService properties file encoding UTF-8
2018-03-11 15:08:54,629 INFO o.a.j.s.SaveService: Using SaveService properties version 3.2
2018-03-11 15:08:54,633 INFO o.a.j.s.SaveService: Loading file: ../tests/TID/TID_170_1_10 percent overhead batch.jmx
2018-03-11 15:08:54,664 INFO o.a.j.p.h.s.HTTPSamplerBase: Parser for text/html is org.apache.jmeter.protocol.http.parser.LagartoBasedHtmlParser
2018-03-11 15:08:54,665 INFO o.a.j.p.h.s.HTTPSamplerBase: Parser for application/xhtml+xml is org.apache.jmeter.protocol.http.parser.LagartoBasedHtmlParser
2018-03-11 15:08:54,665 INFO o.a.j.p.h.s.HTTPSamplerBase: Parser for application/xml is org.apache.jmeter.protocol.http.parser.LagartoBasedHtmlParser
2018-03-11 15:08:54,665 INFO o.a.j.p.h.s.HTTPSamplerBase: Parser for text/xml is org.apache.jmeter.protocol.http.parser.LagartoBasedHtmlParser
2018-03-11 15:08:54,665 INFO o.a.j.p.h.s.HTTPSamplerBase: Parser for text/vnd.wap.wml is org.apache.jmeter.protocol.http.parser.RegexpHTMLParser
2018-03-11 15:08:54,665 INFO o.a.j.p.h.s.HTTPSamplerBase: Parser for text/css is org.apache.jmeter.protocol.http.parser.CssParser
2018-03-11 15:08:54,714 INFO o.a.j.c.IncludeController: loadIncludedElements -- try to load included module: /home/eitang/WorkStuff/TestManager/system-tests/run_files/../tf_Get status REST.jmx
2018-03-11 15:08:54,714 INFO o.a.j.c.IncludeController: loadIncludedElements -failed for: /home/eitang/WorkStuff/TestManager/system-tests/run_files/../tf_Get status REST.jmx
2018-03-11 15:08:54,714 INFO o.a.j.c.IncludeController: loadIncludedElements -Attempting to read it from: /home/eitang/WorkStuff/TestManager/system-tests/run_files/../tests/TID/../tf_Get status REST.jmx
2018-03-11 15:08:54,714 INFO o.a.j.s.SaveService: Loading file: /home/eitang/WorkStuff/TestManager/system-tests/run_files/../tests/TID/../tf_Get status REST.jmx
2018-03-11 15:08:54,915 INFO o.a.j.c.IncludeController: loadIncludedElements -- try to load included module: /home/eitang/WorkStuff/TestManager/system-tests/run_files/../tf_Get results REST.jmx
2018-03-11 15:08:54,915 INFO o.a.j.c.IncludeController: loadIncludedElements -failed for: /home/eitang/WorkStuff/TestManager/system-tests/run_files/../tf_Get results REST.jmx
2018-03-11 15:08:54,916 INFO o.a.j.c.IncludeController: loadIncludedElements -Attempting to read it from: /home/eitang/WorkStuff/TestManager/system-tests/run_files/../tests/TID/../tf_Get results REST.jmx
2018-03-11 15:08:54,916 INFO o.a.j.s.SaveService: Loading file: /home/eitang/WorkStuff/TestManager/system-tests/run_files/../tests/TID/../tf_Get results REST.jmx
2018-03-11 15:08:54,919 INFO o.a.j.c.IncludeController: loadIncludedElements -- try to load included module: /home/eitang/WorkStuff/TestManager/system-tests/run_files/../tf_assert expected actual.jmx
2018-03-11 15:08:54,919 INFO o.a.j.c.IncludeController: loadIncludedElements -failed for: /home/eitang/WorkStuff/TestManager/system-tests/run_files/../tf_assert expected actual.jmx
2018-03-11 15:08:54,919 INFO o.a.j.c.IncludeController: loadIncludedElements -Attempting to read it from: /home/eitang/WorkStuff/TestManager/system-tests/run_files/../tests/TID/../tf_assert expected actual.jmx
2018-03-11 15:08:54,919 INFO o.a.j.s.SaveService: Loading file: /home/eitang/WorkStuff/TestManager/system-tests/run_files/../tests/TID/../tf_assert expected actual.jmx
2018-03-11 15:08:54,924 INFO o.a.j.c.IncludeController: loadIncludedElements -- try to load included module: /home/eitang/WorkStuff/TestManager/system-tests/run_files/../tf_Get status REST.jmx
2018-03-11 15:08:54,924 INFO o.a.j.c.IncludeController: loadIncludedElements -failed for: /home/eitang/WorkStuff/TestManager/system-tests/run_files/../tf_Get status REST.jmx
2018-03-11 15:08:54,924 INFO o.a.j.c.IncludeController: loadIncludedElements -Attempting to read it from: /home/eitang/WorkStuff/TestManager/system-tests/run_files/../tests/TID/../tf_Get status REST.jmx
2018-03-11 15:08:54,924 INFO o.a.j.s.SaveService: Loading file: /home/eitang/WorkStuff/TestManager/system-tests/run_files/../tests/TID/../tf_Get status REST.jmx
2018-03-11 15:08:54,930 INFO o.a.j.c.IncludeController: loadIncludedElements -- try to load included module: /home/eitang/WorkStuff/TestManager/system-tests/run_files/../tf_Get results REST.jmx
2018-03-11 15:08:54,930 INFO o.a.j.c.IncludeController: loadIncludedElements -failed for: /home/eitang/WorkStuff/TestManager/system-tests/run_files/../tf_Get results REST.jmx
2018-03-11 15:08:54,930 INFO o.a.j.c.IncludeController: loadIncludedElements -Attempting to read it from: /home/eitang/WorkStuff/TestManager/system-tests/run_files/../tests/TID/../tf_Get results REST.jmx
2018-03-11 15:08:54,930 INFO o.a.j.s.SaveService: Loading file: /home/eitang/WorkStuff/TestManager/system-tests/run_files/../tests/TID/../tf_Get results REST.jmx
2018-03-11 15:08:54,933 INFO o.a.j.c.IncludeController: loadIncludedElements -- try to load included module: /home/eitang/WorkStuff/TestManager/system-tests/run_files/../tf_assert expected actual.jmx
2018-03-11 15:08:54,933 INFO o.a.j.c.IncludeController: loadIncludedElements -failed for: /home/eitang/WorkStuff/TestManager/system-tests/run_files/../tf_assert expected actual.jmx
2018-03-11 15:08:54,933 INFO o.a.j.c.IncludeController: loadIncludedElements -Attempting to read it from: /home/eitang/WorkStuff/TestManager/system-tests/run_files/../tests/TID/../tf_assert expected actual.jmx
2018-03-11 15:08:54,933 INFO o.a.j.s.SaveService: Loading file: /home/eitang/WorkStuff/TestManager/system-tests/run_files/../tests/TID/../tf_assert expected actual.jmx
2018-03-11 15:08:54,936 INFO o.a.j.JMeter: Creating summariser <summary>
2018-03-11 15:08:54,940 INFO o.a.j.r.d.ReportGenerator: ReportGenerator will use for Parsing the separator: ','
2018-03-11 15:08:54,940 INFO o.a.j.r.d.ReportGenerator: Will generate report at end of test from  results file: results/TID_170_1_10 percent overhead batch.jtl
2018-03-11 15:08:54,940 INFO o.a.j.r.d.ReportGenerator: Reading report generator properties from: /home/eitang/WorkStuff/TestManager/apache-jmeter-3.3/bin/reportgenerator.properties
2018-03-11 15:08:54,940 INFO o.a.j.r.d.ReportGenerator: Merging with JMeter properties
2018-03-11 15:08:54,944 INFO o.a.j.r.c.ReportGeneratorConfiguration: Property 'jmeter.reportgenerator.temp_dir' not found, using default value 'temp' instead.
2018-03-11 15:08:54,945 INFO o.a.j.r.c.ReportGeneratorConfiguration: Property 'jmeter.reportgenerator.apdex_per_transaction' not found, using default value 'null' instead.
2018-03-11 15:08:54,945 INFO o.a.j.r.c.ReportGeneratorConfiguration: apdex_per_transaction : {} is empty, not APDEX per transaction customization
2018-03-11 15:08:54,946 INFO o.a.j.r.c.ReportGeneratorConfiguration: Property 'jmeter.reportgenerator.sample_filter' not found, using default value 'null' instead.
2018-03-11 15:08:54,946 INFO o.a.j.r.c.ReportGeneratorConfiguration: Property 'jmeter.reportgenerator.report_title' not found, using default value 'null' instead.
2018-03-11 15:08:54,946 INFO o.a.j.r.c.ReportGeneratorConfiguration: Property 'jmeter.reportgenerator.start_date' not found, using default value 'null' instead.
2018-03-11 15:08:54,946 INFO o.a.j.r.c.ReportGeneratorConfiguration: Property 'jmeter.reportgenerator.end_date' not found, using default value 'null' instead.
2018-03-11 15:08:54,946 INFO o.a.j.r.c.ReportGeneratorConfiguration: Property 'jmeter.reportgenerator.date_format' not found, using default value 'null' instead.
2018-03-11 15:08:54,946 INFO o.a.j.r.c.ReportGeneratorConfiguration: Will use date range start date: null, end date: null
2018-03-11 15:08:54,949 INFO o.a.j.r.c.ReportGeneratorConfiguration: Property 'jmeter.reportgenerator.graph.activeThreadsOverTime.exclude_controllers' not found, using default value 'false' instead.
2018-03-11 15:08:54,949 INFO o.a.j.r.c.ReportGeneratorConfiguration: Property 'jmeter.reportgenerator.graph.timeVsThreads.exclude_controllers' not found, using default value 'false' instead.
2018-03-11 15:08:54,949 INFO o.a.j.r.c.ReportGeneratorConfiguration: Property 'jmeter.reportgenerator.graph.responseTimeDistribution.exclude_controllers' not found, using default value 'false' instead.
2018-03-11 15:08:54,950 INFO o.a.j.r.c.ReportGeneratorConfiguration: Property 'jmeter.reportgenerator.graph.transactionsPerSecond.exclude_controllers' not found, using default value 'false' instead.
2018-03-11 15:08:54,950 INFO o.a.j.r.c.ReportGeneratorConfiguration: Property 'jmeter.reportgenerator.graph.responseTimePercentiles.exclude_controllers' not found, using default value 'false' instead.
2018-03-11 15:08:54,950 INFO o.a.j.r.c.ReportGeneratorConfiguration: Property 'jmeter.reportgenerator.graph.responseTimePercentilesOverTime.exclude_controllers' not found, using default value 'false' instead.
2018-03-11 15:08:54,950 INFO o.a.j.r.c.ReportGeneratorConfiguration: Property 'jmeter.reportgenerator.graph.responseTimesOverTime.exclude_controllers' not found, using default value 'false' instead.
2018-03-11 15:08:54,950 INFO o.a.j.r.c.ReportGeneratorConfiguration: Property 'jmeter.reportgenerator.graph.connectTimeOverTime.exclude_controllers' not found, using default value 'false' instead.
2018-03-11 15:08:54,950 INFO o.a.j.r.c.ReportGeneratorConfiguration: Property 'jmeter.reportgenerator.graph.latenciesOverTime.exclude_controllers' not found, using default value 'false' instead.
2018-03-11 15:08:54,951 INFO o.a.j.r.c.ReportGeneratorConfiguration: Property 'jmeter.reportgenerator.exporter.html.filters_only_sample_series' not found, using default value 'true' instead.
2018-03-11 15:08:54,951 INFO o.a.j.r.c.ReportGeneratorConfiguration: Property 'jmeter.reportgenerator.exporter.html.series_filter' not found, using default value '' instead.
2018-03-11 15:08:54,951 INFO o.a.j.r.c.ReportGeneratorConfiguration: Property 'jmeter.reportgenerator.exporter.html.show_controllers_only' not found, using default value 'false' instead.
2018-03-11 15:08:54,954 INFO o.a.j.e.StandardJMeterEngine: Running the test!
2018-03-11 15:08:54,971 INFO o.a.j.s.SampleEvent: List of sample_variables: []
2018-03-11 15:08:54,971 INFO o.a.j.s.SampleEvent: List of sample_variables: []
2018-03-11 15:08:54,987 INFO o.a.j.e.u.CompoundVariable: Note: Function class names must contain the string: '.functions.'
2018-03-11 15:08:54,987 INFO o.a.j.e.u.CompoundVariable: Note: Function class names must not contain the string: '.gui.'
2018-03-11 15:08:55,182 INFO o.a.j.JMeter: Running test (1520773735182)
2018-03-11 15:08:55,213 INFO o.a.j.e.StandardJMeterEngine: Starting ThreadGroup: 1 : create workflow
2018-03-11 15:08:55,214 INFO o.a.j.e.StandardJMeterEngine: Starting 1 threads for group create workflow.
2018-03-11 15:08:55,214 INFO o.a.j.e.StandardJMeterEngine: Thread will continue on error
2018-03-11 15:08:55,214 INFO o.a.j.t.ThreadGroup: Starting thread group... number=1 threads=1 ramp-up=1 perThread=1000.0 delayedStart=false
2018-03-11 15:08:55,219 INFO o.a.j.t.ThreadGroup: Started thread group number 1
2018-03-11 15:08:55,219 INFO o.a.j.e.StandardJMeterEngine: Waiting for thread group: create workflow to finish before starting next group
2018-03-11 15:08:55,224 INFO o.a.j.t.JMeterThread: Thread started: create workflow 1-1
2018-03-11 15:08:55,225 INFO o.a.j.s.FileServer: Stored: ../../testConfigFiles/paths.csv
2018-03-11 15:08:55,226 INFO o.a.j.s.FileServer: Stored: ../../testConfigFiles/ipConfigs.csv
2018-03-11 15:08:55,239 INFO o.a.j.p.h.s.HTTPHCAbstractImpl: Local host = ubuntu-eitang-ww
2018-03-11 15:08:55,244 INFO o.a.j.p.h.s.HTTPHC4Impl: HTTP request retry count = 0
2018-03-11 15:08:55,250 INFO o.a.j.s.SampleResult: Note: Sample TimeStamps are START times
2018-03-11 15:08:55,250 INFO o.a.j.s.SampleResult: sampleresult.default.encoding is set to ISO-8859-1
2018-03-11 15:08:55,250 INFO o.a.j.s.SampleResult: sampleresult.useNanoTime=true
2018-03-11 15:08:55,250 INFO o.a.j.s.SampleResult: sampleresult.nanoThreadSleep=5000
2018-03-11 15:08:55,301 INFO o.a.j.p.h.s.LazySchemeSocketFactory: Setting up HTTPS TrustAll Socket Factory
2018-03-11 15:08:55,307 INFO o.a.j.u.JsseSSLManager: Using default SSL protocol: TLS
2018-03-11 15:08:55,307 INFO o.a.j.u.JsseSSLManager: SSL session context: per-thread
2018-03-11 15:08:55,384 INFO o.a.j.u.SSLManager: JmeterKeyStore Location:  type JKS
2018-03-11 15:08:55,385 INFO o.a.j.u.SSLManager: KeyStore created OK
2018-03-11 15:08:55,385 WARN o.a.j.u.SSLManager: Keystore file not found, loading empty keystore
2018-03-11 15:08:55,833 INFO o.a.j.t.JMeterThread: Thread is done: create workflow 1-1
2018-03-11 15:08:55,833 INFO o.a.j.t.JMeterThread: Thread finished: create workflow 1-1
2018-03-11 15:08:55,833 INFO o.a.j.e.StandardJMeterEngine: Starting ThreadGroup: 2 : Create request REST
2018-03-11 15:08:55,833 INFO o.a.j.e.StandardJMeterEngine: Starting 1 threads for group Create request REST.
2018-03-11 15:08:55,834 INFO o.a.j.e.StandardJMeterEngine: Thread will stop on error
2018-03-11 15:08:55,834 INFO o.a.j.t.ThreadGroup: Starting thread group... number=2 threads=1 ramp-up=1 perThread=1000.0 delayedStart=false
2018-03-11 15:08:55,838 INFO o.a.j.c.IncludeController: loadIncludedElements -- try to load included module: /home/eitang/WorkStuff/TestManager/system-tests/run_files/../tf_Get status REST.jmx
2018-03-11 15:08:55,838 INFO o.a.j.c.IncludeController: loadIncludedElements -failed for: /home/eitang/WorkStuff/TestManager/system-tests/run_files/../tf_Get status REST.jmx
2018-03-11 15:08:55,838 INFO o.a.j.c.IncludeController: loadIncludedElements -Attempting to read it from: /home/eitang/WorkStuff/TestManager/system-tests/run_files/../tests/TID/../tf_Get status REST.jmx
2018-03-11 15:08:55,838 INFO o.a.j.s.SaveService: Loading file: /home/eitang/WorkStuff/TestManager/system-tests/run_files/../tests/TID/../tf_Get status REST.jmx
2018-03-11 15:08:55,850 INFO o.a.j.c.IncludeController: loadIncludedElements -- try to load included module: /home/eitang/WorkStuff/TestManager/system-tests/run_files/../tf_Get results REST.jmx
2018-03-11 15:08:55,850 INFO o.a.j.c.IncludeController: loadIncludedElements -failed for: /home/eitang/WorkStuff/TestManager/system-tests/run_files/../tf_Get results REST.jmx
2018-03-11 15:08:55,850 INFO o.a.j.c.IncludeController: loadIncludedElements -Attempting to read it from: /home/eitang/WorkStuff/TestManager/system-tests/run_files/../tests/TID/../tf_Get results REST.jmx
2018-03-11 15:08:55,850 INFO o.a.j.s.SaveService: Loading file: /home/eitang/WorkStuff/TestManager/system-tests/run_files/../tests/TID/../tf_Get results REST.jmx
2018-03-11 15:08:55,857 INFO o.a.j.c.IncludeController: loadIncludedElements -- try to load included module: /home/eitang/WorkStuff/TestManager/system-tests/run_files/../tf_assert expected actual.jmx
2018-03-11 15:08:55,858 INFO o.a.j.c.IncludeController: loadIncludedElements -failed for: /home/eitang/WorkStuff/TestManager/system-tests/run_files/../tf_assert expected actual.jmx
2018-03-11 15:08:55,858 INFO o.a.j.c.IncludeController: loadIncludedElements -Attempting to read it from: /home/eitang/WorkStuff/TestManager/system-tests/run_files/../tests/TID/../tf_assert expected actual.jmx
2018-03-11 15:08:55,858 INFO o.a.j.s.SaveService: Loading file: /home/eitang/WorkStuff/TestManager/system-tests/run_files/../tests/TID/../tf_assert expected actual.jmx
2018-03-11 15:08:55,879 INFO o.a.j.t.ThreadGroup: Started thread group number 2
2018-03-11 15:08:55,879 INFO o.a.j.e.StandardJMeterEngine: Waiting for thread group: Create request REST to finish before starting next group
2018-03-11 15:08:55,880 INFO o.a.j.t.JMeterThread: Thread started: Create request REST 2-1
2018-03-11 15:08:56,421 ERROR o.a.j.f.JavaScript: Error processing Javascript: [("${status}" != "completed") && (${counter}<75)]

javax.script.ScriptException: <eval>:1:34 Expected ) but found {
("${status}" != "completed") && (${counter}<75)
                                  ^ in <eval> at line number 1 at column number 34
	at jdk.nashorn.api.scripting.NashornScriptEngine.throwAsScriptException(NashornScriptEngine.java:470) ~[nashorn.jar:?]
	at jdk.nashorn.api.scripting.NashornScriptEngine.compileImpl(NashornScriptEngine.java:537) ~[nashorn.jar:?]
	at jdk.nashorn.api.scripting.NashornScriptEngine.compileImpl(NashornScriptEngine.java:524) ~[nashorn.jar:?]
	at jdk.nashorn.api.scripting.NashornScriptEngine.evalImpl(NashornScriptEngine.java:402) ~[nashorn.jar:?]
	at jdk.nashorn.api.scripting.NashornScriptEngine.eval(NashornScriptEngine.java:155) ~[nashorn.jar:?]
	at org.apache.jmeter.functions.JavaScript.executeWithNashorn(JavaScript.java:142) [ApacheJMeter_functions.jar:3.3 r1808647]
	at org.apache.jmeter.functions.JavaScript.execute(JavaScript.java:103) [ApacheJMeter_functions.jar:3.3 r1808647]
	at org.apache.jmeter.engine.util.CompoundVariable.execute(CompoundVariable.java:137) [ApacheJMeter_core.jar:3.3 r1808647]
	at org.apache.jmeter.engine.util.CompoundVariable.execute(CompoundVariable.java:112) [ApacheJMeter_core.jar:3.3 r1808647]
	at org.apache.jmeter.testelement.property.FunctionProperty.getStringValue(FunctionProperty.java:101) [ApacheJMeter_core.jar:3.3 r1808647]
	at org.apache.jmeter.control.WhileController.getCondition(WhileController.java:124) [ApacheJMeter_core.jar:3.3 r1808647]
	at org.apache.jmeter.control.WhileController.endOfLoop(WhileController.java:56) [ApacheJMeter_core.jar:3.3 r1808647]
	at org.apache.jmeter.control.WhileController.next(WhileController.java:102) [ApacheJMeter_core.jar:3.3 r1808647]
	at org.apache.jmeter.control.GenericController.nextIsAController(GenericController.java:219) [ApacheJMeter_core.jar:3.3 r1808647]
	at org.apache.jmeter.control.GenericController.next(GenericController.java:173) [ApacheJMeter_core.jar:3.3 r1808647]
	at org.apache.jmeter.control.GenericController.nextIsAController(GenericController.java:219) [ApacheJMeter_core.jar:3.3 r1808647]
	at org.apache.jmeter.control.GenericController.next(GenericController.java:173) [ApacheJMeter_core.jar:3.3 r1808647]
	at org.apache.jmeter.control.LoopController.next(LoopController.java:123) [ApacheJMeter_core.jar:3.3 r1808647]
	at org.apache.jmeter.threads.AbstractThreadGroup.next(AbstractThreadGroup.java:87) [ApacheJMeter_core.jar:3.3 r1808647]
	at org.apache.jmeter.threads.JMeterThread.run(JMeterThread.java:275) [ApacheJMeter_core.jar:3.3 r1808647]
	at java.lang.Thread.run(Thread.java:748) [?:1.8.0_151]
Caused by: jdk.nashorn.internal.runtime.ParserException: <eval>:1:34 Expected ) but found {
("${status}" != "completed") && (${counter}<75)
                                  ^
	at jdk.nashorn.internal.parser.AbstractParser.error(AbstractParser.java:294) ~[nashorn.jar:?]
	at jdk.nashorn.internal.parser.AbstractParser.error(AbstractParser.java:279) ~[nashorn.jar:?]
	at jdk.nashorn.internal.parser.AbstractParser.expectDontAdvance(AbstractParser.java:350) ~[nashorn.jar:?]
	at jdk.nashorn.internal.parser.AbstractParser.expect(AbstractParser.java:337) ~[nashorn.jar:?]
	at jdk.nashorn.internal.parser.Parser.primaryExpression(Parser.java:1994) ~[nashorn.jar:?]
	at jdk.nashorn.internal.parser.Parser.memberExpression(Parser.java:2511) ~[nashorn.jar:?]
	at jdk.nashorn.internal.parser.Parser.leftHandSideExpression(Parser.java:2372) ~[nashorn.jar:?]
	at jdk.nashorn.internal.parser.Parser.unaryExpression(Parser.java:3147) ~[nashorn.jar:?]
	at jdk.nashorn.internal.parser.Parser.expression(Parser.java:3325) ~[nashorn.jar:?]
	at jdk.nashorn.internal.parser.Parser.expression(Parser.java:3282) ~[nashorn.jar:?]
	at jdk.nashorn.internal.parser.Parser.expressionStatement(Parser.java:1150) ~[nashorn.jar:?]
	at jdk.nashorn.internal.parser.Parser.statement(Parser.java:967) ~[nashorn.jar:?]
	at jdk.nashorn.internal.parser.Parser.sourceElements(Parser.java:773) ~[nashorn.jar:?]
	at jdk.nashorn.internal.parser.Parser.program(Parser.java:709) ~[nashorn.jar:?]
	at jdk.nashorn.internal.parser.Parser.parse(Parser.java:283) ~[nashorn.jar:?]
	at jdk.nashorn.internal.parser.Parser.parse(Parser.java:249) ~[nashorn.jar:?]
	at jdk.nashorn.internal.runtime.Context.compile(Context.java:1284) ~[nashorn.jar:?]
	at jdk.nashorn.internal.runtime.Context.compileScript(Context.java:1251) ~[nashorn.jar:?]
	at jdk.nashorn.internal.runtime.Context.compileScript(Context.java:627) ~[nashorn.jar:?]
	at jdk.nashorn.api.scripting.NashornScriptEngine.compileImpl(NashornScriptEngine.java:535) ~[nashorn.jar:?]
	... 19 more
2018-03-11 15:09:01,635 WARN o.a.j.t.JSR223Timer: Script did not return a value
2018-03-11 15:09:01,855 INFO o.a.j.r.Summariser: summary +      4 in 00:00:07 =    0.6/s Avg:   310 Min:     4 Max:   564 Err:     0 (0.00%) Active: 1 Started: 2 Finished: 1
2018-03-11 15:09:06,888 WARN o.a.j.t.JSR223Timer: Script did not return a value
2018-03-11 15:09:12,338 WARN o.a.j.t.JSR223Timer: Script did not return a value
2018-03-11 15:09:17,770 WARN o.a.j.t.JSR223Timer: Script did not return a value
2018-03-11 15:09:23,208 WARN o.a.j.t.JSR223Timer: Script did not return a value
2018-03-11 15:09:28,450 WARN o.a.j.t.JSR223Timer: Script did not return a value
2018-03-11 15:09:33,894 WARN o.a.j.t.JSR223Timer: Script did not return a value
2018-03-11 15:09:34,287 INFO o.a.j.r.Summariser: summary +      6 in 00:00:32 =    0.2/s Avg:   364 Min:   210 Max:   398 Err:     0 (0.00%) Active: 1 Started: 2 Finished: 1
2018-03-11 15:09:34,287 INFO o.a.j.r.Summariser: summary =     10 in 00:00:39 =    0.3/s Avg:   342 Min:     4 Max:   564 Err:     0 (0.00%)
2018-03-11 15:09:39,313 WARN o.a.j.t.JSR223Timer: Script did not return a value
2018-03-11 15:09:44,550 WARN o.a.j.t.JSR223Timer: Script did not return a value
