2018-05-17 09:26:37,921 INFO o.a.j.u.JMeterUtils: Setting Locale to en_EN
2018-05-17 09:26:37,930 INFO o.a.j.JMeter: Loading user properties from: /home/eitang/WorkStuff/TestManager/apache-jmeter-4.0/bin/user.properties
2018-05-17 09:26:37,930 INFO o.a.j.JMeter: Loading system properties from: /home/eitang/WorkStuff/TestManager/apache-jmeter-4.0/bin/system.properties
2018-05-17 09:26:37,933 INFO o.a.j.JMeter: Copyright (c) 1998-2018 The Apache Software Foundation
2018-05-17 09:26:37,933 INFO o.a.j.JMeter: Version 4.0 r1823414
2018-05-17 09:26:37,933 INFO o.a.j.JMeter: java.version=1.8.0_171
2018-05-17 09:26:37,933 INFO o.a.j.JMeter: java.vm.name=OpenJDK 64-Bit Server VM
2018-05-17 09:26:37,933 INFO o.a.j.JMeter: os.name=Linux
2018-05-17 09:26:37,933 INFO o.a.j.JMeter: os.arch=amd64
2018-05-17 09:26:37,933 INFO o.a.j.JMeter: os.version=4.4.0-122-generic
2018-05-17 09:26:37,933 INFO o.a.j.JMeter: file.encoding=UTF-8
2018-05-17 09:26:37,933 INFO o.a.j.JMeter: Max memory     =1073741824
2018-05-17 09:26:37,934 INFO o.a.j.JMeter: Available Processors =8
2018-05-17 09:26:37,936 INFO o.a.j.JMeter: Default Locale=English (EN)
2018-05-17 09:26:37,936 INFO o.a.j.JMeter: JMeter  Locale=English (EN)
2018-05-17 09:26:37,936 INFO o.a.j.JMeter: JMeterHome=/home/eitang/WorkStuff/TestManager/apache-jmeter-4.0
2018-05-17 09:26:37,936 INFO o.a.j.JMeter: user.dir  =/home/eitang/WorkStuff/TestManager/system-tests/tests
2018-05-17 09:26:37,936 INFO o.a.j.JMeter: PWD       =/home/eitang/WorkStuff/TestManager/system-tests/tests
2018-05-17 09:26:37,937 INFO o.a.j.JMeter: IP: 127.0.1.1 Name: ubuntu-eitang-ww FullName: ubuntu-eitang-ww
2018-05-17 09:26:38,530 INFO o.a.j.g.a.LookAndFeelCommand: Installing Darcula LAF
2018-05-17 09:26:38,555 INFO o.a.j.g.a.LookAndFeelCommand: Using look and feel: com.bulenkov.darcula.DarculaLaf [Darcula]
2018-05-17 09:26:38,555 INFO o.a.j.JMeter: Setting LAF to: com.bulenkov.darcula.DarculaLaf
2018-05-17 09:26:38,596 INFO o.a.j.JMeter: Loaded icon properties from org/apache/jmeter/images/icon.properties
2018-05-17 09:26:39,059 INFO o.a.j.e.u.CompoundVariable: Note: Function class names must contain the string: '.functions.'
2018-05-17 09:26:39,059 INFO o.a.j.e.u.CompoundVariable: Note: Function class names must not contain the string: '.gui.'
2018-05-17 09:26:40,486 INFO o.a.j.p.h.s.HTTPSamplerBase: Parser for text/html is org.apache.jmeter.protocol.http.parser.LagartoBasedHtmlParser
2018-05-17 09:26:40,486 INFO o.a.j.p.h.s.HTTPSamplerBase: Parser for application/xhtml+xml is org.apache.jmeter.protocol.http.parser.LagartoBasedHtmlParser
2018-05-17 09:26:40,486 INFO o.a.j.p.h.s.HTTPSamplerBase: Parser for application/xml is org.apache.jmeter.protocol.http.parser.LagartoBasedHtmlParser
2018-05-17 09:26:40,486 INFO o.a.j.p.h.s.HTTPSamplerBase: Parser for text/xml is org.apache.jmeter.protocol.http.parser.LagartoBasedHtmlParser
2018-05-17 09:26:40,487 INFO o.a.j.p.h.s.HTTPSamplerBase: Parser for text/vnd.wap.wml is org.apache.jmeter.protocol.http.parser.RegexpHTMLParser
2018-05-17 09:26:40,487 INFO o.a.j.p.h.s.HTTPSamplerBase: Parser for text/css is org.apache.jmeter.protocol.http.parser.CssParser
2018-05-17 09:26:40,709 INFO o.a.j.e.KeyToolUtils: keytool found at 'keytool'
2018-05-17 09:26:40,710 INFO o.a.j.p.h.p.ProxyControl: HTTP(S) Test Script Recorder SSL Proxy will use keys that support embedded 3rd party resources in file /home/eitang/WorkStuff/TestManager/apache-jmeter-4.0/bin/proxyserver.jks
2018-05-17 09:26:40,792 INFO o.a.j.s.FileServer: Default base='/home/eitang/WorkStuff/TestManager/system-tests/tests'
2018-05-17 09:26:40,988 INFO o.a.j.s.SampleResult: Note: Sample TimeStamps are START times
2018-05-17 09:26:40,988 INFO o.a.j.s.SampleResult: sampleresult.default.encoding is set to ISO-8859-1
2018-05-17 09:26:40,988 INFO o.a.j.s.SampleResult: sampleresult.useNanoTime=true
2018-05-17 09:26:40,988 INFO o.a.j.s.SampleResult: sampleresult.nanoThreadSleep=5000
2018-05-17 09:26:40,999 WARN o.a.j.v.ViewResultsFullVisualizer: Error loading result renderer: org.apache.jmeter.visualizers.RenderInBrowser
java.lang.NoClassDefFoundError: javafx/embed/swing/JFXPanel
	at java.lang.Class.forName0(Native Method) ~[?:1.8.0_171]
	at java.lang.Class.forName(Class.java:264) ~[?:1.8.0_171]
	at org.apache.jmeter.visualizers.ViewResultsFullVisualizer.createComboRender(ViewResultsFullVisualizer.java:462) ~[ApacheJMeter_components.jar:4.0 r1823414]
	at org.apache.jmeter.visualizers.ViewResultsFullVisualizer.createLeftPanel(ViewResultsFullVisualizer.java:430) ~[ApacheJMeter_components.jar:4.0 r1823414]
	at org.apache.jmeter.visualizers.ViewResultsFullVisualizer.init(ViewResultsFullVisualizer.java:342) ~[ApacheJMeter_components.jar:4.0 r1823414]
	at org.apache.jmeter.visualizers.ViewResultsFullVisualizer.<init>(ViewResultsFullVisualizer.java:147) ~[ApacheJMeter_components.jar:4.0 r1823414]
	at sun.reflect.NativeConstructorAccessorImpl.newInstance0(Native Method) ~[?:1.8.0_171]
	at sun.reflect.NativeConstructorAccessorImpl.newInstance(NativeConstructorAccessorImpl.java:62) ~[?:1.8.0_171]
	at sun.reflect.DelegatingConstructorAccessorImpl.newInstance(DelegatingConstructorAccessorImpl.java:45) ~[?:1.8.0_171]
	at java.lang.reflect.Constructor.newInstance(Constructor.java:423) ~[?:1.8.0_171]
	at java.lang.Class.newInstance(Class.java:442) ~[?:1.8.0_171]
	at org.apache.jmeter.gui.util.MenuFactory.getGUIComponent(MenuFactory.java:174) ~[ApacheJMeter_core.jar:4.0 r1823414]
	at org.apache.jmeter.gui.util.MenuFactory.initializeMenus(MenuFactory.java:141) ~[ApacheJMeter_core.jar:4.0 r1823414]
	at org.apache.jmeter.gui.util.MenuFactory.<clinit>(MenuFactory.java:106) ~[ApacheJMeter_core.jar:4.0 r1823414]
	at org.apache.jmeter.control.gui.TestPlanGui.createPopupMenu(TestPlanGui.java:92) ~[ApacheJMeter_core.jar:4.0 r1823414]
	at org.apache.jmeter.gui.tree.JMeterTreeNode.createPopupMenu(JMeterTreeNode.java:155) ~[ApacheJMeter_core.jar:4.0 r1823414]
	at org.apache.jmeter.gui.action.EditCommand.doAction(EditCommand.java:46) ~[ApacheJMeter_core.jar:4.0 r1823414]
	at org.apache.jmeter.gui.action.ActionRouter.performAction(ActionRouter.java:88) ~[ApacheJMeter_core.jar:4.0 r1823414]
	at org.apache.jmeter.gui.action.ActionRouter.lambda$actionPerformed$0(ActionRouter.java:70) ~[ApacheJMeter_core.jar:4.0 r1823414]
	at java.awt.event.InvocationEvent.dispatch(InvocationEvent.java:311) [?:1.8.0_171]
	at java.awt.EventQueue.dispatchEventImpl(EventQueue.java:758) [?:1.8.0_171]
	at java.awt.EventQueue.access$500(EventQueue.java:97) [?:1.8.0_171]
	at java.awt.EventQueue$3.run(EventQueue.java:709) [?:1.8.0_171]
	at java.awt.EventQueue$3.run(EventQueue.java:703) [?:1.8.0_171]
	at java.security.AccessController.doPrivileged(Native Method) [?:1.8.0_171]
	at java.security.ProtectionDomain$JavaSecurityAccessImpl.doIntersectionPrivilege(ProtectionDomain.java:80) [?:1.8.0_171]
	at java.awt.EventQueue.dispatchEvent(EventQueue.java:728) [?:1.8.0_171]
	at java.awt.EventDispatchThread.pumpOneEventForFilters(EventDispatchThread.java:205) [?:1.8.0_171]
	at java.awt.EventDispatchThread.pumpEventsForFilter(EventDispatchThread.java:116) [?:1.8.0_171]
	at java.awt.EventDispatchThread.pumpEventsForHierarchy(EventDispatchThread.java:105) [?:1.8.0_171]
	at java.awt.EventDispatchThread.pumpEvents(EventDispatchThread.java:101) [?:1.8.0_171]
	at java.awt.EventDispatchThread.pumpEvents(EventDispatchThread.java:93) [?:1.8.0_171]
	at java.awt.EventDispatchThread.run(EventDispatchThread.java:82) [?:1.8.0_171]
Caused by: java.lang.ClassNotFoundException: javafx.embed.swing.JFXPanel
	at java.net.URLClassLoader.findClass(URLClassLoader.java:381) ~[?:1.8.0_171]
	at java.lang.ClassLoader.loadClass(ClassLoader.java:424) ~[?:1.8.0_171]
	at java.lang.ClassLoader.loadClass(ClassLoader.java:357) ~[?:1.8.0_171]
	... 33 more
2018-05-17 09:26:56,507 INFO o.a.j.g.a.Load: Loading file: /home/eitang/WorkStuff/TestManager/system-tests/tests/tf_Get results REST.jmx
2018-05-17 09:26:56,507 INFO o.a.j.s.FileServer: Set new base='/home/eitang/WorkStuff/TestManager/system-tests/tests'
2018-05-17 09:26:56,618 INFO o.a.j.s.SaveService: Testplan (JMX) version: 2.2. Testlog (JTL) version: 2.2
2018-05-17 09:26:56,628 INFO o.a.j.s.SaveService: Using SaveService properties file encoding UTF-8
2018-05-17 09:26:56,629 INFO o.a.j.s.SaveService: Using SaveService properties version 4.0
2018-05-17 09:26:56,632 INFO o.a.j.s.SaveService: Loading file: /home/eitang/WorkStuff/TestManager/system-tests/tests/tf_Get results REST.jmx
2018-05-17 09:26:56,717 INFO o.a.j.s.FileServer: Set new base='/home/eitang/WorkStuff/TestManager/system-tests/tests'
                                                                                                                                                                                                                                                                                                                                                                                                                                                                                                                                                                                                                                                                                                                                                                                                                                                                                                                                                                                                                                                                                                                                                                                                                                                                                                                                                                                                                                                                                                                                                                                                                                                                                                                                                                                                                                                                                                                                                                                                                                                                                                                                                                                                                                                                                                                                                                                                                                                                                                                                                                                                                                                                                                                                                                                                                                                                                                                                                                                                                                                                                                                                                                                                                                                                                                                                                                                                                                                                                                                                                                                                                                                                                                                                                                                                                                                                                                                                                                                                                                                                                                                                                                                                                                                                                                                                                                                                                                                                                                                                                                                                                                                                                                                                                                                                                                                                                                                                                                                                                                                                                                                                                                                                                                                                                                                                                                                                                                                                                                                                                                                                                                                                                                                                                                                                                                                                                                                                                                                                                                                                                                                                                                                                                                                                                                                                                                                                                                                                                                                                                                                                                                                                                                                                                                                                                                                                                                                                                                                                                                                                                                                                                                                                                                                                                                                                                                                                                                                                                                                                                                                                                                                                                                                                                                                                                                                                                                                                                                                                                                                                                                                                                                                                                                                                                                                                                                                                                                                                                                                                                                                                                                                                                                                                                                                                                                                                                                                                                                                                                                                                                                                                                                        2018-05-17 09:27:07,236 INFO o.a.j.c.IncludeController: loadIncludedElements -- try to load included module: /home/eitang/WorkStuff/TestManager/system-tests/tests/../tf_Get status REST.jmx
2018-05-17 09:27:07,236 INFO o.a.j.c.IncludeController: loadIncludedElements -failed for: /home/eitang/WorkStuff/TestManager/system-tests/tests/../tf_Get status REST.jmx
2018-05-17 09:27:07,236 INFO o.a.j.c.IncludeController: loadIncludedElements -Attempting to read it from: /home/eitang/WorkStuff/TestManager/system-tests/tests/TID/../tf_Get status REST.jmx
2018-05-17 09:27:07,236 INFO o.a.j.s.SaveService: Loading file: /home/eitang/WorkStuff/TestManager/system-tests/tests/TID/../tf_Get status REST.jmx
2018-05-17 09:27:07,246 INFO o.a.j.c.IncludeController: loadIncludedElements -- try to load included module: /home/eitang/WorkStuff/TestManager/system-tests/tests/../tf_Get results REST.jmx
2018-05-17 09:27:07,246 INFO o.a.j.c.IncludeController: loadIncludedElements -failed for: /home/eitang/WorkStuff/TestManager/system-tests/tests/../tf_Get results REST.jmx
2018-05-17 09:27:07,246 INFO o.a.j.c.IncludeController: loadIncludedElements -Attempting to read it from: /home/eitang/WorkStuff/TestManager/system-tests/tests/TID/../tf_Get results REST.jmx
2018-05-17 09:27:07,246 INFO o.a.j.s.SaveService: Loading file: /home/eitang/WorkStuff/TestManager/system-tests/tests/TID/../tf_Get results REST.jmx
2018-05-17 09:27:07,251 INFO o.a.j.c.IncludeController: loadIncludedElements -- try to load included module: /home/eitang/WorkStuff/TestManager/system-tests/tests/../tf_assert expected actual.jmx
2018-05-17 09:27:07,251 INFO o.a.j.c.IncludeController: loadIncludedElements -failed for: /home/eitang/WorkStuff/TestManager/system-tests/tests/../tf_assert expected actual.jmx
2018-05-17 09:27:07,251 INFO o.a.j.c.IncludeController: loadIncludedElements -Attempting to read it from: /home/eitang/WorkStuff/TestManager/system-tests/tests/TID/../tf_assert expected actual.jmx
2018-05-17 09:27:07,251 INFO o.a.j.s.SaveService: Loading file: /home/eitang/WorkStuff/TestManager/system-tests/tests/TID/../tf_assert expected actual.jmx
2018-05-17 09:27:07,270 INFO o.a.j.c.IncludeController: loadIncludedElements -- try to load included module: /home/eitang/WorkStuff/TestManager/system-tests/tests/../tf_Get status REST.jmx
2018-05-17 09:27:07,270 INFO o.a.j.c.IncludeController: loadIncludedElements -failed for: /home/eitang/WorkStuff/TestManager/system-tests/tests/../tf_Get status REST.jmx
2018-05-17 09:27:07,270 INFO o.a.j.c.IncludeController: loadIncludedElements -Attempting to read it from: /home/eitang/WorkStuff/TestManager/system-tests/tests/TID/../tf_Get status REST.jmx
2018-05-17 09:27:07,270 INFO o.a.j.s.SaveService: Loading file: /home/eitang/WorkStuff/TestManager/system-tests/tests/TID/../tf_Get status REST.jmx
2018-05-17 09:27:07,279 INFO o.a.j.c.IncludeController: loadIncludedElements -- try to load included module: /home/eitang/WorkStuff/TestManager/system-tests/tests/../tf_Get results REST.jmx
2018-05-17 09:27:07,279 INFO o.a.j.c.IncludeController: loadIncludedElements -failed for: /home/eitang/WorkStuff/TestManager/system-tests/tests/../tf_Get results REST.jmx
2018-05-17 09:27:07,279 INFO o.a.j.c.IncludeController: loadIncludedElements -Attempting to read it from: /home/eitang/WorkStuff/TestManager/system-tests/tests/TID/../tf_Get results REST.jmx
2018-05-17 09:27:07,279 INFO o.a.j.s.SaveService: Loading file: /home/eitang/WorkStuff/TestManager/system-tests/tests/TID/../tf_Get results REST.jmx
2018-05-17 09:27:07,283 INFO o.a.j.c.IncludeController: loadIncludedElements -- try to load included module: /home/eitang/WorkStuff/TestManager/system-tests/tests/../tf_assert expected actual.jmx
2018-05-17 09:27:07,283 INFO o.a.j.c.IncludeController: loadIncludedElements -failed for: /home/eitang/WorkStuff/TestManager/system-tests/tests/../tf_assert expected actual.jmx
2018-05-17 09:27:07,283 INFO o.a.j.c.IncludeController: loadIncludedElements -Attempting to read it from: /home/eitang/WorkStuff/TestManager/system-tests/tests/TID/../tf_assert expected actual.jmx
2018-05-17 09:27:07,283 INFO o.a.j.s.SaveService: Loading file: /home/eitang/WorkStuff/TestManager/system-tests/tests/TID/../tf_assert expected actual.jmx
2018-05-17 09:27:07,292 INFO o.a.j.c.IncludeController: loadIncludedElements -- try to load included module: /home/eitang/WorkStuff/TestManager/system-tests/tests/../tf_Get status REST.jmx
2018-05-17 09:27:07,292 INFO o.a.j.c.IncludeController: loadIncludedElements -failed for: /home/eitang/WorkStuff/TestManager/system-tests/tests/../tf_Get status REST.jmx
2018-05-17 09:27:07,292 INFO o.a.j.c.IncludeController: loadIncludedElements -Attempting to read it from: /home/eitang/WorkStuff/TestManager/system-tests/tests/TID/../tf_Get status REST.jmx
2018-05-17 09:27:07,292 INFO o.a.j.s.SaveService: Loading file: /home/eitang/WorkStuff/TestManager/system-tests/tests/TID/../tf_Get status REST.jmx
2018-05-17 09:27:07,309 INFO o.a.j.c.IncludeController: loadIncludedElements -- try to load included module: /home/eitang/WorkStuff/TestManager/system-tests/tests/../tf_Get results REST.jmx
2018-05-17 09:27:07,309 INFO o.a.j.c.IncludeController: loadIncludedElements -failed for: /home/eitang/WorkStuff/TestManager/system-tests/tests/../tf_Get results REST.jmx
2018-05-17 09:27:07,309 INFO o.a.j.c.IncludeController: loadIncludedElements -Attempting to read it from: /home/eitang/WorkStuff/TestManager/system-tests/tests/TID/../tf_Get results REST.jmx
2018-05-17 09:27:07,309 INFO o.a.j.s.SaveService: Loading file: /home/eitang/WorkStuff/TestManager/system-tests/tests/TID/../tf_Get results REST.jmx
2018-05-17 09:27:07,319 INFO o.a.j.c.IncludeController: loadIncludedElements -- try to load included module: /home/eitang/WorkStuff/TestManager/system-tests/tests/../tf_assert expected actual.jmx
2018-05-17 09:27:07,319 INFO o.a.j.c.IncludeController: loadIncludedElements -failed for: /home/eitang/WorkStuff/TestManager/system-tests/tests/../tf_assert expected actual.jmx
2018-05-17 09:27:07,319 INFO o.a.j.c.IncludeController: loadIncludedElements -Attempting to read it from: /home/eitang/WorkStuff/TestManager/system-tests/tests/TID/../tf_assert expected actual.jmx
2018-05-17 09:27:07,319 INFO o.a.j.s.SaveService: Loading file: /home/eitang/WorkStuff/TestManager/system-tests/tests/TID/../tf_assert expected actual.jmx
2018-05-17 09:27:07,333 INFO o.a.j.e.StandardJMeterEngine: Running the test!
2018-05-17 09:27:07,333 INFO o.a.j.s.SampleEvent: List of sample_variables: []
2018-05-17 09:27:07,333 INFO o.a.j.s.SampleEvent: List of sample_variables: []
2018-05-17 09:27:07,354 INFO o.a.j.g.u.JMeterMenuBar: setRunning(true, *local*)
2018-05-17 09:27:07,490 INFO o.a.j.e.StandardJMeterEngine: Starting ThreadGroup: 1 : create workflow
2018-05-17 09:27:07,491 INFO o.a.j.e.StandardJMeterEngine: Starting 1 threads for group create workflow.
2018-05-17 09:27:07,491 INFO o.a.j.e.StandardJMeterEngine: Thread will continue on error
2018-05-17 09:27:07,491 INFO o.a.j.t.ThreadGroup: Starting thread group... number=1 threads=1 ramp-up=1 perThread=1000.0 delayedStart=false
2018-05-17 09:27:07,494 INFO o.a.j.t.ThreadGroup: Started thread group number 1
2018-05-17 09:27:07,494 INFO o.a.j.e.StandardJMeterEngine: Waiting for thread group: create workflow to finish before starting next group
2018-05-17 09:27:07,496 INFO o.a.j.t.JMeterThread: Thread started: create workflow 1-1
2018-05-17 09:27:07,498 INFO o.a.j.s.FileServer: Stored: ../../testConfigFiles/paths.csv
2018-05-17 09:27:07,503 INFO o.a.j.s.FileServer: Stored: ../../testConfigFiles/ipConfigs.csv
2018-05-17 09:27:07,514 INFO o.a.j.p.h.s.HTTPHCAbstractImpl: Local host = ubuntu-eitang-ww
2018-05-17 09:27:07,517 INFO o.a.j.p.h.s.HTTPHC4Impl: HTTP request retry count = 0
2018-05-17 09:27:07,565 INFO o.a.j.p.h.s.LazySchemeSocketFactory: Setting up HTTPS TrustAll Socket Factory
2018-05-17 09:27:07,568 INFO o.a.j.u.JsseSSLManager: Using default SSL protocol: TLS
2018-05-17 09:27:07,568 INFO o.a.j.u.JsseSSLManager: SSL session context: per-thread
2018-05-17 09:27:07,637 INFO o.a.j.u.SSLManager: JmeterKeyStore Location:  type JKS
2018-05-17 09:27:07,637 INFO o.a.j.u.SSLManager: KeyStore created OK
2018-05-17 09:27:07,637 WARN o.a.j.u.SSLManager: Keystore file not found, loading empty keystore
2018-05-17 09:27:08,107 INFO o.a.j.t.JMeterThread: Thread is done: create workflow 1-1
2018-05-17 09:27:08,107 INFO o.a.j.t.JMeterThread: Thread finished: create workflow 1-1
2018-05-17 09:27:08,108 INFO o.a.j.e.StandardJMeterEngine: Starting ThreadGroup: 2 : run stored add mult
2018-05-17 09:27:08,108 INFO o.a.j.e.StandardJMeterEngine: Starting 1 threads for group run stored add mult.
2018-05-17 09:27:08,108 INFO o.a.j.e.StandardJMeterEngine: Thread will stop on error
2018-05-17 09:27:08,108 INFO o.a.j.t.ThreadGroup: Starting thread group... number=2 threads=1 ramp-up=1 perThread=1000.0 delayedStart=false
2018-05-17 09:27:08,108 INFO o.a.j.c.IncludeController: loadIncludedElements -- try to load included module: /home/eitang/WorkStuff/TestManager/system-tests/tests/../tf_Get status REST.jmx
2018-05-17 09:27:08,108 INFO o.a.j.c.IncludeController: loadIncludedElements -failed for: /home/eitang/WorkStuff/TestManager/system-tests/tests/../tf_Get status REST.jmx
2018-05-17 09:27:08,108 INFO o.a.j.c.IncludeController: loadIncludedElements -Attempting to read it from: /home/eitang/WorkStuff/TestManager/system-tests/tests/TID/../tf_Get status REST.jmx
2018-05-17 09:27:08,109 INFO o.a.j.s.SaveService: Loading file: /home/eitang/WorkStuff/TestManager/system-tests/tests/TID/../tf_Get status REST.jmx
2018-05-17 09:27:08,126 INFO o.a.j.c.IncludeController: loadIncludedElements -- try to load included module: /home/eitang/WorkStuff/TestManager/system-tests/tests/../tf_Get results REST.jmx
2018-05-17 09:27:08,126 INFO o.a.j.c.IncludeController: loadIncludedElements -failed for: /home/eitang/WorkStuff/TestManager/system-tests/tests/../tf_Get results REST.jmx
2018-05-17 09:27:08,126 INFO o.a.j.c.IncludeController: loadIncludedElements -Attempting to read it from: /home/eitang/WorkStuff/TestManager/system-tests/tests/TID/../tf_Get results REST.jmx
2018-05-17 09:27:08,126 INFO o.a.j.s.SaveService: Loading file: /home/eitang/WorkStuff/TestManager/system-tests/tests/TID/../tf_Get results REST.jmx
2018-05-17 09:27:08,135 INFO o.a.j.c.IncludeController: loadIncludedElements -- try to load included module: /home/eitang/WorkStuff/TestManager/system-tests/tests/../tf_assert expected actual.jmx
2018-05-17 09:27:08,135 INFO o.a.j.c.IncludeController: loadIncludedElements -failed for: /home/eitang/WorkStuff/TestManager/system-tests/tests/../tf_assert expected actual.jmx
2018-05-17 09:27:08,135 INFO o.a.j.c.IncludeController: loadIncludedElements -Attempting to read it from: /home/eitang/WorkStuff/TestManager/system-tests/tests/TID/../tf_assert expected actual.jmx
2018-05-17 09:27:08,135 INFO o.a.j.s.SaveService: Loading file: /home/eitang/WorkStuff/TestManager/system-tests/tests/TID/../tf_assert expected actual.jmx
2018-05-17 09:27:08,149 INFO o.a.j.t.ThreadGroup: Started thread group number 2
2018-05-17 09:27:08,149 INFO o.a.j.e.StandardJMeterEngine: Waiting for thread group: run stored add mult to finish before starting next group
2018-05-17 09:27:08,150 INFO o.a.j.t.JMeterThread: Thread started: run stored add mult 2-1
2018-05-17 09:27:09,423 ERROR o.a.j.f.JavaScript: Error processing Javascript: [("${status}" != "completed") && (${counter}<20)]

javax.script.ScriptException: <eval>:1:34 Expected ) but found {
("${status}" != "completed") && (${counter}<20)
                                  ^ in <eval> at line number 1 at column number 34
	at jdk.nashorn.api.scripting.NashornScriptEngine.throwAsScriptException(NashornScriptEngine.java:470) ~[nashorn.jar:?]
	at jdk.nashorn.api.scripting.NashornScriptEngine.compileImpl(NashornScriptEngine.java:537) ~[nashorn.jar:?]
	at jdk.nashorn.api.scripting.NashornScriptEngine.compileImpl(NashornScriptEngine.java:524) ~[nashorn.jar:?]
	at jdk.nashorn.api.scripting.NashornScriptEngine.evalImpl(NashornScriptEngine.java:402) ~[nashorn.jar:?]
	at jdk.nashorn.api.scripting.NashornScriptEngine.eval(NashornScriptEngine.java:155) ~[nashorn.jar:?]
	at org.apache.jmeter.functions.JavaScript.executeWithNashorn(JavaScript.java:142) [ApacheJMeter_functions.jar:4.0 r1823414]
	at org.apache.jmeter.functions.JavaScript.execute(JavaScript.java:103) [ApacheJMeter_functions.jar:4.0 r1823414]
	at org.apache.jmeter.engine.util.CompoundVariable.execute(CompoundVariable.java:137) [ApacheJMeter_core.jar:4.0 r1823414]
	at org.apache.jmeter.engine.util.CompoundVariable.execute(CompoundVariable.java:112) [ApacheJMeter_core.jar:4.0 r1823414]
	at org.apache.jmeter.testelement.property.FunctionProperty.getStringValue(FunctionProperty.java:101) [ApacheJMeter_core.jar:4.0 r1823414]
	at org.apache.jmeter.control.WhileController.getCondition(WhileController.java:124) [ApacheJMeter_core.jar:4.0 r1823414]
	at org.apache.jmeter.control.WhileController.endOfLoop(WhileController.java:56) [ApacheJMeter_core.jar:4.0 r1823414]
	at org.apache.jmeter.control.WhileController.next(WhileController.java:102) [ApacheJMeter_core.jar:4.0 r1823414]
	at org.apache.jmeter.control.GenericController.nextIsAController(GenericController.java:219) [ApacheJMeter_core.jar:4.0 r1823414]
	at org.apache.jmeter.control.GenericController.next(GenericController.java:173) [ApacheJMeter_core.jar:4.0 r1823414]
	at org.apache.jmeter.control.GenericController.nextIsAController(GenericController.java:219) [ApacheJMeter_core.jar:4.0 r1823414]
	at org.apache.jmeter.control.GenericController.next(GenericController.java:173) [ApacheJMeter_core.jar:4.0 r1823414]
	at org.apache.jmeter.control.LoopController.next(LoopController.java:128) [ApacheJMeter_core.jar:4.0 r1823414]
	at org.apache.jmeter.threads.AbstractThreadGroup.next(AbstractThreadGroup.java:87) [ApacheJMeter_core.jar:4.0 r1823414]
	at org.apache.jmeter.threads.JMeterThread.run(JMeterThread.java:269) [ApacheJMeter_core.jar:4.0 r1823414]
	at java.lang.Thread.run(Thread.java:748) [?:1.8.0_171]
Caused by: jdk.nashorn.internal.runtime.ParserException: <eval>:1:34 Expected ) but found {
("${status}" != "completed") && (${counter}<20)
                                  ^
	at jdk.nashorn.internal.parser.AbstractParser.error(AbstractParser.java:294) ~[nashorn.jar:?]
	at jdk.nashorn.internal.parser.AbstractParser.error(AbstractParser.java:279) ~[nashorn.jar:?]
	at jdk.nashorn.internal.parser.AbstractParser.expectDontAdvance(AbstractParser.java:350) ~[nashorn.jar:?]
	at jdk.nashorn.internal.parser.AbstractParser.expect(AbstractParser.java:337) ~[nashorn.jar:?]
	at jdk.nashorn.internal.parser.Parser.primaryExpression(Parser.java:1994) ~[nashorn.jar:?]
	at jdk.nashorn.internal.parser.Parser.memberExpression(Parser.java:2511) ~[nashorn.jar:?]
	at jdk.nashorn.internal.parser.Parser.leftHandSideExpression(Parser.java:2372) ~[nashorn.jar:?]
	at jdk.nashorn.internal.parser.Parser.unaryExpression(Parser.java:3147) ~[nashorn.jar:?]
	at jdk.nashorn.internal.parser.Parser.expression(Parser.java:3325) ~[nashorn.jar:?]
	at jdk.nashorn.internal.parser.Parser.expression(Parser.java:3282) ~[nashorn.jar:?]
	at jdk.nashorn.internal.parser.Parser.expressionStatement(Parser.java:1150) ~[nashorn.jar:?]
	at jdk.nashorn.internal.parser.Parser.statement(Parser.java:967) ~[nashorn.jar:?]
	at jdk.nashorn.internal.parser.Parser.sourceElements(Parser.java:773) ~[nashorn.jar:?]
	at jdk.nashorn.internal.parser.Parser.program(Parser.java:709) ~[nashorn.jar:?]
	at jdk.nashorn.internal.parser.Parser.parse(Parser.java:283) ~[nashorn.jar:?]
	at jdk.nashorn.internal.parser.Parser.parse(Parser.java:249) ~[nashorn.jar:?]
	at jdk.nashorn.internal.runtime.Context.compile(Context.java:1284) ~[nashorn.jar:?]
	at jdk.nashorn.internal.runtime.Context.compileScript(Context.java:1251) ~[nashorn.jar:?]
	at jdk.nashorn.internal.runtime.Context.compileScript(Context.java:627) ~[nashorn.jar:?]
	at jdk.nashorn.api.scripting.NashornScriptEngine.compileImpl(NashornScriptEngine.java:535) ~[nashorn.jar:?]
	... 19 more
2018-05-17 09:27:14,641 WARN o.a.j.t.JSR223Timer: Script did not return a value
2018-05-17 09:27:20,112 WARN o.a.j.t.JSR223Timer: Script did not return a value
2018-05-17 09:27:20,678 WARN o.a.j.s.SampleResult: Using platform default as json caused java.io.UnsupportedEncodingException: json
2018-05-17 09:27:20,698 WARN o.a.j.s.SampleResult: Using platform default as json caused java.io.UnsupportedEncodingException: json
2018-05-17 09:27:20,702 INFO o.a.j.t.JMeterThread: Stop Thread detected by thread: run stored add mult 2-1
2018-05-17 09:27:20,702 INFO o.a.j.t.JMeterThread: Thread is done: run stored add mult 2-1
2018-05-17 09:27:20,702 INFO o.a.j.t.JMeterThread: Thread finished: run stored add mult 2-1
2018-05-17 09:27:20,703 INFO o.a.j.e.StandardJMeterEngine: Starting ThreadGroup: 3 : delete workflow
2018-05-17 09:27:20,703 INFO o.a.j.e.StandardJMeterEngine: Starting 1 threads for group delete workflow.
2018-05-17 09:27:20,703 INFO o.a.j.e.StandardJMeterEngine: Thread will continue on error
2018-05-17 09:27:20,703 INFO o.a.j.t.ThreadGroup: Starting thread group... number=3 threads=1 ramp-up=1 perThread=1000.0 delayedStart=false
2018-05-17 09:27:20,705 INFO o.a.j.t.ThreadGroup: Started thread group number 3
2018-05-17 09:27:20,705 INFO o.a.j.e.StandardJMeterEngine: All thread groups have been started
2018-05-17 09:27:20,706 INFO o.a.j.t.JMeterThread: Thread started: delete workflow 3-1
2018-05-17 09:27:21,104 INFO o.a.j.t.JMeterThread: Thread is done: delete workflow 3-1
2018-05-17 09:27:21,104 INFO o.a.j.t.JMeterThread: Thread finished: delete workflow 3-1
2018-05-17 09:27:21,104 INFO o.a.j.e.StandardJMeterEngine: Notifying test listeners of end of test
2018-05-17 09:27:21,105 INFO o.a.j.s.FileServer: Close: ../../testConfigFiles/paths.csv
2018-05-17 09:27:21,105 INFO o.a.j.s.FileServer: Close: ../../testConfigFiles/ipConfigs.csv
2018-05-17 09:27:21,106 INFO o.a.j.g.u.JMeterMenuBar: setRunning(false, *local*)
2018-05-17 09:27:21,795 WARN o.a.j.s.SampleResult: Using platform default as json caused java.io.UnsupportedEncodingException: json
2018-05-17 09:27:21,795 WARN o.a.j.s.SampleResult: Using platform default as json caused java.io.UnsupportedEncodingException: json
2018-05-17 09:27:31,809 INFO o.a.j.c.IncludeController: loadIncludedElements -- try to load included module: /home/eitang/WorkStuff/TestManager/system-tests/tests/../tf_Get status REST.jmx
2018-05-17 09:27:31,809 INFO o.a.j.c.IncludeController: loadIncludedElements -failed for: /home/eitang/WorkStuff/TestManager/system-tests/tests/../tf_Get status REST.jmx
2018-05-17 09:27:31,809 INFO o.a.j.c.IncludeController: loadIncludedElements -Attempting to read it from: /home/eitang/WorkStuff/TestManager/system-tests/tests/TID/../tf_Get status REST.jmx
2018-05-17 09:27:31,809 INFO o.a.j.s.SaveService: Loading file: /home/eitang/WorkStuff/TestManager/system-tests/tests/TID/../tf_Get status REST.jmx
2018-05-17 09:27:31,819 INFO o.a.j.c.IncludeController: loadIncludedElements -- try to load included module: /home/eitang/WorkStuff/TestManager/system-tests/tests/../tf_Get results REST.jmx
2018-05-17 09:27:31,820 INFO o.a.j.c.IncludeController: loadIncludedElements -failed for: /home/eitang/WorkStuff/TestManager/system-tests/tests/../tf_Get results REST.jmx
2018-05-17 09:27:31,820 INFO o.a.j.c.IncludeController: loadIncludedElements -Attempting to read it from: /home/eitang/WorkStuff/TestManager/system-tests/tests/TID/../tf_Get results REST.jmx
2018-05-17 09:27:31,820 INFO o.a.j.s.SaveService: Loading file: /home/eitang/WorkStuff/TestManager/system-tests/tests/TID/../tf_Get results REST.jmx
2018-05-17 09:27:31,824 INFO o.a.j.c.IncludeController: loadIncludedElements -- try to load included module: /home/eitang/WorkStuff/TestManager/system-tests/tests/../tf_assert expected actual.jmx
2018-05-17 09:27:31,824 INFO o.a.j.c.IncludeController: loadIncludedElements -failed for: /home/eitang/WorkStuff/TestManager/system-tests/tests/../tf_assert expected actual.jmx
2018-05-17 09:27:31,824 INFO o.a.j.c.IncludeController: loadIncludedElements -Attempting to read it from: /home/eitang/WorkStuff/TestManager/system-tests/tests/TID/../tf_assert expected actual.jmx
2018-05-17 09:27:31,824 INFO o.a.j.s.SaveService: Loading file: /home/eitang/WorkStuff/TestManager/system-tests/tests/TID/../tf_assert expected actual.jmx
2018-05-17 09:27:31,838 INFO o.a.j.c.IncludeController: loadIncludedElements -- try to load included module: /home/eitang/WorkStuff/TestManager/system-tests/tests/../tf_Get status REST.jmx
2018-05-17 09:27:31,839 INFO o.a.j.c.IncludeController: loadIncludedElements -failed for: /home/eitang/WorkStuff/TestManager/system-tests/tests/../tf_Get status REST.jmx
2018-05-17 09:27:31,839 INFO o.a.j.c.IncludeController: loadIncludedElements -Attempting to read it from: /home/eitang/WorkStuff/TestManager/system-tests/tests/TID/../tf_Get status REST.jmx
2018-05-17 09:27:31,839 INFO o.a.j.s.SaveService: Loading file: /home/eitang/WorkStuff/TestManager/system-tests/tests/TID/../tf_Get status REST.jmx
2018-05-17 09:27:31,845 INFO o.a.j.c.IncludeController: loadIncludedElements -- try to load included module: /home/eitang/WorkStuff/TestManager/system-tests/tests/../tf_Get results REST.jmx
2018-05-17 09:27:31,845 INFO o.a.j.c.IncludeController: loadIncludedElements -failed for: /home/eitang/WorkStuff/TestManager/system-tests/tests/../tf_Get results REST.jmx
2018-05-17 09:27:31,845 INFO o.a.j.c.IncludeController: loadIncludedElements -Attempting to read it from: /home/eitang/WorkStuff/TestManager/system-tests/tests/TID/../tf_Get results REST.jmx
2018-05-17 09:27:31,845 INFO o.a.j.s.SaveService: Loading file: /home/eitang/WorkStuff/TestManager/system-tests/tests/TID/../tf_Get results REST.jmx
2018-05-17 09:27:31,849 INFO o.a.j.c.IncludeController: loadIncludedElements -- try to load included module: /home/eitang/WorkStuff/TestManager/system-tests/tests/../tf_assert expected actual.jmx
2018-05-17 09:27:31,849 INFO o.a.j.c.IncludeController: loadIncludedElements -failed for: /home/eitang/WorkStuff/TestManager/system-tests/tests/../tf_assert expected actual.jmx
2018-05-17 09:27:31,849 INFO o.a.j.c.IncludeController: loadIncludedElements -Attempting to read it from: /home/eitang/WorkStuff/TestManager/system-tests/tests/TID/../tf_assert expected actual.jmx
2018-05-17 09:27:31,849 INFO o.a.j.s.SaveService: Loading file: /home/eitang/WorkStuff/TestManager/system-tests/tests/TID/../tf_assert expected actual.jmx
2018-05-17 09:27:31,855 INFO o.a.j.c.IncludeController: loadIncludedElements -- try to load included module: /home/eitang/WorkStuff/TestManager/system-tests/tests/../tf_Get status REST.jmx
2018-05-17 09:27:31,855 INFO o.a.j.c.IncludeController: loadIncludedElements -failed for: /home/eitang/WorkStuff/TestManager/system-tests/tests/../tf_Get status REST.jmx
2018-05-17 09:27:31,855 INFO o.a.j.c.IncludeController: loadIncludedElements -Attempting to read it from: /home/eitang/WorkStuff/TestManager/system-tests/tests/TID/../tf_Get status REST.jmx
2018-05-17 09:27:31,855 INFO o.a.j.s.SaveService: Loading file: /home/eitang/WorkStuff/TestManager/system-tests/tests/TID/../tf_Get status REST.jmx
2018-05-17 09:27:31,868 INFO o.a.j.c.IncludeController: loadIncludedElements -- try to load included module: /home/eitang/WorkStuff/TestManager/system-tests/tests/../tf_Get results REST.jmx
2018-05-17 09:27:31,868 INFO o.a.j.c.IncludeController: loadIncludedElements -failed for: /home/eitang/WorkStuff/TestManager/system-tests/tests/../tf_Get results REST.jmx
2018-05-17 09:27:31,868 INFO o.a.j.c.IncludeController: loadIncludedElements -Attempting to read it from: /home/eitang/WorkStuff/TestManager/system-tests/tests/TID/../tf_Get results REST.jmx
2018-05-17 09:27:31,868 INFO o.a.j.s.SaveService: Loading file: /home/eitang/WorkStuff/TestManager/system-tests/tests/TID/../tf_Get results REST.jmx
2018-05-17 09:27:31,876 INFO o.a.j.c.IncludeController: loadIncludedElements -- try to load included module: /home/eitang/WorkStuff/TestManager/system-tests/tests/../tf_assert expected actual.jmx
2018-05-17 09:27:31,876 INFO o.a.j.c.IncludeController: loadIncludedElements -failed for: /home/eitang/WorkStuff/TestManager/system-tests/tests/../tf_assert expected actual.jmx
2018-05-17 09:27:31,876 INFO o.a.j.c.IncludeController: loadIncludedElements -Attempting to read it from: /home/eitang/WorkStuff/TestManager/system-tests/tests/TID/../tf_assert expected actual.jmx
2018-05-17 09:27:31,876 INFO o.a.j.s.SaveService: Loading file: /home/eitang/WorkStuff/TestManager/system-tests/tests/TID/../tf_assert expected actual.jmx
2018-05-17 09:27:31,887 INFO o.a.j.e.StandardJMeterEngine: Running the test!
2018-05-17 09:27:31,887 INFO o.a.j.s.SampleEvent: List of sample_variables: []
2018-05-17 09:27:31,896 INFO o.a.j.g.u.JMeterMenuBar: setRunning(true, *local*)
2018-05-17 09:27:32,021 INFO o.a.j.e.StandardJMeterEngine: Starting ThreadGroup: 1 : create workflow
2018-05-17 09:27:32,021 INFO o.a.j.e.StandardJMeterEngine: Starting 1 threads for group create workflow.
2018-05-17 09:27:32,021 INFO o.a.j.e.StandardJMeterEngine: Thread will continue on error
2018-05-17 09:27:32,022 INFO o.a.j.t.ThreadGroup: Starting thread group... number=1 threads=1 ramp-up=1 perThread=1000.0 delayedStart=false
2018-05-17 09:27:32,023 INFO o.a.j.t.ThreadGroup: Started thread group number 1
2018-05-17 09:27:32,023 INFO o.a.j.e.StandardJMeterEngine: Waiting for thread group: create workflow to finish before starting next group
2018-05-17 09:27:32,024 INFO o.a.j.t.JMeterThread: Thread started: create workflow 1-1
2018-05-17 09:27:32,024 INFO o.a.j.s.FileServer: Stored: ../../testConfigFiles/paths.csv
2018-05-17 09:27:32,024 INFO o.a.j.s.FileServer: Stored: ../../testConfigFiles/ipConfigs.csv
2018-05-17 09:27:32,431 INFO o.a.j.t.JMeterThread: Thread is done: create workflow 1-1
2018-05-17 09:27:32,432 INFO o.a.j.t.JMeterThread: Thread finished: create workflow 1-1
2018-05-17 09:27:32,433 INFO o.a.j.e.StandardJMeterEngine: Starting ThreadGroup: 2 : run stored add mult
2018-05-17 09:27:32,433 INFO o.a.j.e.StandardJMeterEngine: Starting 1 threads for group run stored add mult.
2018-05-17 09:27:32,433 INFO o.a.j.e.StandardJMeterEngine: Thread will stop on error
2018-05-17 09:27:32,434 INFO o.a.j.t.ThreadGroup: Starting thread group... number=2 threads=1 ramp-up=1 perThread=1000.0 delayedStart=false
2018-05-17 09:27:32,434 INFO o.a.j.c.IncludeController: loadIncludedElements -- try to load included module: /home/eitang/WorkStuff/TestManager/system-tests/tests/../tf_Get status REST.jmx
2018-05-17 09:27:32,435 INFO o.a.j.c.IncludeController: loadIncludedElements -failed for: /home/eitang/WorkStuff/TestManager/system-tests/tests/../tf_Get status REST.jmx
2018-05-17 09:27:32,435 INFO o.a.j.c.IncludeController: loadIncludedElements -Attempting to read it from: /home/eitang/WorkStuff/TestManager/system-tests/tests/TID/../tf_Get status REST.jmx
2018-05-17 09:27:32,435 INFO o.a.j.s.SaveService: Loading file: /home/eitang/WorkStuff/TestManager/system-tests/tests/TID/../tf_Get status REST.jmx
2018-05-17 09:27:32,476 INFO o.a.j.c.IncludeController: loadIncludedElements -- try to load included module: /home/eitang/WorkStuff/TestManager/system-tests/tests/../tf_Get results REST.jmx
2018-05-17 09:27:32,477 INFO o.a.j.c.IncludeController: loadIncludedElements -failed for: /home/eitang/WorkStuff/TestManager/system-tests/tests/../tf_Get results REST.jmx
2018-05-17 09:27:32,477 INFO o.a.j.c.IncludeController: loadIncludedElements -Attempting to read it from: /home/eitang/WorkStuff/TestManager/system-tests/tests/TID/../tf_Get results REST.jmx
2018-05-17 09:27:32,477 INFO o.a.j.s.SaveService: Loading file: /home/eitang/WorkStuff/TestManager/system-tests/tests/TID/../tf_Get results REST.jmx
2018-05-17 09:27:32,487 INFO o.a.j.c.IncludeController: loadIncludedElements -- try to load included module: /home/eitang/WorkStuff/TestManager/system-tests/tests/../tf_assert expected actual.jmx
2018-05-17 09:27:32,487 INFO o.a.j.c.IncludeController: loadIncludedElements -failed for: /home/eitang/WorkStuff/TestManager/system-tests/tests/../tf_assert expected actual.jmx
2018-05-17 09:27:32,487 INFO o.a.j.c.IncludeController: loadIncludedElements -Attempting to read it from: /home/eitang/WorkStuff/TestManager/system-tests/tests/TID/../tf_assert expected actual.jmx
2018-05-17 09:27:32,487 INFO o.a.j.s.SaveService: Loading file: /home/eitang/WorkStuff/TestManager/system-tests/tests/TID/../tf_assert expected actual.jmx
2018-05-17 09:27:32,499 INFO o.a.j.t.ThreadGroup: Started thread group number 2
2018-05-17 09:27:32,499 INFO o.a.j.e.StandardJMeterEngine: Waiting for thread group: run stored add mult to finish before starting next group
2018-05-17 09:27:32,499 INFO o.a.j.t.JMeterThread: Thread started: run stored add mult 2-1
2018-05-17 09:27:33,350 ERROR o.a.j.f.JavaScript: Error processing Javascript: [("${status}" != "completed") && (${counter}<20)]

javax.script.ScriptException: <eval>:1:34 Expected ) but found {
("${status}" != "completed") && (${counter}<20)
                                  ^ in <eval> at line number 1 at column number 34
	at jdk.nashorn.api.scripting.NashornScriptEngine.throwAsScriptException(NashornScriptEngine.java:470) ~[nashorn.jar:?]
	at jdk.nashorn.api.scripting.NashornScriptEngine.compileImpl(NashornScriptEngine.java:537) ~[nashorn.jar:?]
	at jdk.nashorn.api.scripting.NashornScriptEngine.compileImpl(NashornScriptEngine.java:524) ~[nashorn.jar:?]
	at jdk.nashorn.api.scripting.NashornScriptEngine.evalImpl(NashornScriptEngine.java:402) ~[nashorn.jar:?]
	at jdk.nashorn.api.scripting.NashornScriptEngine.eval(NashornScriptEngine.java:155) ~[nashorn.jar:?]
	at org.apache.jmeter.functions.JavaScript.executeWithNashorn(JavaScript.java:142) [ApacheJMeter_functions.jar:4.0 r1823414]
	at org.apache.jmeter.functions.JavaScript.execute(JavaScript.java:103) [ApacheJMeter_functions.jar:4.0 r1823414]
	at org.apache.jmeter.engine.util.CompoundVariable.execute(CompoundVariable.java:137) [ApacheJMeter_core.jar:4.0 r1823414]
	at org.apache.jmeter.engine.util.CompoundVariable.execute(CompoundVariable.java:112) [ApacheJMeter_core.jar:4.0 r1823414]
	at org.apache.jmeter.testelement.property.FunctionProperty.getStringValue(FunctionProperty.java:101) [ApacheJMeter_core.jar:4.0 r1823414]
	at org.apache.jmeter.control.WhileController.getCondition(WhileController.java:124) [ApacheJMeter_core.jar:4.0 r1823414]
	at org.apache.jmeter.control.WhileController.endOfLoop(WhileController.java:56) [ApacheJMeter_core.jar:4.0 r1823414]
	at org.apache.jmeter.control.WhileController.next(WhileController.java:102) [ApacheJMeter_core.jar:4.0 r1823414]
	at org.apache.jmeter.control.GenericController.nextIsAController(GenericController.java:219) [ApacheJMeter_core.jar:4.0 r1823414]
	at org.apache.jmeter.control.GenericController.next(GenericController.java:173) [ApacheJMeter_core.jar:4.0 r1823414]
	at org.apache.jmeter.control.GenericController.nextIsAController(GenericController.java:219) [ApacheJMeter_core.jar:4.0 r1823414]
	at org.apache.jmeter.control.GenericController.next(GenericController.java:173) [ApacheJMeter_core.jar:4.0 r1823414]
	at org.apache.jmeter.control.LoopController.next(LoopController.java:128) [ApacheJMeter_core.jar:4.0 r1823414]
	at org.apache.jmeter.threads.AbstractThreadGroup.next(AbstractThreadGroup.java:87) [ApacheJMeter_core.jar:4.0 r1823414]
	at org.apache.jmeter.threads.JMeterThread.run(JMeterThread.java:269) [ApacheJMeter_core.jar:4.0 r1823414]
	at java.lang.Thread.run(Thread.java:748) [?:1.8.0_171]
Caused by: jdk.nashorn.internal.runtime.ParserException: <eval>:1:34 Expected ) but found {
("${status}" != "completed") && (${counter}<20)
                                  ^
	at jdk.nashorn.internal.parser.AbstractParser.error(AbstractParser.java:294) ~[nashorn.jar:?]
	at jdk.nashorn.internal.parser.AbstractParser.error(AbstractParser.java:279) ~[nashorn.jar:?]
	at jdk.nashorn.internal.parser.AbstractParser.expectDontAdvance(AbstractParser.java:350) ~[nashorn.jar:?]
	at jdk.nashorn.internal.parser.AbstractParser.expect(AbstractParser.java:337) ~[nashorn.jar:?]
	at jdk.nashorn.internal.parser.Parser.primaryExpression(Parser.java:1994) ~[nashorn.jar:?]
	at jdk.nashorn.internal.parser.Parser.memberExpression(Parser.java:2511) ~[nashorn.jar:?]
	at jdk.nashorn.internal.parser.Parser.leftHandSideExpression(Parser.java:2372) ~[nashorn.jar:?]
	at jdk.nashorn.internal.parser.Parser.unaryExpression(Parser.java:3147) ~[nashorn.jar:?]
	at jdk.nashorn.internal.parser.Parser.expression(Parser.java:3325) ~[nashorn.jar:?]
	at jdk.nashorn.internal.parser.Parser.expression(Parser.java:3282) ~[nashorn.jar:?]
	at jdk.nashorn.internal.parser.Parser.expressionStatement(Parser.java:1150) ~[nashorn.jar:?]
	at jdk.nashorn.internal.parser.Parser.statement(Parser.java:967) ~[nashorn.jar:?]
	at jdk.nashorn.internal.parser.Parser.sourceElements(Parser.java:773) ~[nashorn.jar:?]
	at jdk.nashorn.internal.parser.Parser.program(Parser.java:709) ~[nashorn.jar:?]
	at jdk.nashorn.internal.parser.Parser.parse(Parser.java:283) ~[nashorn.jar:?]
	at jdk.nashorn.internal.parser.Parser.parse(Parser.java:249) ~[nashorn.jar:?]
	at jdk.nashorn.internal.runtime.Context.compile(Context.java:1284) ~[nashorn.jar:?]
	at jdk.nashorn.internal.runtime.Context.compileScript(Context.java:1251) ~[nashorn.jar:?]
	at jdk.nashorn.internal.runtime.Context.compileScript(Context.java:627) ~[nashorn.jar:?]
	at jdk.nashorn.api.scripting.NashornScriptEngine.compileImpl(NashornScriptEngine.java:535) ~[nashorn.jar:?]
	... 19 more
2018-05-17 09:27:38,396 WARN o.a.j.t.JSR223Timer: Script did not return a value
2018-05-17 09:27:39,028 WARN o.a.j.s.SampleResult: Using platform default as json caused java.io.UnsupportedEncodingException: json
2018-05-17 09:27:39,038 WARN o.a.j.s.SampleResult: Using platform default as json caused java.io.UnsupportedEncodingException: json
2018-05-17 09:27:39,039 INFO o.a.j.t.JMeterThread: Stop Thread detected by thread: run stored add mult 2-1
2018-05-17 09:27:39,039 INFO o.a.j.t.JMeterThread: Thread is done: run stored add mult 2-1
2018-05-17 09:27:39,039 INFO o.a.j.t.JMeterThread: Thread finished: run stored add mult 2-1
2018-05-17 09:27:39,040 INFO o.a.j.e.StandardJMeterEngine: Starting ThreadGroup: 3 : delete workflow
2018-05-17 09:27:39,040 INFO o.a.j.e.StandardJMeterEngine: Starting 1 threads for group delete workflow.
2018-05-17 09:27:39,040 INFO o.a.j.e.StandardJMeterEngine: Thread will continue on error
2018-05-17 09:27:39,040 INFO o.a.j.t.ThreadGroup: Starting thread group... number=3 threads=1 ramp-up=1 perThread=1000.0 delayedStart=false
2018-05-17 09:27:39,041 INFO o.a.j.t.ThreadGroup: Started thread group number 3
2018-05-17 09:27:39,041 INFO o.a.j.e.StandardJMeterEngine: All thread groups have been started
2018-05-17 09:27:39,041 INFO o.a.j.t.JMeterThread: Thread started: delete workflow 3-1
2018-05-17 09:27:39,451 INFO o.a.j.t.JMeterThread: Thread is done: delete workflow 3-1
2018-05-17 09:27:39,452 INFO o.a.j.t.JMeterThread: Thread finished: delete workflow 3-1
2018-05-17 09:27:39,452 INFO o.a.j.e.StandardJMeterEngine: Notifying test listeners of end of test
2018-05-17 09:27:39,453 INFO o.a.j.s.FileServer: Close: ../../testConfigFiles/paths.csv
2018-05-17 09:27:39,454 INFO o.a.j.s.FileServer: Close: ../../testConfigFiles/ipConfigs.csv
2018-05-17 09:27:39,455 INFO o.a.j.g.u.JMeterMenuBar: setRunning(false, *local*)
2018-05-17 09:27:54,815 INFO o.a.j.c.IncludeController: loadIncludedElements -- try to load included module: /home/eitang/WorkStuff/TestManager/system-tests/tests/../tf_Get status REST.jmx
2018-05-17 09:27:54,815 INFO o.a.j.c.IncludeController: loadIncludedElements -failed for: /home/eitang/WorkStuff/TestManager/system-tests/tests/../tf_Get status REST.jmx
2018-05-17 09:27:54,815 INFO o.a.j.c.IncludeController: loadIncludedElements -Attempting to read it from: /home/eitang/WorkStuff/TestManager/system-tests/tests/TID/../tf_Get status REST.jmx
2018-05-17 09:27:54,815 INFO o.a.j.s.SaveService: Loading file: /home/eitang/WorkStuff/TestManager/system-tests/tests/TID/../tf_Get status REST.jmx
2018-05-17 09:27:54,828 INFO o.a.j.c.IncludeController: loadIncludedElements -- try to load included module: /home/eitang/WorkStuff/TestManager/system-tests/tests/../tf_Get results REST.jmx
2018-05-17 09:27:54,828 INFO o.a.j.c.IncludeController: loadIncludedElements -failed for: /home/eitang/WorkStuff/TestManager/system-tests/tests/../tf_Get results REST.jmx
2018-05-17 09:27:54,828 INFO o.a.j.c.IncludeController: loadIncludedElements -Attempting to read it from: /home/eitang/WorkStuff/TestManager/system-tests/tests/TID/../tf_Get results REST.jmx
2018-05-17 09:27:54,828 INFO o.a.j.s.SaveService: Loading file: /home/eitang/WorkStuff/TestManager/system-tests/tests/TID/../tf_Get results REST.jmx
2018-05-17 09:27:54,832 INFO o.a.j.c.IncludeController: loadIncludedElements -- try to load included module: /home/eitang/WorkStuff/TestManager/system-tests/tests/../tf_assert expected actual.jmx
2018-05-17 09:27:54,832 INFO o.a.j.c.IncludeController: loadIncludedElements -failed for: /home/eitang/WorkStuff/TestManager/system-tests/tests/../tf_assert expected actual.jmx
2018-05-17 09:27:54,832 INFO o.a.j.c.IncludeController: loadIncludedElements -Attempting to read it from: /home/eitang/WorkStuff/TestManager/system-tests/tests/TID/../tf_assert expected actual.jmx
2018-05-17 09:27:54,832 INFO o.a.j.s.SaveService: Loading file: /home/eitang/WorkStuff/TestManager/system-tests/tests/TID/../tf_assert expected actual.jmx
2018-05-17 09:27:54,844 INFO o.a.j.c.IncludeController: loadIncludedElements -- try to load included module: /home/eitang/WorkStuff/TestManager/system-tests/tests/../tf_Get status REST.jmx
2018-05-17 09:27:54,844 INFO o.a.j.c.IncludeController: loadIncludedElements -failed for: /home/eitang/WorkStuff/TestManager/system-tests/tests/../tf_Get status REST.jmx
2018-05-17 09:27:54,844 INFO o.a.j.c.IncludeController: loadIncludedElements -Attempting to read it from: /home/eitang/WorkStuff/TestManager/system-tests/tests/TID/../tf_Get status REST.jmx
2018-05-17 09:27:54,844 INFO o.a.j.s.SaveService: Loading file: /home/eitang/WorkStuff/TestManager/system-tests/tests/TID/../tf_Get status REST.jmx
2018-05-17 09:27:54,855 INFO o.a.j.c.IncludeController: loadIncludedElements -- try to load included module: /home/eitang/WorkStuff/TestManager/system-tests/tests/../tf_Get results REST.jmx
2018-05-17 09:27:54,855 INFO o.a.j.c.IncludeController: loadIncludedElements -failed for: /home/eitang/WorkStuff/TestManager/system-tests/tests/../tf_Get results REST.jmx
2018-05-17 09:27:54,855 INFO o.a.j.c.IncludeController: loadIncludedElements -Attempting to read it from: /home/eitang/WorkStuff/TestManager/system-tests/tests/TID/../tf_Get results REST.jmx
2018-05-17 09:27:54,855 INFO o.a.j.s.SaveService: Loading file: /home/eitang/WorkStuff/TestManager/system-tests/tests/TID/../tf_Get results REST.jmx
2018-05-17 09:27:54,858 INFO o.a.j.c.IncludeController: loadIncludedElements -- try to load included module: /home/eitang/WorkStuff/TestManager/system-tests/tests/../tf_assert expected actual.jmx
2018-05-17 09:27:54,858 INFO o.a.j.c.IncludeController: loadIncludedElements -failed for: /home/eitang/WorkStuff/TestManager/system-tests/tests/../tf_assert expected actual.jmx
2018-05-17 09:27:54,858 INFO o.a.j.c.IncludeController: loadIncludedElements -Attempting to read it from: /home/eitang/WorkStuff/TestManager/system-tests/tests/TID/../tf_assert expected actual.jmx
2018-05-17 09:27:54,858 INFO o.a.j.s.SaveService: Loading file: /home/eitang/WorkStuff/TestManager/system-tests/tests/TID/../tf_assert expected actual.jmx
2018-05-17 09:27:54,864 INFO o.a.j.c.IncludeController: loadIncludedElements -- try to load included module: /home/eitang/WorkStuff/TestManager/system-tests/tests/../tf_Get status REST.jmx
2018-05-17 09:27:54,864 INFO o.a.j.c.IncludeController: loadIncludedElements -failed for: /home/eitang/WorkStuff/TestManager/system-tests/tests/../tf_Get status REST.jmx
2018-05-17 09:27:54,864 INFO o.a.j.c.IncludeController: loadIncludedElements -Attempting to read it from: /home/eitang/WorkStuff/TestManager/system-tests/tests/TID/../tf_Get status REST.jmx
2018-05-17 09:27:54,864 INFO o.a.j.s.SaveService: Loading file: /home/eitang/WorkStuff/TestManager/system-tests/tests/TID/../tf_Get status REST.jmx
2018-05-17 09:27:54,876 INFO o.a.j.c.IncludeController: loadIncludedElements -- try to load included module: /home/eitang/WorkStuff/TestManager/system-tests/tests/../tf_Get results REST.jmx
2018-05-17 09:27:54,876 INFO o.a.j.c.IncludeController: loadIncludedElements -failed for: /home/eitang/WorkStuff/TestManager/system-tests/tests/../tf_Get results REST.jmx
2018-05-17 09:27:54,876 INFO o.a.j.c.IncludeController: loadIncludedElements -Attempting to read it from: /home/eitang/WorkStuff/TestManager/system-tests/tests/TID/../tf_Get results REST.jmx
2018-05-17 09:27:54,876 INFO o.a.j.s.SaveService: Loading file: /home/eitang/WorkStuff/TestManager/system-tests/tests/TID/../tf_Get results REST.jmx
2018-05-17 09:27:54,885 INFO o.a.j.c.IncludeController: loadIncludedElements -- try to load included module: /home/eitang/WorkStuff/TestManager/system-tests/tests/../tf_assert expected actual.jmx
2018-05-17 09:27:54,885 INFO o.a.j.c.IncludeController: loadIncludedElements -failed for: /home/eitang/WorkStuff/TestManager/system-tests/tests/../tf_assert expected actual.jmx
2018-05-17 09:27:54,885 INFO o.a.j.c.IncludeController: loadIncludedElements -Attempting to read it from: /home/eitang/WorkStuff/TestManager/system-tests/tests/TID/../tf_assert expected actual.jmx
2018-05-17 09:27:54,885 INFO o.a.j.s.SaveService: Loading file: /home/eitang/WorkStuff/TestManager/system-tests/tests/TID/../tf_assert expected actual.jmx
2018-05-17 09:27:54,895 INFO o.a.j.e.StandardJMeterEngine: Running the test!
2018-05-17 09:27:54,895 INFO o.a.j.s.SampleEvent: List of sample_variables: []
2018-05-17 09:27:54,902 INFO o.a.j.g.u.JMeterMenuBar: setRunning(true, *local*)
2018-05-17 09:27:55,010 INFO o.a.j.e.StandardJMeterEngine: Starting ThreadGroup: 1 : create workflow
2018-05-17 09:27:55,010 INFO o.a.j.e.StandardJMeterEngine: Starting 1 threads for group create workflow.
2018-05-17 09:27:55,010 INFO o.a.j.e.StandardJMeterEngine: Thread will continue on error
2018-05-17 09:27:55,010 INFO o.a.j.t.ThreadGroup: Starting thread group... number=1 threads=1 ramp-up=1 perThread=1000.0 delayedStart=false
2018-05-17 09:27:55,011 INFO o.a.j.t.ThreadGroup: Started thread group number 1
2018-05-17 09:27:55,011 INFO o.a.j.e.StandardJMeterEngine: Waiting for thread group: create workflow to finish before starting next group
2018-05-17 09:27:55,011 INFO o.a.j.t.JMeterThread: Thread started: create workflow 1-1
2018-05-17 09:27:55,011 INFO o.a.j.s.FileServer: Stored: ../../testConfigFiles/paths.csv
2018-05-17 09:27:55,012 INFO o.a.j.s.FileServer: Stored: ../../testConfigFiles/ipConfigs.csv
2018-05-17 09:27:55,618 INFO o.a.j.t.JMeterThread: Thread is done: create workflow 1-1
2018-05-17 09:27:55,618 INFO o.a.j.t.JMeterThread: Thread finished: create workflow 1-1
2018-05-17 09:27:55,618 INFO o.a.j.e.StandardJMeterEngine: Starting ThreadGroup: 2 : run stored add mult
2018-05-17 09:27:55,619 INFO o.a.j.e.StandardJMeterEngine: Starting 1 threads for group run stored add mult.
2018-05-17 09:27:55,619 INFO o.a.j.e.StandardJMeterEngine: Thread will stop on error
2018-05-17 09:27:55,619 INFO o.a.j.t.ThreadGroup: Starting thread group... number=2 threads=1 ramp-up=1 perThread=1000.0 delayedStart=false
2018-05-17 09:27:55,619 INFO o.a.j.c.IncludeController: loadIncludedElements -- try to load included module: /home/eitang/WorkStuff/TestManager/system-tests/tests/../tf_Get status REST.jmx
2018-05-17 09:27:55,619 INFO o.a.j.c.IncludeController: loadIncludedElements -failed for: /home/eitang/WorkStuff/TestManager/system-tests/tests/../tf_Get status REST.jmx
2018-05-17 09:27:55,619 INFO o.a.j.c.IncludeController: loadIncludedElements -Attempting to read it from: /home/eitang/WorkStuff/TestManager/system-tests/tests/TID/../tf_Get status REST.jmx
2018-05-17 09:27:55,619 INFO o.a.j.s.SaveService: Loading file: /home/eitang/WorkStuff/TestManager/system-tests/tests/TID/../tf_Get status REST.jmx
2018-05-17 09:27:55,643 INFO o.a.j.c.IncludeController: loadIncludedElements -- try to load included module: /home/eitang/WorkStuff/TestManager/system-tests/tests/../tf_Get results REST.jmx
2018-05-17 09:27:55,643 INFO o.a.j.c.IncludeController: loadIncludedElements -failed for: /home/eitang/WorkStuff/TestManager/system-tests/tests/../tf_Get results REST.jmx
2018-05-17 09:27:55,644 INFO o.a.j.c.IncludeController: loadIncludedElements -Attempting to read it from: /home/eitang/WorkStuff/TestManager/system-tests/tests/TID/../tf_Get results REST.jmx
2018-05-17 09:27:55,644 INFO o.a.j.s.SaveService: Loading file: /home/eitang/WorkStuff/TestManager/system-tests/tests/TID/../tf_Get results REST.jmx
2018-05-17 09:27:55,657 INFO o.a.j.c.IncludeController: loadIncludedElements -- try to load included module: /home/eitang/WorkStuff/TestManager/system-tests/tests/../tf_assert expected actual.jmx
2018-05-17 09:27:55,657 INFO o.a.j.c.IncludeController: loadIncludedElements -failed for: /home/eitang/WorkStuff/TestManager/system-tests/tests/../tf_assert expected actual.jmx
2018-05-17 09:27:55,657 INFO o.a.j.c.IncludeController: loadIncludedElements -Attempting to read it from: /home/eitang/WorkStuff/TestManager/system-tests/tests/TID/../tf_assert expected actual.jmx
2018-05-17 09:27:55,657 INFO o.a.j.s.SaveService: Loading file: /home/eitang/WorkStuff/TestManager/system-tests/tests/TID/../tf_assert expected actual.jmx
2018-05-17 09:27:55,670 INFO o.a.j.t.ThreadGroup: Started thread group number 2
2018-05-17 09:27:55,670 INFO o.a.j.e.StandardJMeterEngine: Waiting for thread group: run stored add mult to finish before starting next group
2018-05-17 09:27:55,672 INFO o.a.j.t.JMeterThread: Thread started: run stored add mult 2-1
2018-05-17 09:27:56,470 ERROR o.a.j.f.JavaScript: Error processing Javascript: [("${status}" != "completed") && (${counter}<20)]

javax.script.ScriptException: <eval>:1:34 Expected ) but found {
("${status}" != "completed") && (${counter}<20)
                                  ^ in <eval> at line number 1 at column number 34
	at jdk.nashorn.api.scripting.NashornScriptEngine.throwAsScriptException(NashornScriptEngine.java:470) ~[nashorn.jar:?]
	at jdk.nashorn.api.scripting.NashornScriptEngine.compileImpl(NashornScriptEngine.java:537) ~[nashorn.jar:?]
	at jdk.nashorn.api.scripting.NashornScriptEngine.compileImpl(NashornScriptEngine.java:524) ~[nashorn.jar:?]
	at jdk.nashorn.api.scripting.NashornScriptEngine.evalImpl(NashornScriptEngine.java:402) ~[nashorn.jar:?]
	at jdk.nashorn.api.scripting.NashornScriptEngine.eval(NashornScriptEngine.java:155) ~[nashorn.jar:?]
	at org.apache.jmeter.functions.JavaScript.executeWithNashorn(JavaScript.java:142) [ApacheJMeter_functions.jar:4.0 r1823414]
	at org.apache.jmeter.functions.JavaScript.execute(JavaScript.java:103) [ApacheJMeter_functions.jar:4.0 r1823414]
	at org.apache.jmeter.engine.util.CompoundVariable.execute(CompoundVariable.java:137) [ApacheJMeter_core.jar:4.0 r1823414]
	at org.apache.jmeter.engine.util.CompoundVariable.execute(CompoundVariable.java:112) [ApacheJMeter_core.jar:4.0 r1823414]
	at org.apache.jmeter.testelement.property.FunctionProperty.getStringValue(FunctionProperty.java:101) [ApacheJMeter_core.jar:4.0 r1823414]
	at org.apache.jmeter.control.WhileController.getCondition(WhileController.java:124) [ApacheJMeter_core.jar:4.0 r1823414]
	at org.apache.jmeter.control.WhileController.endOfLoop(WhileController.java:56) [ApacheJMeter_core.jar:4.0 r1823414]
	at org.apache.jmeter.control.WhileController.next(WhileController.java:102) [ApacheJMeter_core.jar:4.0 r1823414]
	at org.apache.jmeter.control.GenericController.nextIsAController(GenericController.java:219) [ApacheJMeter_core.jar:4.0 r1823414]
	at org.apache.jmeter.control.GenericController.next(GenericController.java:173) [ApacheJMeter_core.jar:4.0 r1823414]
	at org.apache.jmeter.control.GenericController.nextIsAController(GenericController.java:219) [ApacheJMeter_core.jar:4.0 r1823414]
	at org.apache.jmeter.control.GenericController.next(GenericController.java:173) [ApacheJMeter_core.jar:4.0 r1823414]
	at org.apache.jmeter.control.LoopController.next(LoopController.java:128) [ApacheJMeter_core.jar:4.0 r1823414]
	at org.apache.jmeter.threads.AbstractThreadGroup.next(AbstractThreadGroup.java:87) [ApacheJMeter_core.jar:4.0 r1823414]
	at org.apache.jmeter.threads.JMeterThread.run(JMeterThread.java:269) [ApacheJMeter_core.jar:4.0 r1823414]
	at java.lang.Thread.run(Thread.java:748) [?:1.8.0_171]
Caused by: jdk.nashorn.internal.runtime.ParserException: <eval>:1:34 Expected ) but found {
("${status}" != "completed") && (${counter}<20)
                                  ^
	at jdk.nashorn.internal.parser.AbstractParser.error(AbstractParser.java:294) ~[nashorn.jar:?]
	at jdk.nashorn.internal.parser.AbstractParser.error(AbstractParser.java:279) ~[nashorn.jar:?]
	at jdk.nashorn.internal.parser.AbstractParser.expectDontAdvance(AbstractParser.java:350) ~[nashorn.jar:?]
	at jdk.nashorn.internal.parser.AbstractParser.expect(AbstractParser.java:337) ~[nashorn.jar:?]
	at jdk.nashorn.internal.parser.Parser.primaryExpression(Parser.java:1994) ~[nashorn.jar:?]
	at jdk.nashorn.internal.parser.Parser.memberExpression(Parser.java:2511) ~[nashorn.jar:?]
	at jdk.nashorn.internal.parser.Parser.leftHandSideExpression(Parser.java:2372) ~[nashorn.jar:?]
	at jdk.nashorn.internal.parser.Parser.unaryExpression(Parser.java:3147) ~[nashorn.jar:?]
	at jdk.nashorn.internal.parser.Parser.expression(Parser.java:3325) ~[nashorn.jar:?]
	at jdk.nashorn.internal.parser.Parser.expression(Parser.java:3282) ~[nashorn.jar:?]
	at jdk.nashorn.internal.parser.Parser.expressionStatement(Parser.java:1150) ~[nashorn.jar:?]
	at jdk.nashorn.internal.parser.Parser.statement(Parser.java:967) ~[nashorn.jar:?]
	at jdk.nashorn.internal.parser.Parser.sourceElements(Parser.java:773) ~[nashorn.jar:?]
	at jdk.nashorn.internal.parser.Parser.program(Parser.java:709) ~[nashorn.jar:?]
	at jdk.nashorn.internal.parser.Parser.parse(Parser.java:283) ~[nashorn.jar:?]
	at jdk.nashorn.internal.parser.Parser.parse(Parser.java:249) ~[nashorn.jar:?]
	at jdk.nashorn.internal.runtime.Context.compile(Context.java:1284) ~[nashorn.jar:?]
	at jdk.nashorn.internal.runtime.Context.compileScript(Context.java:1251) ~[nashorn.jar:?]
	at jdk.nashorn.internal.runtime.Context.compileScript(Context.java:627) ~[nashorn.jar:?]
	at jdk.nashorn.api.scripting.NashornScriptEngine.compileImpl(NashornScriptEngine.java:535) ~[nashorn.jar:?]
	... 19 more
2018-05-17 09:28:01,494 WARN o.a.j.t.JSR223Timer: Script did not return a value
2018-05-17 09:28:02,008 WARN o.a.j.s.SampleResult: Using platform default as json caused java.io.UnsupportedEncodingException: json
2018-05-17 09:28:02,011 INFO o.a.j.t.JMeterThread: Thread is done: run stored add mult 2-1
2018-05-17 09:28:02,012 INFO o.a.j.t.JMeterThread: Thread finished: run stored add mult 2-1
2018-05-17 09:28:02,012 INFO o.a.j.e.StandardJMeterEngine: Starting ThreadGroup: 3 : delete workflow
2018-05-17 09:28:02,012 INFO o.a.j.e.StandardJMeterEngine: Starting 1 threads for group delete workflow.
2018-05-17 09:28:02,012 INFO o.a.j.e.StandardJMeterEngine: Thread will continue on error
2018-05-17 09:28:02,012 INFO o.a.j.t.ThreadGroup: Starting thread group... number=3 threads=1 ramp-up=1 perThread=1000.0 delayedStart=false
2018-05-17 09:28:02,012 INFO o.a.j.t.ThreadGroup: Started thread group number 3
2018-05-17 09:28:02,013 INFO o.a.j.e.StandardJMeterEngine: All thread groups have been started
2018-05-17 09:28:02,013 INFO o.a.j.t.JMeterThread: Thread started: delete workflow 3-1
2018-05-17 09:28:02,452 INFO o.a.j.t.JMeterThread: Thread is done: delete workflow 3-1
2018-05-17 09:28:02,452 INFO o.a.j.t.JMeterThread: Thread finished: delete workflow 3-1
2018-05-17 09:28:02,453 INFO o.a.j.e.StandardJMeterEngine: Notifying test listeners of end of test
2018-05-17 09:28:02,453 INFO o.a.j.s.FileServer: Close: ../../testConfigFiles/paths.csv
2018-05-17 09:28:02,454 INFO o.a.j.s.FileServer: Close: ../../testConfigFiles/ipConfigs.csv
2018-05-17 09:28:02,455 INFO o.a.j.g.u.JMeterMenuBar: setRunning(false, *local*)
2018-05-17 09:28:06,826 WARN o.a.j.s.SampleResult: Using platform default as json caused java.io.UnsupportedEncodingException: json
2018-05-17 09:28:06,826 WARN o.a.j.s.SampleResult: Using platform default as json caused java.io.UnsupportedEncodingException: json
2018-05-17 09:28:31,348 INFO o.a.j.c.IncludeController: loadIncludedElements -- try to load included module: /home/eitang/WorkStuff/TestManager/system-tests/tests/../tf_Get status REST.jmx
2018-05-17 09:28:31,349 INFO o.a.j.c.IncludeController: loadIncludedElements -failed for: /home/eitang/WorkStuff/TestManager/system-tests/tests/../tf_Get status REST.jmx
2018-05-17 09:28:31,349 INFO o.a.j.c.IncludeController: loadIncludedElements -Attempting to read it from: /home/eitang/WorkStuff/TestManager/system-tests/tests/TID/../tf_Get status REST.jmx
2018-05-17 09:28:31,349 INFO o.a.j.s.SaveService: Loading file: /home/eitang/WorkStuff/TestManager/system-tests/tests/TID/../tf_Get status REST.jmx
2018-05-17 09:28:31,372 INFO o.a.j.c.IncludeController: loadIncludedElements -- try to load included module: /home/eitang/WorkStuff/TestManager/system-tests/tests/../tf_Get results REST.jmx
2018-05-17 09:28:31,372 INFO o.a.j.c.IncludeController: loadIncludedElements -failed for: /home/eitang/WorkStuff/TestManager/system-tests/tests/../tf_Get results REST.jmx
2018-05-17 09:28:31,372 INFO o.a.j.c.IncludeController: loadIncludedElements -Attempting to read it from: /home/eitang/WorkStuff/TestManager/system-tests/tests/TID/../tf_Get results REST.jmx
2018-05-17 09:28:31,372 INFO o.a.j.s.SaveService: Loading file: /home/eitang/WorkStuff/TestManager/system-tests/tests/TID/../tf_Get results REST.jmx
2018-05-17 09:28:31,378 INFO o.a.j.c.IncludeController: loadIncludedElements -- try to load included module: /home/eitang/WorkStuff/TestManager/system-tests/tests/../tf_assert expected actual.jmx
2018-05-17 09:28:31,378 INFO o.a.j.c.IncludeController: loadIncludedElements -failed for: /home/eitang/WorkStuff/TestManager/system-tests/tests/../tf_assert expected actual.jmx
2018-05-17 09:28:31,378 INFO o.a.j.c.IncludeController: loadIncludedElements -Attempting to read it from: /home/eitang/WorkStuff/TestManager/system-tests/tests/TID/../tf_assert expected actual.jmx
2018-05-17 09:28:31,378 INFO o.a.j.s.SaveService: Loading file: /home/eitang/WorkStuff/TestManager/system-tests/tests/TID/../tf_assert expected actual.jmx
2018-05-17 09:28:31,392 INFO o.a.j.c.IncludeController: loadIncludedElements -- try to load included module: /home/eitang/WorkStuff/TestManager/system-tests/tests/../tf_Get status REST.jmx
2018-05-17 09:28:31,392 INFO o.a.j.c.IncludeController: loadIncludedElements -failed for: /home/eitang/WorkStuff/TestManager/system-tests/tests/../tf_Get status REST.jmx
2018-05-17 09:28:31,392 INFO o.a.j.c.IncludeController: loadIncludedElements -Attempting to read it from: /home/eitang/WorkStuff/TestManager/system-tests/tests/TID/../tf_Get status REST.jmx
2018-05-17 09:28:31,392 INFO o.a.j.s.SaveService: Loading file: /home/eitang/WorkStuff/TestManager/system-tests/tests/TID/../tf_Get status REST.jmx
2018-05-17 09:28:31,399 INFO o.a.j.c.IncludeController: loadIncludedElements -- try to load included module: /home/eitang/WorkStuff/TestManager/system-tests/tests/../tf_Get results REST.jmx
2018-05-17 09:28:31,399 INFO o.a.j.c.IncludeController: loadIncludedElements -failed for: /home/eitang/WorkStuff/TestManager/system-tests/tests/../tf_Get results REST.jmx
2018-05-17 09:28:31,399 INFO o.a.j.c.IncludeController: loadIncludedElements -Attempting to read it from: /home/eitang/WorkStuff/TestManager/system-tests/tests/TID/../tf_Get results REST.jmx
2018-05-17 09:28:31,399 INFO o.a.j.s.SaveService: Loading file: /home/eitang/WorkStuff/TestManager/system-tests/tests/TID/../tf_Get results REST.jmx
2018-05-17 09:28:31,403 INFO o.a.j.c.IncludeController: loadIncludedElements -- try to load included module: /home/eitang/WorkStuff/TestManager/system-tests/tests/../tf_assert expected actual.jmx
2018-05-17 09:28:31,403 INFO o.a.j.c.IncludeController: loadIncludedElements -failed for: /home/eitang/WorkStuff/TestManager/system-tests/tests/../tf_assert expected actual.jmx
2018-05-17 09:28:31,404 INFO o.a.j.c.IncludeController: loadIncludedElements -Attempting to read it from: /home/eitang/WorkStuff/TestManager/system-tests/tests/TID/../tf_assert expected actual.jmx
2018-05-17 09:28:31,404 INFO o.a.j.s.SaveService: Loading file: /home/eitang/WorkStuff/TestManager/system-tests/tests/TID/../tf_assert expected actual.jmx
2018-05-17 09:28:31,410 INFO o.a.j.c.IncludeController: loadIncludedElements -- try to load included module: /home/eitang/WorkStuff/TestManager/system-tests/tests/../tf_Get status REST.jmx
2018-05-17 09:28:31,410 INFO o.a.j.c.IncludeController: loadIncludedElements -failed for: /home/eitang/WorkStuff/TestManager/system-tests/tests/../tf_Get status REST.jmx
2018-05-17 09:28:31,410 INFO o.a.j.c.IncludeController: loadIncludedElements -Attempting to read it from: /home/eitang/WorkStuff/TestManager/system-tests/tests/TID/../tf_Get status REST.jmx
2018-05-17 09:28:31,410 INFO o.a.j.s.SaveService: Loading file: /home/eitang/WorkStuff/TestManager/system-tests/tests/TID/../tf_Get status REST.jmx
2018-05-17 09:28:31,423 INFO o.a.j.c.IncludeController: loadIncludedElements -- try to load included module: /home/eitang/WorkStuff/TestManager/system-tests/tests/../tf_Get results REST.jmx
2018-05-17 09:28:31,423 INFO o.a.j.c.IncludeController: loadIncludedElements -failed for: /home/eitang/WorkStuff/TestManager/system-tests/tests/../tf_Get results REST.jmx
2018-05-17 09:28:31,423 INFO o.a.j.c.IncludeController: loadIncludedElements -Attempting to read it from: /home/eitang/WorkStuff/TestManager/system-tests/tests/TID/../tf_Get results REST.jmx
2018-05-17 09:28:31,423 INFO o.a.j.s.SaveService: Loading file: /home/eitang/WorkStuff/TestManager/system-tests/tests/TID/../tf_Get results REST.jmx
2018-05-17 09:28:31,430 INFO o.a.j.c.IncludeController: loadIncludedElements -- try to load included module: /home/eitang/WorkStuff/TestManager/system-tests/tests/../tf_assert expected actual.jmx
2018-05-17 09:28:31,430 INFO o.a.j.c.IncludeController: loadIncludedElements -failed for: /home/eitang/WorkStuff/TestManager/system-tests/tests/../tf_assert expected actual.jmx
2018-05-17 09:28:31,430 INFO o.a.j.c.IncludeController: loadIncludedElements -Attempting to read it from: /home/eitang/WorkStuff/TestManager/system-tests/tests/TID/../tf_assert expected actual.jmx
2018-05-17 09:28:31,430 INFO o.a.j.s.SaveService: Loading file: /home/eitang/WorkStuff/TestManager/system-tests/tests/TID/../tf_assert expected actual.jmx
2018-05-17 09:28:31,440 INFO o.a.j.e.StandardJMeterEngine: Running the test!
2018-05-17 09:28:31,440 INFO o.a.j.s.SampleEvent: List of sample_variables: []
2018-05-17 09:28:31,446 INFO o.a.j.g.u.JMeterMenuBar: setRunning(true, *local*)
2018-05-17 09:28:31,557 INFO o.a.j.e.StandardJMeterEngine: Starting ThreadGroup: 1 : create workflow
2018-05-17 09:28:31,557 INFO o.a.j.e.StandardJMeterEngine: Starting 1 threads for group create workflow.
2018-05-17 09:28:31,557 INFO o.a.j.e.StandardJMeterEngine: Thread will continue on error
2018-05-17 09:28:31,557 INFO o.a.j.t.ThreadGroup: Starting thread group... number=1 threads=1 ramp-up=1 perThread=1000.0 delayedStart=false
2018-05-17 09:28:31,557 INFO o.a.j.t.ThreadGroup: Started thread group number 1
2018-05-17 09:28:31,558 INFO o.a.j.e.StandardJMeterEngine: Waiting for thread group: create workflow to finish before starting next group
2018-05-17 09:28:31,558 INFO o.a.j.t.JMeterThread: Thread started: create workflow 1-1
2018-05-17 09:28:31,558 INFO o.a.j.s.FileServer: Stored: ../../testConfigFiles/paths.csv
2018-05-17 09:28:31,558 INFO o.a.j.s.FileServer: Stored: ../../testConfigFiles/ipConfigs.csv
2018-05-17 09:28:31,953 INFO o.a.j.t.JMeterThread: Thread is done: create workflow 1-1
2018-05-17 09:28:31,953 INFO o.a.j.t.JMeterThread: Thread finished: create workflow 1-1
2018-05-17 09:28:31,954 INFO o.a.j.e.StandardJMeterEngine: Starting ThreadGroup: 2 : run stored add mult
2018-05-17 09:28:31,954 INFO o.a.j.e.StandardJMeterEngine: Starting 1 threads for group run stored add mult.
2018-05-17 09:28:31,954 INFO o.a.j.e.StandardJMeterEngine: Thread will stop on error
2018-05-17 09:28:31,954 INFO o.a.j.t.ThreadGroup: Starting thread group... number=2 threads=1 ramp-up=1 perThread=1000.0 delayedStart=false
2018-05-17 09:28:31,955 INFO o.a.j.c.IncludeController: loadIncludedElements -- try to load included module: /home/eitang/WorkStuff/TestManager/system-tests/tests/../tf_Get status REST.jmx
2018-05-17 09:28:31,955 INFO o.a.j.c.IncludeController: loadIncludedElements -failed for: /home/eitang/WorkStuff/TestManager/system-tests/tests/../tf_Get status REST.jmx
2018-05-17 09:28:31,955 INFO o.a.j.c.IncludeController: loadIncludedElements -Attempting to read it from: /home/eitang/WorkStuff/TestManager/system-tests/tests/TID/../tf_Get status REST.jmx
2018-05-17 09:28:31,955 INFO o.a.j.s.SaveService: Loading file: /home/eitang/WorkStuff/TestManager/system-tests/tests/TID/../tf_Get status REST.jmx
2018-05-17 09:28:31,998 INFO o.a.j.c.IncludeController: loadIncludedElements -- try to load included module: /home/eitang/WorkStuff/TestManager/system-tests/tests/../tf_Get results REST.jmx
2018-05-17 09:28:31,998 INFO o.a.j.c.IncludeController: loadIncludedElements -failed for: /home/eitang/WorkStuff/TestManager/system-tests/tests/../tf_Get results REST.jmx
2018-05-17 09:28:31,998 INFO o.a.j.c.IncludeController: loadIncludedElements -Attempting to read it from: /home/eitang/WorkStuff/TestManager/system-tests/tests/TID/../tf_Get results REST.jmx
2018-05-17 09:28:31,999 INFO o.a.j.s.SaveService: Loading file: /home/eitang/WorkStuff/TestManager/system-tests/tests/TID/../tf_Get results REST.jmx
2018-05-17 09:28:32,010 INFO o.a.j.c.IncludeController: loadIncludedElements -- try to load included module: /home/eitang/WorkStuff/TestManager/system-tests/tests/../tf_assert expected actual.jmx
2018-05-17 09:28:32,010 INFO o.a.j.c.IncludeController: loadIncludedElements -failed for: /home/eitang/WorkStuff/TestManager/system-tests/tests/../tf_assert expected actual.jmx
2018-05-17 09:28:32,010 INFO o.a.j.c.IncludeController: loadIncludedElements -Attempting to read it from: /home/eitang/WorkStuff/TestManager/system-tests/tests/TID/../tf_assert expected actual.jmx
2018-05-17 09:28:32,010 INFO o.a.j.s.SaveService: Loading file: /home/eitang/WorkStuff/TestManager/system-tests/tests/TID/../tf_assert expected actual.jmx
2018-05-17 09:28:32,022 INFO o.a.j.t.ThreadGroup: Started thread group number 2
2018-05-17 09:28:32,022 INFO o.a.j.e.StandardJMeterEngine: Waiting for thread group: run stored add mult to finish before starting next group
2018-05-17 09:28:32,022 INFO o.a.j.t.JMeterThread: Thread started: run stored add mult 2-1
2018-05-17 09:28:32,870 ERROR o.a.j.f.JavaScript: Error processing Javascript: [("${status}" != "completed") && (${counter}<20)]

javax.script.ScriptException: <eval>:1:34 Expected ) but found {
("${status}" != "completed") && (${counter}<20)
                                  ^ in <eval> at line number 1 at column number 34
	at jdk.nashorn.api.scripting.NashornScriptEngine.throwAsScriptException(NashornScriptEngine.java:470) ~[nashorn.jar:?]
	at jdk.nashorn.api.scripting.NashornScriptEngine.compileImpl(NashornScriptEngine.java:537) ~[nashorn.jar:?]
	at jdk.nashorn.api.scripting.NashornScriptEngine.compileImpl(NashornScriptEngine.java:524) ~[nashorn.jar:?]
	at jdk.nashorn.api.scripting.NashornScriptEngine.evalImpl(NashornScriptEngine.java:402) ~[nashorn.jar:?]
	at jdk.nashorn.api.scripting.NashornScriptEngine.eval(NashornScriptEngine.java:155) ~[nashorn.jar:?]
	at org.apache.jmeter.functions.JavaScript.executeWithNashorn(JavaScript.java:142) [ApacheJMeter_functions.jar:4.0 r1823414]
	at org.apache.jmeter.functions.JavaScript.execute(JavaScript.java:103) [ApacheJMeter_functions.jar:4.0 r1823414]
	at org.apache.jmeter.engine.util.CompoundVariable.execute(CompoundVariable.java:137) [ApacheJMeter_core.jar:4.0 r1823414]
	at org.apache.jmeter.engine.util.CompoundVariable.execute(CompoundVariable.java:112) [ApacheJMeter_core.jar:4.0 r1823414]
	at org.apache.jmeter.testelement.property.FunctionProperty.getStringValue(FunctionProperty.java:101) [ApacheJMeter_core.jar:4.0 r1823414]
	at org.apache.jmeter.control.WhileController.getCondition(WhileController.java:124) [ApacheJMeter_core.jar:4.0 r1823414]
	at org.apache.jmeter.control.WhileController.endOfLoop(WhileController.java:56) [ApacheJMeter_core.jar:4.0 r1823414]
	at org.apache.jmeter.control.WhileController.next(WhileController.java:102) [ApacheJMeter_core.jar:4.0 r1823414]
	at org.apache.jmeter.control.GenericController.nextIsAController(GenericController.java:219) [ApacheJMeter_core.jar:4.0 r1823414]
	at org.apache.jmeter.control.GenericController.next(GenericController.java:173) [ApacheJMeter_core.jar:4.0 r1823414]
	at org.apache.jmeter.control.GenericController.nextIsAController(GenericController.java:219) [ApacheJMeter_core.jar:4.0 r1823414]
	at org.apache.jmeter.control.GenericController.next(GenericController.java:173) [ApacheJMeter_core.jar:4.0 r1823414]
	at org.apache.jmeter.control.LoopController.next(LoopController.java:128) [ApacheJMeter_core.jar:4.0 r1823414]
	at org.apache.jmeter.threads.AbstractThreadGroup.next(AbstractThreadGroup.java:87) [ApacheJMeter_core.jar:4.0 r1823414]
	at org.apache.jmeter.threads.JMeterThread.run(JMeterThread.java:269) [ApacheJMeter_core.jar:4.0 r1823414]
	at java.lang.Thread.run(Thread.java:748) [?:1.8.0_171]
Caused by: jdk.nashorn.internal.runtime.ParserException: <eval>:1:34 Expected ) but found {
("${status}" != "completed") && (${counter}<20)
                                  ^
	at jdk.nashorn.internal.parser.AbstractParser.error(AbstractParser.java:294) ~[nashorn.jar:?]
	at jdk.nashorn.internal.parser.AbstractParser.error(AbstractParser.java:279) ~[nashorn.jar:?]
	at jdk.nashorn.internal.parser.AbstractParser.expectDontAdvance(AbstractParser.java:350) ~[nashorn.jar:?]
	at jdk.nashorn.internal.parser.AbstractParser.expect(AbstractParser.java:337) ~[nashorn.jar:?]
	at jdk.nashorn.internal.parser.Parser.primaryExpression(Parser.java:1994) ~[nashorn.jar:?]
	at jdk.nashorn.internal.parser.Parser.memberExpression(Parser.java:2511) ~[nashorn.jar:?]
	at jdk.nashorn.internal.parser.Parser.leftHandSideExpression(Parser.java:2372) ~[nashorn.jar:?]
	at jdk.nashorn.internal.parser.Parser.unaryExpression(Parser.java:3147) ~[nashorn.jar:?]
	at jdk.nashorn.internal.parser.Parser.expression(Parser.java:3325) ~[nashorn.jar:?]
	at jdk.nashorn.internal.parser.Parser.expression(Parser.java:3282) ~[nashorn.jar:?]
	at jdk.nashorn.internal.parser.Parser.expressionStatement(Parser.java:1150) ~[nashorn.jar:?]
	at jdk.nashorn.internal.parser.Parser.statement(Parser.java:967) ~[nashorn.jar:?]
	at jdk.nashorn.internal.parser.Parser.sourceElements(Parser.java:773) ~[nashorn.jar:?]
	at jdk.nashorn.internal.parser.Parser.program(Parser.java:709) ~[nashorn.jar:?]
	at jdk.nashorn.internal.parser.Parser.parse(Parser.java:283) ~[nashorn.jar:?]
	at jdk.nashorn.internal.parser.Parser.parse(Parser.java:249) ~[nashorn.jar:?]
	at jdk.nashorn.internal.runtime.Context.compile(Context.java:1284) ~[nashorn.jar:?]
	at jdk.nashorn.internal.runtime.Context.compileScript(Context.java:1251) ~[nashorn.jar:?]
	at jdk.nashorn.internal.runtime.Context.compileScript(Context.java:627) ~[nashorn.jar:?]
	at jdk.nashorn.api.scripting.NashornScriptEngine.compileImpl(NashornScriptEngine.java:535) ~[nashorn.jar:?]
	... 19 more
2018-05-17 09:28:37,902 WARN o.a.j.t.JSR223Timer: Script did not return a value
2018-05-17 09:28:43,346 WARN o.a.j.t.JSR223Timer: Script did not return a value
2018-05-17 09:28:48,779 WARN o.a.j.t.JSR223Timer: Script did not return a value
2018-05-17 09:28:54,209 WARN o.a.j.t.JSR223Timer: Script did not return a value
2018-05-17 09:28:54,745 WARN o.a.j.s.SampleResult: Using platform default as json caused java.io.UnsupportedEncodingException: json
2018-05-17 09:28:54,756 INFO o.a.j.t.JMeterThread: Stop Thread detected by thread: run stored add mult 2-1
2018-05-17 09:28:54,756 INFO o.a.j.t.JMeterThread: Thread is done: run stored add mult 2-1
2018-05-17 09:28:54,756 INFO o.a.j.t.JMeterThread: Thread finished: run stored add mult 2-1
2018-05-17 09:28:54,757 INFO o.a.j.e.StandardJMeterEngine: Starting ThreadGroup: 3 : delete workflow
2018-05-17 09:28:54,757 INFO o.a.j.e.StandardJMeterEngine: Starting 1 threads for group delete workflow.
2018-05-17 09:28:54,757 INFO o.a.j.e.StandardJMeterEngine: Thread will continue on error
2018-05-17 09:28:54,758 INFO o.a.j.t.ThreadGroup: Starting thread group... number=3 threads=1 ramp-up=1 perThread=1000.0 delayedStart=false
2018-05-17 09:28:54,759 INFO o.a.j.t.ThreadGroup: Started thread group number 3
2018-05-17 09:28:54,759 INFO o.a.j.e.StandardJMeterEngine: All thread groups have been started
2018-05-17 09:28:54,759 INFO o.a.j.t.JMeterThread: Thread started: delete workflow 3-1
2018-05-17 09:28:55,181 INFO o.a.j.t.JMeterThread: Thread is done: delete workflow 3-1
2018-05-17 09:28:55,182 INFO o.a.j.t.JMeterThread: Thread finished: delete workflow 3-1
2018-05-17 09:28:55,183 INFO o.a.j.e.StandardJMeterEngine: Notifying test listeners of end of test
2018-05-17 09:28:55,183 INFO o.a.j.s.FileServer: Close: ../../testConfigFiles/paths.csv
2018-05-17 09:28:55,184 INFO o.a.j.s.FileServer: Close: ../../testConfigFiles/ipConfigs.csv
2018-05-17 09:28:55,185 INFO o.a.j.g.u.JMeterMenuBar: setRunning(false, *local*)
2018-05-17 09:28:55,768 WARN o.a.j.s.SampleResult: Using platform default as json caused java.io.UnsupportedEncodingException: json
2018-05-17 09:28:55,768 WARN o.a.j.s.SampleResult: Using platform default as json caused java.io.UnsupportedEncodingException: json
2018-05-17 09:29:05,450 INFO o.a.j.c.IncludeController: loadIncludedElements -- try to load included module: /home/eitang/WorkStuff/TestManager/system-tests/tests/../tf_Get status REST.jmx
2018-05-17 09:29:05,450 INFO o.a.j.c.IncludeController: loadIncludedElements -failed for: /home/eitang/WorkStuff/TestManager/system-tests/tests/../tf_Get status REST.jmx
2018-05-17 09:29:05,450 INFO o.a.j.c.IncludeController: loadIncludedElements -Attempting to read it from: /home/eitang/WorkStuff/TestManager/system-tests/tests/TID/../tf_Get status REST.jmx
2018-05-17 09:29:05,450 INFO o.a.j.s.SaveService: Loading file: /home/eitang/WorkStuff/TestManager/system-tests/tests/TID/../tf_Get status REST.jmx
2018-05-17 09:29:05,459 INFO o.a.j.c.IncludeController: loadIncludedElements -- try to load included module: /home/eitang/WorkStuff/TestManager/system-tests/tests/../tf_Get results REST.jmx
2018-05-17 09:29:05,459 INFO o.a.j.c.IncludeController: loadIncludedElements -failed for: /home/eitang/WorkStuff/TestManager/system-tests/tests/../tf_Get results REST.jmx
2018-05-17 09:29:05,459 INFO o.a.j.c.IncludeController: loadIncludedElements -Attempting to read it from: /home/eitang/WorkStuff/TestManager/system-tests/tests/TID/../tf_Get results REST.jmx
2018-05-17 09:29:05,459 INFO o.a.j.s.SaveService: Loading file: /home/eitang/WorkStuff/TestManager/system-tests/tests/TID/../tf_Get results REST.jmx
2018-05-17 09:29:05,463 INFO o.a.j.c.IncludeController: loadIncludedElements -- try to load included module: /home/eitang/WorkStuff/TestManager/system-tests/tests/../tf_assert expected actual.jmx
2018-05-17 09:29:05,463 INFO o.a.j.c.IncludeController: loadIncludedElements -failed for: /home/eitang/WorkStuff/TestManager/system-tests/tests/../tf_assert expected actual.jmx
2018-05-17 09:29:05,463 INFO o.a.j.c.IncludeController: loadIncludedElements -Attempting to read it from: /home/eitang/WorkStuff/TestManager/system-tests/tests/TID/../tf_assert expected actual.jmx
2018-05-17 09:29:05,463 INFO o.a.j.s.SaveService: Loading file: /home/eitang/WorkStuff/TestManager/system-tests/tests/TID/../tf_assert expected actual.jmx
2018-05-17 09:29:05,475 INFO o.a.j.c.IncludeController: loadIncludedElements -- try to load included module: /home/eitang/WorkStuff/TestManager/system-tests/tests/../tf_Get status REST.jmx
2018-05-17 09:29:05,475 INFO o.a.j.c.IncludeController: loadIncludedElements -failed for: /home/eitang/WorkStuff/TestManager/system-tests/tests/../tf_Get status REST.jmx
2018-05-17 09:29:05,475 INFO o.a.j.c.IncludeController: loadIncludedElements -Attempting to read it from: /home/eitang/WorkStuff/TestManager/system-tests/tests/TID/../tf_Get status REST.jmx
2018-05-17 09:29:05,475 INFO o.a.j.s.SaveService: Loading file: /home/eitang/WorkStuff/TestManager/system-tests/tests/TID/../tf_Get status REST.jmx
2018-05-17 09:29:05,482 INFO o.a.j.c.IncludeController: loadIncludedElements -- try to load included module: /home/eitang/WorkStuff/TestManager/system-tests/tests/../tf_Get results REST.jmx
2018-05-17 09:29:05,483 INFO o.a.j.c.IncludeController: loadIncludedElements -failed for: /home/eitang/WorkStuff/TestManager/system-tests/tests/../tf_Get results REST.jmx
2018-05-17 09:29:05,483 INFO o.a.j.c.IncludeController: loadIncludedElements -Attempting to read it from: /home/eitang/WorkStuff/TestManager/system-tests/tests/TID/../tf_Get results REST.jmx
2018-05-17 09:29:05,483 INFO o.a.j.s.SaveService: Loading file: /home/eitang/WorkStuff/TestManager/system-tests/tests/TID/../tf_Get results REST.jmx
2018-05-17 09:29:05,486 INFO o.a.j.c.IncludeController: loadIncludedElements -- try to load included module: /home/eitang/WorkStuff/TestManager/system-tests/tests/../tf_assert expected actual.jmx
2018-05-17 09:29:05,487 INFO o.a.j.c.IncludeController: loadIncludedElements -failed for: /home/eitang/WorkStuff/TestManager/system-tests/tests/../tf_assert expected actual.jmx
2018-05-17 09:29:05,487 INFO o.a.j.c.IncludeController: loadIncludedElements -Attempting to read it from: /home/eitang/WorkStuff/TestManager/system-tests/tests/TID/../tf_assert expected actual.jmx
2018-05-17 09:29:05,487 INFO o.a.j.s.SaveService: Loading file: /home/eitang/WorkStuff/TestManager/system-tests/tests/TID/../tf_assert expected actual.jmx
2018-05-17 09:29:05,493 INFO o.a.j.c.IncludeController: loadIncludedElements -- try to load included module: /home/eitang/WorkStuff/TestManager/system-tests/tests/../tf_Get status REST.jmx
2018-05-17 09:29:05,493 INFO o.a.j.c.IncludeController: loadIncludedElements -failed for: /home/eitang/WorkStuff/TestManager/system-tests/tests/../tf_Get status REST.jmx
2018-05-17 09:29:05,493 INFO o.a.j.c.IncludeController: loadIncludedElements -Attempting to read it from: /home/eitang/WorkStuff/TestManager/system-tests/tests/TID/../tf_Get status REST.jmx
2018-05-17 09:29:05,493 INFO o.a.j.s.SaveService: Loading file: /home/eitang/WorkStuff/TestManager/system-tests/tests/TID/../tf_Get status REST.jmx
2018-05-17 09:29:05,508 INFO o.a.j.c.IncludeController: loadIncludedElements -- try to load included module: /home/eitang/WorkStuff/TestManager/system-tests/tests/../tf_Get results REST.jmx
2018-05-17 09:29:05,508 INFO o.a.j.c.IncludeController: loadIncludedElements -failed for: /home/eitang/WorkStuff/TestManager/system-tests/tests/../tf_Get results REST.jmx
2018-05-17 09:29:05,508 INFO o.a.j.c.IncludeController: loadIncludedElements -Attempting to read it from: /home/eitang/WorkStuff/TestManager/system-tests/tests/TID/../tf_Get results REST.jmx
2018-05-17 09:29:05,508 INFO o.a.j.s.SaveService: Loading file: /home/eitang/WorkStuff/TestManager/system-tests/tests/TID/../tf_Get results REST.jmx
2018-05-17 09:29:05,518 INFO o.a.j.c.IncludeController: loadIncludedElements -- try to load included module: /home/eitang/WorkStuff/TestManager/system-tests/tests/../tf_assert expected actual.jmx
2018-05-17 09:29:05,518 INFO o.a.j.c.IncludeController: loadIncludedElements -failed for: /home/eitang/WorkStuff/TestManager/system-tests/tests/../tf_assert expected actual.jmx
2018-05-17 09:29:05,518 INFO o.a.j.c.IncludeController: loadIncludedElements -Attempting to read it from: /home/eitang/WorkStuff/TestManager/system-tests/tests/TID/../tf_assert expected actual.jmx
2018-05-17 09:29:05,518 INFO o.a.j.s.SaveService: Loading file: /home/eitang/WorkStuff/TestManager/system-tests/tests/TID/../tf_assert expected actual.jmx
2018-05-17 09:29:05,530 INFO o.a.j.e.StandardJMeterEngine: Running the test!
2018-05-17 09:29:05,531 INFO o.a.j.s.SampleEvent: List of sample_variables: []
2018-05-17 09:29:05,536 INFO o.a.j.g.u.JMeterMenuBar: setRunning(true, *local*)
2018-05-17 09:29:05,658 INFO o.a.j.e.StandardJMeterEngine: Starting ThreadGroup: 1 : create workflow
2018-05-17 09:29:05,658 INFO o.a.j.e.StandardJMeterEngine: Starting 1 threads for group create workflow.
2018-05-17 09:29:05,658 INFO o.a.j.e.StandardJMeterEngine: Thread will continue on error
2018-05-17 09:29:05,658 INFO o.a.j.t.ThreadGroup: Starting thread group... number=1 threads=1 ramp-up=1 perThread=1000.0 delayedStart=false
2018-05-17 09:29:05,659 INFO o.a.j.t.ThreadGroup: Started thread group number 1
2018-05-17 09:29:05,659 INFO o.a.j.e.StandardJMeterEngine: Waiting for thread group: create workflow to finish before starting next group
2018-05-17 09:29:05,659 INFO o.a.j.t.JMeterThread: Thread started: create workflow 1-1
2018-05-17 09:29:05,659 INFO o.a.j.s.FileServer: Stored: ../../testConfigFiles/paths.csv
2018-05-17 09:29:05,659 INFO o.a.j.s.FileServer: Stored: ../../testConfigFiles/ipConfigs.csv
2018-05-17 09:29:06,090 INFO o.a.j.t.JMeterThread: Thread is done: create workflow 1-1
2018-05-17 09:29:06,090 INFO o.a.j.t.JMeterThread: Thread finished: create workflow 1-1
2018-05-17 09:29:06,091 INFO o.a.j.e.StandardJMeterEngine: Starting ThreadGroup: 2 : run stored add mult
2018-05-17 09:29:06,091 INFO o.a.j.e.StandardJMeterEngine: Starting 1 threads for group run stored add mult.
2018-05-17 09:29:06,091 INFO o.a.j.e.StandardJMeterEngine: Thread will stop on error
2018-05-17 09:29:06,091 INFO o.a.j.t.ThreadGroup: Starting thread group... number=2 threads=1 ramp-up=1 perThread=1000.0 delayedStart=false
2018-05-17 09:29:06,092 INFO o.a.j.c.IncludeController: loadIncludedElements -- try to load included module: /home/eitang/WorkStuff/TestManager/system-tests/tests/../tf_Get status REST.jmx
2018-05-17 09:29:06,092 INFO o.a.j.c.IncludeController: loadIncludedElements -failed for: /home/eitang/WorkStuff/TestManager/system-tests/tests/../tf_Get status REST.jmx
2018-05-17 09:29:06,092 INFO o.a.j.c.IncludeController: loadIncludedElements -Attempting to read it from: /home/eitang/WorkStuff/TestManager/system-tests/tests/TID/../tf_Get status REST.jmx
2018-05-17 09:29:06,092 INFO o.a.j.s.SaveService: Loading file: /home/eitang/WorkStuff/TestManager/system-tests/tests/TID/../tf_Get status REST.jmx
2018-05-17 09:29:06,132 INFO o.a.j.c.IncludeController: loadIncludedElements -- try to load included module: /home/eitang/WorkStuff/TestManager/system-tests/tests/../tf_Get results REST.jmx
2018-05-17 09:29:06,132 INFO o.a.j.c.IncludeController: loadIncludedElements -failed for: /home/eitang/WorkStuff/TestManager/system-tests/tests/../tf_Get results REST.jmx
2018-05-17 09:29:06,132 INFO o.a.j.c.IncludeController: loadIncludedElements -Attempting to read it from: /home/eitang/WorkStuff/TestManager/system-tests/tests/TID/../tf_Get results REST.jmx
2018-05-17 09:29:06,132 INFO o.a.j.s.SaveService: Loading file: /home/eitang/WorkStuff/TestManager/system-tests/tests/TID/../tf_Get results REST.jmx
2018-05-17 09:29:06,142 INFO o.a.j.c.IncludeController: loadIncludedElements -- try to load included module: /home/eitang/WorkStuff/TestManager/system-tests/tests/../tf_assert expected actual.jmx
2018-05-17 09:29:06,142 INFO o.a.j.c.IncludeController: loadIncludedElements -failed for: /home/eitang/WorkStuff/TestManager/system-tests/tests/../tf_assert expected actual.jmx
2018-05-17 09:29:06,142 INFO o.a.j.c.IncludeController: loadIncludedElements -Attempting to read it from: /home/eitang/WorkStuff/TestManager/system-tests/tests/TID/../tf_assert expected actual.jmx
2018-05-17 09:29:06,142 INFO o.a.j.s.SaveService: Loading file: /home/eitang/WorkStuff/TestManager/system-tests/tests/TID/../tf_assert expected actual.jmx
2018-05-17 09:29:06,154 INFO o.a.j.t.ThreadGroup: Started thread group number 2
2018-05-17 09:29:06,154 INFO o.a.j.e.StandardJMeterEngine: Waiting for thread group: run stored add mult to finish before starting next group
2018-05-17 09:29:06,154 INFO o.a.j.t.JMeterThread: Thread started: run stored add mult 2-1
2018-05-17 09:29:06,939 ERROR o.a.j.f.JavaScript: Error processing Javascript: [("${status}" != "completed") && (${counter}<20)]

javax.script.ScriptException: <eval>:1:34 Expected ) but found {
("${status}" != "completed") && (${counter}<20)
                                  ^ in <eval> at line number 1 at column number 34
	at jdk.nashorn.api.scripting.NashornScriptEngine.throwAsScriptException(NashornScriptEngine.java:470) ~[nashorn.jar:?]
	at jdk.nashorn.api.scripting.NashornScriptEngine.compileImpl(NashornScriptEngine.java:537) ~[nashorn.jar:?]
	at jdk.nashorn.api.scripting.NashornScriptEngine.compileImpl(NashornScriptEngine.java:524) ~[nashorn.jar:?]
	at jdk.nashorn.api.scripting.NashornScriptEngine.evalImpl(NashornScriptEngine.java:402) ~[nashorn.jar:?]
	at jdk.nashorn.api.scripting.NashornScriptEngine.eval(NashornScriptEngine.java:155) ~[nashorn.jar:?]
	at org.apache.jmeter.functions.JavaScript.executeWithNashorn(JavaScript.java:142) [ApacheJMeter_functions.jar:4.0 r1823414]
	at org.apache.jmeter.functions.JavaScript.execute(JavaScript.java:103) [ApacheJMeter_functions.jar:4.0 r1823414]
	at org.apache.jmeter.engine.util.CompoundVariable.execute(CompoundVariable.java:137) [ApacheJMeter_core.jar:4.0 r1823414]
	at org.apache.jmeter.engine.util.CompoundVariable.execute(CompoundVariable.java:112) [ApacheJMeter_core.jar:4.0 r1823414]
	at org.apache.jmeter.testelement.property.FunctionProperty.getStringValue(FunctionProperty.java:101) [ApacheJMeter_core.jar:4.0 r1823414]
	at org.apache.jmeter.control.WhileController.getCondition(WhileController.java:124) [ApacheJMeter_core.jar:4.0 r1823414]
	at org.apache.jmeter.control.WhileController.endOfLoop(WhileController.java:56) [ApacheJMeter_core.jar:4.0 r1823414]
	at org.apache.jmeter.control.WhileController.next(WhileController.java:102) [ApacheJMeter_core.jar:4.0 r1823414]
	at org.apache.jmeter.control.GenericController.nextIsAController(GenericController.java:219) [ApacheJMeter_core.jar:4.0 r1823414]
	at org.apache.jmeter.control.GenericController.next(GenericController.java:173) [ApacheJMeter_core.jar:4.0 r1823414]
	at org.apache.jmeter.control.GenericController.nextIsAController(GenericController.java:219) [ApacheJMeter_core.jar:4.0 r1823414]
	at org.apache.jmeter.control.GenericController.next(GenericController.java:173) [ApacheJMeter_core.jar:4.0 r1823414]
	at org.apache.jmeter.control.LoopController.next(LoopController.java:128) [ApacheJMeter_core.jar:4.0 r1823414]
	at org.apache.jmeter.threads.AbstractThreadGroup.next(AbstractThreadGroup.java:87) [ApacheJMeter_core.jar:4.0 r1823414]
	at org.apache.jmeter.threads.JMeterThread.run(JMeterThread.java:269) [ApacheJMeter_core.jar:4.0 r1823414]
	at java.lang.Thread.run(Thread.java:748) [?:1.8.0_171]
Caused by: jdk.nashorn.internal.runtime.ParserException: <eval>:1:34 Expected ) but found {
("${status}" != "completed") && (${counter}<20)
                                  ^
	at jdk.nashorn.internal.parser.AbstractParser.error(AbstractParser.java:294) ~[nashorn.jar:?]
	at jdk.nashorn.internal.parser.AbstractParser.error(AbstractParser.java:279) ~[nashorn.jar:?]
	at jdk.nashorn.internal.parser.AbstractParser.expectDontAdvance(AbstractParser.java:350) ~[nashorn.jar:?]
	at jdk.nashorn.internal.parser.AbstractParser.expect(AbstractParser.java:337) ~[nashorn.jar:?]
	at jdk.nashorn.internal.parser.Parser.primaryExpression(Parser.java:1994) ~[nashorn.jar:?]
	at jdk.nashorn.internal.parser.Parser.memberExpression(Parser.java:2511) ~[nashorn.jar:?]
	at jdk.nashorn.internal.parser.Parser.leftHandSideExpression(Parser.java:2372) ~[nashorn.jar:?]
	at jdk.nashorn.internal.parser.Parser.unaryExpression(Parser.java:3147) ~[nashorn.jar:?]
	at jdk.nashorn.internal.parser.Parser.expression(Parser.java:3325) ~[nashorn.jar:?]
	at jdk.nashorn.internal.parser.Parser.expression(Parser.java:3282) ~[nashorn.jar:?]
	at jdk.nashorn.internal.parser.Parser.expressionStatement(Parser.java:1150) ~[nashorn.jar:?]
	at jdk.nashorn.internal.parser.Parser.statement(Parser.java:967) ~[nashorn.jar:?]
	at jdk.nashorn.internal.parser.Parser.sourceElements(Parser.java:773) ~[nashorn.jar:?]
	at jdk.nashorn.internal.parser.Parser.program(Parser.java:709) ~[nashorn.jar:?]
	at jdk.nashorn.internal.parser.Parser.parse(Parser.java:283) ~[nashorn.jar:?]
	at jdk.nashorn.internal.parser.Parser.parse(Parser.java:249) ~[nashorn.jar:?]
	at jdk.nashorn.internal.runtime.Context.compile(Context.java:1284) ~[nashorn.jar:?]
	at jdk.nashorn.internal.runtime.Context.compileScript(Context.java:1251) ~[nashorn.jar:?]
	at jdk.nashorn.internal.runtime.Context.compileScript(Context.java:627) ~[nashorn.jar:?]
	at jdk.nashorn.api.scripting.NashornScriptEngine.compileImpl(NashornScriptEngine.java:535) ~[nashorn.jar:?]
	... 19 more
2018-05-17 09:29:11,959 WARN o.a.j.t.JSR223Timer: Script did not return a value
2018-05-17 09:29:17,396 WARN o.a.j.t.JSR223Timer: Script did not return a value
2018-05-17 09:29:17,924 WARN o.a.j.s.SampleResult: Using platform default as json caused java.io.UnsupportedEncodingException: json
2018-05-17 09:29:17,934 INFO o.a.j.t.JMeterThread: Thread is done: run stored add mult 2-1
2018-05-17 09:29:17,934 INFO o.a.j.t.JMeterThread: Thread finished: run stored add mult 2-1
2018-05-17 09:29:17,935 INFO o.a.j.e.StandardJMeterEngine: Starting ThreadGroup: 3 : delete workflow
2018-05-17 09:29:17,935 INFO o.a.j.e.StandardJMeterEngine: Starting 1 threads for group delete workflow.
2018-05-17 09:29:17,935 INFO o.a.j.e.StandardJMeterEngine: Thread will continue on error
2018-05-17 09:29:17,935 INFO o.a.j.t.ThreadGroup: Starting thread group... number=3 threads=1 ramp-up=1 perThread=1000.0 delayedStart=false
2018-05-17 09:29:17,936 INFO o.a.j.t.ThreadGroup: Started thread group number 3
2018-05-17 09:29:17,936 INFO o.a.j.e.StandardJMeterEngine: All thread groups have been started
2018-05-17 09:29:17,937 INFO o.a.j.t.JMeterThread: Thread started: delete workflow 3-1
2018-05-17 09:29:18,342 INFO o.a.j.t.JMeterThread: Thread is done: delete workflow 3-1
2018-05-17 09:29:18,342 INFO o.a.j.t.JMeterThread: Thread finished: delete workflow 3-1
2018-05-17 09:29:18,343 INFO o.a.j.e.StandardJMeterEngine: Notifying test listeners of end of test
2018-05-17 09:29:18,343 INFO o.a.j.s.FileServer: Close: ../../testConfigFiles/paths.csv
2018-05-17 09:29:18,344 INFO o.a.j.s.FileServer: Close: ../../testConfigFiles/ipConfigs.csv
2018-05-17 09:29:18,346 INFO o.a.j.g.u.JMeterMenuBar: setRunning(false, *local*)
