2018-02-11 17:48:24,791 INFO o.a.j.u.JMeterUtils: Setting Locale to en_US
2018-02-11 17:48:24,799 INFO o.a.j.JMeter: Loading user properties from: /home/eitang/WorkStuff/TestManager/apache-jmeter-3.3/bin/user.properties
2018-02-11 17:48:24,799 INFO o.a.j.JMeter: Loading system properties from: /home/eitang/WorkStuff/TestManager/apache-jmeter-3.3/bin/system.properties
2018-02-11 17:48:24,802 INFO o.a.j.JMeter: Copyright (c) 1998-2017 The Apache Software Foundation
2018-02-11 17:48:24,802 INFO o.a.j.JMeter: Version 3.3 r1808647
2018-02-11 17:48:24,802 INFO o.a.j.JMeter: java.version=1.8.0_151
2018-02-11 17:48:24,802 INFO o.a.j.JMeter: java.vm.name=OpenJDK 64-Bit Server VM
2018-02-11 17:48:24,803 INFO o.a.j.JMeter: os.name=Linux
2018-02-11 17:48:24,803 INFO o.a.j.JMeter: os.arch=amd64
2018-02-11 17:48:24,803 INFO o.a.j.JMeter: os.version=4.4.0-112-generic
2018-02-11 17:48:24,803 INFO o.a.j.JMeter: file.encoding=UTF-8
2018-02-11 17:48:24,803 INFO o.a.j.JMeter: Max memory     =536870912
2018-02-11 17:48:24,803 INFO o.a.j.JMeter: Available Processors =8
2018-02-11 17:48:24,805 INFO o.a.j.JMeter: Default Locale=English (United States)
2018-02-11 17:48:24,805 INFO o.a.j.JMeter: JMeter  Locale=English (United States)
2018-02-11 17:48:24,805 INFO o.a.j.JMeter: JMeterHome=/home/eitang/WorkStuff/TestManager/apache-jmeter-3.3
2018-02-11 17:48:24,805 INFO o.a.j.JMeter: user.dir  =/home/eitang/WorkStuff/TestManager/system-tests/run files
2018-02-11 17:48:24,805 INFO o.a.j.JMeter: PWD       =/home/eitang/WorkStuff/TestManager/system-tests/run files
2018-02-11 17:48:24,806 INFO o.a.j.JMeter: IP: 127.0.1.1 Name: ubuntu-eitang-ww FullName: ubuntu-eitang-ww
2018-02-11 17:48:24,806 INFO o.a.j.JMeter: Setting property 'jmeter.reportgenerator.outputdir' to:'/home/eitang/WorkStuff/TestManager/system-tests/run files/results/dashboards/done_create request wait REST'
2018-02-11 17:48:24,808 INFO o.a.j.s.FileServer: Default base='/home/eitang/WorkStuff/TestManager/system-tests/run files'
2018-02-11 17:48:24,808 INFO o.a.j.s.FileServer: Set new base='/home/eitang/WorkStuff/TestManager/system-tests/run files/../tests/done tests'
2018-02-11 17:48:24,889 INFO o.a.j.s.SaveService: Testplan (JMX) version: 2.2. Testlog (JTL) version: 2.2
2018-02-11 17:48:24,896 INFO o.a.j.s.SaveService: Using SaveService properties file encoding UTF-8
2018-02-11 17:48:24,899 INFO o.a.j.s.SaveService: Using SaveService properties version 3.2
2018-02-11 17:48:24,902 INFO o.a.j.s.SaveService: Loading file: ../tests/done tests/done_create request wait REST.jmx
2018-02-11 17:48:24,933 INFO o.a.j.p.h.s.HTTPSamplerBase: Parser for text/html is org.apache.jmeter.protocol.http.parser.LagartoBasedHtmlParser
2018-02-11 17:48:24,933 INFO o.a.j.p.h.s.HTTPSamplerBase: Parser for application/xhtml+xml is org.apache.jmeter.protocol.http.parser.LagartoBasedHtmlParser
2018-02-11 17:48:24,933 INFO o.a.j.p.h.s.HTTPSamplerBase: Parser for application/xml is org.apache.jmeter.protocol.http.parser.LagartoBasedHtmlParser
2018-02-11 17:48:24,933 INFO o.a.j.p.h.s.HTTPSamplerBase: Parser for text/xml is org.apache.jmeter.protocol.http.parser.LagartoBasedHtmlParser
2018-02-11 17:48:24,933 INFO o.a.j.p.h.s.HTTPSamplerBase: Parser for text/vnd.wap.wml is org.apache.jmeter.protocol.http.parser.RegexpHTMLParser
2018-02-11 17:48:24,933 INFO o.a.j.p.h.s.HTTPSamplerBase: Parser for text/css is org.apache.jmeter.protocol.http.parser.CssParser
2018-02-11 17:48:24,950 INFO o.a.j.c.IncludeController: loadIncludedElements -- try to load included module: /home/eitang/WorkStuff/TestManager/system-tests/tests/tf_execute request webhook by file.jmx
2018-02-11 17:48:24,950 INFO o.a.j.s.SaveService: Loading file: /home/eitang/WorkStuff/TestManager/system-tests/tests/tf_execute request webhook by file.jmx
2018-02-11 17:48:24,954 INFO o.a.j.c.IncludeController: loadIncludedElements -- try to load included module: /home/eitang/WorkStuff/TestManager/system-tests/tests/tf_Get status REST.jmx
2018-02-11 17:48:24,954 INFO o.a.j.s.SaveService: Loading file: /home/eitang/WorkStuff/TestManager/system-tests/tests/tf_Get status REST.jmx
2018-02-11 17:48:25,159 INFO o.a.j.c.IncludeController: loadIncludedElements -- try to load included module: /home/eitang/WorkStuff/TestManager/system-tests/tests/tf_Get results REST.jmx
2018-02-11 17:48:25,159 INFO o.a.j.s.SaveService: Loading file: /home/eitang/WorkStuff/TestManager/system-tests/tests/tf_Get results REST.jmx
2018-02-11 17:48:25,162 INFO o.a.j.c.IncludeController: loadIncludedElements -- try to load included module: /home/eitang/WorkStuff/TestManager/system-tests/tests/tf_assert expected actual.jmx
2018-02-11 17:48:25,162 INFO o.a.j.s.SaveService: Loading file: /home/eitang/WorkStuff/TestManager/system-tests/tests/tf_assert expected actual.jmx
2018-02-11 17:48:25,168 INFO o.a.j.c.IncludeController: loadIncludedElements -- try to load included module: /home/eitang/WorkStuff/TestManager/system-tests/tests/tf_execute request webhook by file.jmx
2018-02-11 17:48:25,168 INFO o.a.j.s.SaveService: Loading file: /home/eitang/WorkStuff/TestManager/system-tests/tests/tf_execute request webhook by file.jmx
2018-02-11 17:48:25,170 INFO o.a.j.c.IncludeController: loadIncludedElements -- try to load included module: /home/eitang/WorkStuff/TestManager/system-tests/tests/tf_Get status REST.jmx
2018-02-11 17:48:25,170 INFO o.a.j.s.SaveService: Loading file: /home/eitang/WorkStuff/TestManager/system-tests/tests/tf_Get status REST.jmx
2018-02-11 17:48:25,175 INFO o.a.j.c.IncludeController: loadIncludedElements -- try to load included module: /home/eitang/WorkStuff/TestManager/system-tests/tests/tf_Get results REST.jmx
2018-02-11 17:48:25,175 INFO o.a.j.s.SaveService: Loading file: /home/eitang/WorkStuff/TestManager/system-tests/tests/tf_Get results REST.jmx
2018-02-11 17:48:25,179 INFO o.a.j.c.IncludeController: loadIncludedElements -- try to load included module: /home/eitang/WorkStuff/TestManager/system-tests/tests/tf_assert expected actual.jmx
2018-02-11 17:48:25,179 INFO o.a.j.s.SaveService: Loading file: /home/eitang/WorkStuff/TestManager/system-tests/tests/tf_assert expected actual.jmx
2018-02-11 17:48:25,186 INFO o.a.j.JMeter: Creating summariser <summary>
2018-02-11 17:48:25,189 INFO o.a.j.r.d.ReportGenerator: ReportGenerator will use for Parsing the separator: ','
2018-02-11 17:48:25,189 INFO o.a.j.r.d.ReportGenerator: Will generate report at end of test from  results file: results/done_create request wait REST.jtl
2018-02-11 17:48:25,189 INFO o.a.j.r.d.ReportGenerator: Reading report generator properties from: /home/eitang/WorkStuff/TestManager/apache-jmeter-3.3/bin/reportgenerator.properties
2018-02-11 17:48:25,190 INFO o.a.j.r.d.ReportGenerator: Merging with JMeter properties
2018-02-11 17:48:25,192 INFO o.a.j.r.c.ReportGeneratorConfiguration: Property 'jmeter.reportgenerator.temp_dir' not found, using default value 'temp' instead.
2018-02-11 17:48:25,194 INFO o.a.j.r.c.ReportGeneratorConfiguration: Property 'jmeter.reportgenerator.apdex_per_transaction' not found, using default value 'null' instead.
2018-02-11 17:48:25,194 INFO o.a.j.r.c.ReportGeneratorConfiguration: apdex_per_transaction : {} is empty, not APDEX per transaction customization
2018-02-11 17:48:25,194 INFO o.a.j.r.c.ReportGeneratorConfiguration: Property 'jmeter.reportgenerator.sample_filter' not found, using default value 'null' instead.
2018-02-11 17:48:25,194 INFO o.a.j.r.c.ReportGeneratorConfiguration: Property 'jmeter.reportgenerator.report_title' not found, using default value 'null' instead.
2018-02-11 17:48:25,194 INFO o.a.j.r.c.ReportGeneratorConfiguration: Property 'jmeter.reportgenerator.start_date' not found, using default value 'null' instead.
2018-02-11 17:48:25,194 INFO o.a.j.r.c.ReportGeneratorConfiguration: Property 'jmeter.reportgenerator.end_date' not found, using default value 'null' instead.
2018-02-11 17:48:25,194 INFO o.a.j.r.c.ReportGeneratorConfiguration: Property 'jmeter.reportgenerator.date_format' not found, using default value 'null' instead.
2018-02-11 17:48:25,195 INFO o.a.j.r.c.ReportGeneratorConfiguration: Will use date range start date: null, end date: null
2018-02-11 17:48:25,197 INFO o.a.j.r.c.ReportGeneratorConfiguration: Property 'jmeter.reportgenerator.graph.activeThreadsOverTime.exclude_controllers' not found, using default value 'false' instead.
2018-02-11 17:48:25,198 INFO o.a.j.r.c.ReportGeneratorConfiguration: Property 'jmeter.reportgenerator.graph.timeVsThreads.exclude_controllers' not found, using default value 'false' instead.
2018-02-11 17:48:25,198 INFO o.a.j.r.c.ReportGeneratorConfiguration: Property 'jmeter.reportgenerator.graph.responseTimeDistribution.exclude_controllers' not found, using default value 'false' instead.
2018-02-11 17:48:25,198 INFO o.a.j.r.c.ReportGeneratorConfiguration: Property 'jmeter.reportgenerator.graph.transactionsPerSecond.exclude_controllers' not found, using default value 'false' instead.
2018-02-11 17:48:25,198 INFO o.a.j.r.c.ReportGeneratorConfiguration: Property 'jmeter.reportgenerator.graph.responseTimePercentiles.exclude_controllers' not found, using default value 'false' instead.
2018-02-11 17:48:25,198 INFO o.a.j.r.c.ReportGeneratorConfiguration: Property 'jmeter.reportgenerator.graph.responseTimePercentilesOverTime.exclude_controllers' not found, using default value 'false' instead.
2018-02-11 17:48:25,198 INFO o.a.j.r.c.ReportGeneratorConfiguration: Property 'jmeter.reportgenerator.graph.responseTimesOverTime.exclude_controllers' not found, using default value 'false' instead.
2018-02-11 17:48:25,198 INFO o.a.j.r.c.ReportGeneratorConfiguration: Property 'jmeter.reportgenerator.graph.connectTimeOverTime.exclude_controllers' not found, using default value 'false' instead.
2018-02-11 17:48:25,198 INFO o.a.j.r.c.ReportGeneratorConfiguration: Property 'jmeter.reportgenerator.graph.latenciesOverTime.exclude_controllers' not found, using default value 'false' instead.
2018-02-11 17:48:25,199 INFO o.a.j.r.c.ReportGeneratorConfiguration: Property 'jmeter.reportgenerator.exporter.html.filters_only_sample_series' not found, using default value 'true' instead.
2018-02-11 17:48:25,199 INFO o.a.j.r.c.ReportGeneratorConfiguration: Property 'jmeter.reportgenerator.exporter.html.series_filter' not found, using default value '' instead.
2018-02-11 17:48:25,199 INFO o.a.j.r.c.ReportGeneratorConfiguration: Property 'jmeter.reportgenerator.exporter.html.show_controllers_only' not found, using default value 'false' instead.
2018-02-11 17:48:25,202 INFO o.a.j.e.StandardJMeterEngine: Running the test!
2018-02-11 17:48:25,202 INFO o.a.j.s.SampleEvent: List of sample_variables: []
2018-02-11 17:48:25,202 INFO o.a.j.s.SampleEvent: List of sample_variables: []
2018-02-11 17:48:25,211 INFO o.a.j.e.u.CompoundVariable: Note: Function class names must contain the string: '.functions.'
2018-02-11 17:48:25,211 INFO o.a.j.e.u.CompoundVariable: Note: Function class names must not contain the string: '.gui.'
2018-02-11 17:48:25,366 INFO o.a.j.JMeter: Running test (1518364105366)
2018-02-11 17:48:25,394 INFO o.a.j.e.StandardJMeterEngine: Starting ThreadGroup: 1 : store pipeline
2018-02-11 17:48:25,394 INFO o.a.j.e.StandardJMeterEngine: Starting 1 threads for group store pipeline.
2018-02-11 17:48:25,394 INFO o.a.j.e.StandardJMeterEngine: Thread will continue on error
2018-02-11 17:48:25,394 INFO o.a.j.t.ThreadGroup: Starting thread group... number=1 threads=1 ramp-up=1 perThread=1000.0 delayedStart=false
2018-02-11 17:48:25,398 INFO o.a.j.t.ThreadGroup: Started thread group number 1
2018-02-11 17:48:25,398 INFO o.a.j.e.StandardJMeterEngine: Waiting for thread group: store pipeline to finish before starting next group
2018-02-11 17:48:25,402 INFO o.a.j.t.JMeterThread: Thread started: store pipeline 1-1
2018-02-11 17:48:25,403 INFO o.a.j.s.FileServer: Stored: ../../testConfigFiles/paths.csv
2018-02-11 17:48:25,404 INFO o.a.j.s.FileServer: Stored: ../../testConfigFiles/ipConfigs.csv
2018-02-11 17:48:25,415 INFO o.a.j.p.h.s.HTTPHCAbstractImpl: Local host = ubuntu-eitang-ww
2018-02-11 17:48:25,418 INFO o.a.j.p.h.s.HTTPHC4Impl: HTTP request retry count = 0
2018-02-11 17:48:25,423 INFO o.a.j.s.SampleResult: Note: Sample TimeStamps are START times
2018-02-11 17:48:25,423 INFO o.a.j.s.SampleResult: sampleresult.default.encoding is set to ISO-8859-1
2018-02-11 17:48:25,423 INFO o.a.j.s.SampleResult: sampleresult.useNanoTime=true
2018-02-11 17:48:25,423 INFO o.a.j.s.SampleResult: sampleresult.nanoThreadSleep=5000
2018-02-11 17:48:25,463 INFO o.a.j.p.h.s.LazySchemeSocketFactory: Setting up HTTPS TrustAll Socket Factory
2018-02-11 17:48:25,469 INFO o.a.j.u.JsseSSLManager: Using default SSL protocol: TLS
2018-02-11 17:48:25,469 INFO o.a.j.u.JsseSSLManager: SSL session context: per-thread
2018-02-11 17:48:25,536 INFO o.a.j.u.SSLManager: JmeterKeyStore Location:  type JKS
2018-02-11 17:48:25,536 INFO o.a.j.u.SSLManager: KeyStore created OK
2018-02-11 17:48:25,537 WARN o.a.j.u.SSLManager: Keystore file not found, loading empty keystore
2018-02-11 17:48:25,996 INFO o.a.j.t.JMeterThread: Thread is done: store pipeline 1-1
2018-02-11 17:48:25,996 INFO o.a.j.t.JMeterThread: Thread finished: store pipeline 1-1
2018-02-11 17:48:25,996 INFO o.a.j.e.StandardJMeterEngine: Starting ThreadGroup: 2 : Create request REST
2018-02-11 17:48:25,996 INFO o.a.j.e.StandardJMeterEngine: Starting 1 threads for group Create request REST.
2018-02-11 17:48:25,996 INFO o.a.j.e.StandardJMeterEngine: Thread will stop on error
2018-02-11 17:48:25,996 INFO o.a.j.t.ThreadGroup: Starting thread group... number=2 threads=1 ramp-up=1 perThread=1000.0 delayedStart=false
2018-02-11 17:48:25,997 INFO o.a.j.c.IncludeController: loadIncludedElements -- try to load included module: /home/eitang/WorkStuff/TestManager/system-tests/tests/tf_execute request webhook by file.jmx
2018-02-11 17:48:25,997 INFO o.a.j.s.SaveService: Loading file: /home/eitang/WorkStuff/TestManager/system-tests/tests/tf_execute request webhook by file.jmx
2018-02-11 17:48:25,998 INFO o.a.j.c.IncludeController: loadIncludedElements -- try to load included module: /home/eitang/WorkStuff/TestManager/system-tests/tests/tf_Get status REST.jmx
2018-02-11 17:48:25,998 INFO o.a.j.s.SaveService: Loading file: /home/eitang/WorkStuff/TestManager/system-tests/tests/tf_Get status REST.jmx
2018-02-11 17:48:26,007 INFO o.a.j.c.IncludeController: loadIncludedElements -- try to load included module: /home/eitang/WorkStuff/TestManager/system-tests/tests/tf_Get results REST.jmx
2018-02-11 17:48:26,008 INFO o.a.j.s.SaveService: Loading file: /home/eitang/WorkStuff/TestManager/system-tests/tests/tf_Get results REST.jmx
2018-02-11 17:48:26,017 INFO o.a.j.c.IncludeController: loadIncludedElements -- try to load included module: /home/eitang/WorkStuff/TestManager/system-tests/tests/tf_assert expected actual.jmx
2018-02-11 17:48:26,017 INFO o.a.j.s.SaveService: Loading file: /home/eitang/WorkStuff/TestManager/system-tests/tests/tf_assert expected actual.jmx
2018-02-11 17:48:26,029 INFO o.a.j.t.ThreadGroup: Started thread group number 2
2018-02-11 17:48:26,029 INFO o.a.j.e.StandardJMeterEngine: Waiting for thread group: Create request REST to finish before starting next group
2018-02-11 17:48:26,029 INFO o.a.j.t.JMeterThread: Thread started: Create request REST 2-1
2018-02-11 17:48:26,516 ERROR o.a.j.f.JavaScript: Error processing Javascript: [("${status}" != "completed") && (${counter}<30)]

javax.script.ScriptException: <eval>:1:34 Expected ) but found {
("${status}" != "completed") && (${counter}<30)
                                  ^ in <eval> at line number 1 at column number 34
	at jdk.nashorn.api.scripting.NashornScriptEngine.throwAsScriptException(NashornScriptEngine.java:470) ~[nashorn.jar:?]
	at jdk.nashorn.api.scripting.NashornScriptEngine.compileImpl(NashornScriptEngine.java:537) ~[nashorn.jar:?]
	at jdk.nashorn.api.scripting.NashornScriptEngine.compileImpl(NashornScriptEngine.java:524) ~[nashorn.jar:?]
	at jdk.nashorn.api.scripting.NashornScriptEngine.evalImpl(NashornScriptEngine.java:402) ~[nashorn.jar:?]
	at jdk.nashorn.api.scripting.NashornScriptEngine.eval(NashornScriptEngine.java:155) ~[nashorn.jar:?]
	at org.apache.jmeter.functions.JavaScript.executeWithNashorn(JavaScript.java:142) [ApacheJMeter_functions.jar:3.3 r1808647]
	at org.apache.jmeter.functions.JavaScript.execute(JavaScript.java:103) [ApacheJMeter_functions.jar:3.3 r1808647]
	at org.apache.jmeter.engine.util.CompoundVariable.execute(CompoundVariable.java:137) [ApacheJMeter_core.jar:3.3 r1808647]
	at org.apache.jmeter.engine.util.CompoundVariable.execute(CompoundVariable.java:112) [ApacheJMeter_core.jar:3.3 r1808647]
	at org.apache.jmeter.testelement.property.FunctionProperty.getStringValue(FunctionProperty.java:101) [ApacheJMeter_core.jar:3.3 r1808647]
	at org.apache.jmeter.control.WhileController.getCondition(WhileController.java:124) [ApacheJMeter_core.jar:3.3 r1808647]
	at org.apache.jmeter.control.WhileController.endOfLoop(WhileController.java:56) [ApacheJMeter_core.jar:3.3 r1808647]
	at org.apache.jmeter.control.WhileController.next(WhileController.java:102) [ApacheJMeter_core.jar:3.3 r1808647]
	at org.apache.jmeter.control.GenericController.nextIsAController(GenericController.java:219) [ApacheJMeter_core.jar:3.3 r1808647]
	at org.apache.jmeter.control.GenericController.next(GenericController.java:173) [ApacheJMeter_core.jar:3.3 r1808647]
	at org.apache.jmeter.control.GenericController.nextIsAController(GenericController.java:219) [ApacheJMeter_core.jar:3.3 r1808647]
	at org.apache.jmeter.control.GenericController.next(GenericController.java:173) [ApacheJMeter_core.jar:3.3 r1808647]
	at org.apache.jmeter.control.LoopController.next(LoopController.java:123) [ApacheJMeter_core.jar:3.3 r1808647]
	at org.apache.jmeter.control.GenericController.nextIsAController(GenericController.java:222) [ApacheJMeter_core.jar:3.3 r1808647]
	at org.apache.jmeter.control.GenericController.next(GenericController.java:173) [ApacheJMeter_core.jar:3.3 r1808647]
	at org.apache.jmeter.control.LoopController.next(LoopController.java:123) [ApacheJMeter_core.jar:3.3 r1808647]
	at org.apache.jmeter.threads.AbstractThreadGroup.next(AbstractThreadGroup.java:87) [ApacheJMeter_core.jar:3.3 r1808647]
	at org.apache.jmeter.threads.JMeterThread.run(JMeterThread.java:275) [ApacheJMeter_core.jar:3.3 r1808647]
	at java.lang.Thread.run(Thread.java:748) [?:1.8.0_151]
Caused by: jdk.nashorn.internal.runtime.ParserException: <eval>:1:34 Expected ) but found {
("${status}" != "completed") && (${counter}<30)
                                  ^
	at jdk.nashorn.internal.parser.AbstractParser.error(AbstractParser.java:294) ~[nashorn.jar:?]
	at jdk.nashorn.internal.parser.AbstractParser.error(AbstractParser.java:279) ~[nashorn.jar:?]
	at jdk.nashorn.internal.parser.AbstractParser.expectDontAdvance(AbstractParser.java:350) ~[nashorn.jar:?]
	at jdk.nashorn.internal.parser.AbstractParser.expect(AbstractParser.java:337) ~[nashorn.jar:?]
	at jdk.nashorn.internal.parser.Parser.primaryExpression(Parser.java:1994) ~[nashorn.jar:?]
	at jdk.nashorn.internal.parser.Parser.memberExpression(Parser.java:2511) ~[nashorn.jar:?]
	at jdk.nashorn.internal.parser.Parser.leftHandSideExpression(Parser.java:2372) ~[nashorn.jar:?]
	at jdk.nashorn.internal.parser.Parser.unaryExpression(Parser.java:3147) ~[nashorn.jar:?]
	at jdk.nashorn.internal.parser.Parser.expression(Parser.java:3325) ~[nashorn.jar:?]
	at jdk.nashorn.internal.parser.Parser.expression(Parser.java:3282) ~[nashorn.jar:?]
	at jdk.nashorn.internal.parser.Parser.expressionStatement(Parser.java:1150) ~[nashorn.jar:?]
	at jdk.nashorn.internal.parser.Parser.statement(Parser.java:967) ~[nashorn.jar:?]
	at jdk.nashorn.internal.parser.Parser.sourceElements(Parser.java:773) ~[nashorn.jar:?]
	at jdk.nashorn.internal.parser.Parser.program(Parser.java:709) ~[nashorn.jar:?]
	at jdk.nashorn.internal.parser.Parser.parse(Parser.java:283) ~[nashorn.jar:?]
	at jdk.nashorn.internal.parser.Parser.parse(Parser.java:249) ~[nashorn.jar:?]
	at jdk.nashorn.internal.runtime.Context.compile(Context.java:1284) ~[nashorn.jar:?]
	at jdk.nashorn.internal.runtime.Context.compileScript(Context.java:1251) ~[nashorn.jar:?]
	at jdk.nashorn.internal.runtime.Context.compileScript(Context.java:627) ~[nashorn.jar:?]
	at jdk.nashorn.api.scripting.NashornScriptEngine.compileImpl(NashornScriptEngine.java:535) ~[nashorn.jar:?]
	... 22 more
2018-02-11 17:48:31,669 WARN o.a.j.t.JSR223Timer: Script did not return a value
2018-02-11 17:48:32,073 INFO o.a.j.r.Summariser: summary +      3 in 00:00:07 =    0.4/s Avg:   468 Min:   390 Max:   557 Err:     0 (0.00%) Active: 1 Started: 2 Finished: 1
2018-02-11 17:48:37,142 WARN o.a.j.t.JSR223Timer: Script did not return a value
2018-02-11 17:48:42,595 WARN o.a.j.t.JSR223Timer: Script did not return a value
2018-02-11 17:48:48,040 WARN o.a.j.t.JSR223Timer: Script did not return a value
2018-02-11 17:48:53,449 WARN o.a.j.t.JSR223Timer: Script did not return a value
2018-02-11 17:48:58,861 WARN o.a.j.t.JSR223Timer: Script did not return a value
2018-02-11 17:49:04,285 WARN o.a.j.t.JSR223Timer: Script did not return a value
2018-02-11 17:49:04,670 INFO o.a.j.r.Summariser: summary +      6 in 00:00:33 =    0.2/s Avg:   391 Min:   382 Max:   405 Err:     0 (0.00%) Active: 1 Started: 2 Finished: 1
2018-02-11 17:49:04,670 INFO o.a.j.r.Summariser: summary =      9 in 00:00:39 =    0.2/s Avg:   417 Min:   382 Max:   557 Err:     0 (0.00%)
2018-02-11 17:49:09,695 WARN o.a.j.t.JSR223Timer: Script did not return a value
2018-02-11 17:49:15,088 WARN o.a.j.t.JSR223Timer: Script did not return a value
2018-02-11 17:49:20,514 WARN o.a.j.t.JSR223Timer: Script did not return a value
2018-02-11 17:49:25,962 WARN o.a.j.t.JSR223Timer: Script did not return a value
2018-02-11 17:49:31,368 WARN o.a.j.t.JSR223Timer: Script did not return a value
2018-02-11 17:49:31,764 INFO o.a.j.r.Summariser: summary +      5 in 00:00:27 =    0.2/s Avg:   391 Min:   380 Max:   408 Err:     0 (0.00%) Active: 1 Started: 2 Finished: 1
2018-02-11 17:49:31,765 INFO o.a.j.r.Summariser: summary =     14 in 00:01:06 =    0.2/s Avg:   407 Min:   380 Max:   557 Err:     0 (0.00%)
2018-02-11 17:49:36,777 WARN o.a.j.t.JSR223Timer: Script did not return a value
2018-02-11 17:49:42,200 WARN o.a.j.t.JSR223Timer: Script did not return a value
2018-02-11 17:49:47,595 WARN o.a.j.t.JSR223Timer: Script did not return a value
2018-02-11 17:49:53,006 WARN o.a.j.t.JSR223Timer: Script did not return a value
2018-02-11 17:49:58,421 WARN o.a.j.t.JSR223Timer: Script did not return a value
2018-02-11 17:50:03,841 WARN o.a.j.t.JSR223Timer: Script did not return a value
2018-02-11 17:50:04,237 INFO o.a.j.r.Summariser: summary +      6 in 00:00:32 =    0.2/s Avg:   387 Min:   379 Max:   395 Err:     0 (0.00%) Active: 1 Started: 2 Finished: 1
2018-02-11 17:50:04,237 INFO o.a.j.r.Summariser: summary =     20 in 00:01:39 =    0.2/s Avg:   401 Min:   379 Max:   557 Err:     0 (0.00%)
2018-02-11 17:50:09,275 WARN o.a.j.t.JSR223Timer: Script did not return a value
2018-02-11 17:50:14,719 WARN o.a.j.t.JSR223Timer: Script did not return a value
2018-02-11 17:50:20,147 WARN o.a.j.t.JSR223Timer: Script did not return a value
2018-02-11 17:50:25,583 WARN o.a.j.t.JSR223Timer: Script did not return a value
2018-02-11 17:50:31,002 WARN o.a.j.t.JSR223Timer: Script did not return a value
2018-02-11 17:50:31,390 INFO o.a.j.r.Summariser: summary +      5 in 00:00:27 =    0.2/s Avg:   393 Min:   385 Max:   410 Err:     0 (0.00%) Active: 1 Started: 2 Finished: 1
2018-02-11 17:50:31,391 INFO o.a.j.r.Summariser: summary =     25 in 00:02:06 =    0.2/s Avg:   400 Min:   379 Max:   557 Err:     0 (0.00%)
2018-02-11 17:50:31,496 INFO o.a.j.t.JMeterThread: Thread is done: Create request REST 2-1
2018-02-11 17:50:31,496 INFO o.a.j.t.JMeterThread: Thread finished: Create request REST 2-1
2018-02-11 17:50:31,497 INFO o.a.j.e.StandardJMeterEngine: Starting ThreadGroup: 3 : delete pipeline
2018-02-11 17:50:31,497 INFO o.a.j.e.StandardJMeterEngine: Starting 1 threads for group delete pipeline.
2018-02-11 17:50:31,497 INFO o.a.j.e.StandardJMeterEngine: Thread will continue on error
2018-02-11 17:50:31,498 INFO o.a.j.t.ThreadGroup: Starting thread group... number=3 threads=1 ramp-up=1 perThread=1000.0 delayedStart=false
2018-02-11 17:50:31,499 INFO o.a.j.t.ThreadGroup: Started thread group number 3
2018-02-11 17:50:31,500 INFO o.a.j.e.StandardJMeterEngine: All thread groups have been started
2018-02-11 17:50:31,503 INFO o.a.j.t.JMeterThread: Thread started: delete pipeline 3-1
2018-02-11 17:50:31,900 INFO o.a.j.t.JMeterThread: Thread is done: delete pipeline 3-1
2018-02-11 17:50:31,900 INFO o.a.j.t.JMeterThread: Thread finished: delete pipeline 3-1
2018-02-11 17:50:31,900 INFO o.a.j.e.StandardJMeterEngine: Notifying test listeners of end of test
2018-02-11 17:50:31,901 INFO o.a.j.s.FileServer: Close: ../../testConfigFiles/paths.csv
2018-02-11 17:50:31,901 INFO o.a.j.s.FileServer: Close: ../../testConfigFiles/ipConfigs.csv
2018-02-11 17:50:31,901 INFO o.a.j.r.Summariser: summary +      3 in 00:00:01 =    5.9/s Avg:   162 Min:     8 Max:   394 Err:     0 (0.00%) Active: 0 Started: 3 Finished: 3
2018-02-11 17:50:31,902 INFO o.a.j.r.Summariser: summary =     28 in 00:02:07 =    0.2/s Avg:   374 Min:     8 Max:   557 Err:     0 (0.00%)
2018-02-11 17:50:31,902 INFO o.a.j.JMeter: Generating Dashboard
2018-02-11 17:50:31,902 INFO o.a.j.r.d.ReportGenerator: Flushing result collector before report Generation
2018-02-11 17:50:31,907 INFO o.a.j.r.p.NormalizerSampleConsumer: Using format, 'ms', to parse timeStamp field
2018-02-11 17:50:31,956 INFO o.a.j.r.p.AbstractSampleConsumer: class org.apache.jmeter.report.processor.AggregateConsumer#stopProducing(): beginDate produced 0 samples
2018-02-11 17:50:31,956 INFO o.a.j.r.p.AbstractSampleConsumer: class org.apache.jmeter.report.processor.AggregateConsumer#stopProducing(): endDate produced 0 samples
2018-02-11 17:50:31,957 INFO o.a.j.r.p.AbstractSampleConsumer: class org.apache.jmeter.report.processor.ApdexSummaryConsumer#stopProducing(): apdexSummary produced 0 samples
2018-02-11 17:50:31,957 INFO o.a.j.r.p.AbstractSampleConsumer: class org.apache.jmeter.report.processor.RequestsSummaryConsumer#stopProducing(): requestsSummary produced 0 samples
2018-02-11 17:50:31,960 INFO o.a.j.r.p.AbstractSampleConsumer: class org.apache.jmeter.report.processor.StatisticsSummaryConsumer#stopProducing(): statisticsSummary produced 0 samples
2018-02-11 17:50:31,960 INFO o.a.j.r.p.AbstractSampleConsumer: class org.apache.jmeter.report.processor.Top5ErrorsBySamplerConsumer#stopProducing(): top5ErrorsBySampler produced 0 samples
2018-02-11 17:50:31,960 INFO o.a.j.r.p.AbstractSampleConsumer: class org.apache.jmeter.report.processor.ErrorsSummaryConsumer#stopProducing(): errorsSummary produced 0 samples
2018-02-11 17:50:31,960 INFO o.a.j.r.p.AbstractSampleConsumer: class org.apache.jmeter.report.processor.graph.impl.HitsPerSecondGraphConsumer#stopProducing(): hitsPerSecond produced 0 samples
2018-02-11 17:50:31,966 INFO o.a.j.r.p.AbstractSampleConsumer: class org.apache.jmeter.report.processor.graph.impl.LatencyVSRequestGraphConsumer#stopProducing(): latencyVsRequest produced 0 samples
2018-02-11 17:50:31,966 INFO o.a.j.r.p.AbstractSampleConsumer: class org.apache.jmeter.report.processor.graph.impl.SyntheticResponseTimeDistributionGraphConsumer#stopProducing(): syntheticResponseTimeDistribution produced 0 samples
2018-02-11 17:50:31,966 INFO o.a.j.r.p.AbstractSampleConsumer: class org.apache.jmeter.report.processor.graph.impl.BytesThroughputGraphConsumer#stopProducing(): bytesThroughputOverTime produced 0 samples
2018-02-11 17:50:31,966 INFO o.a.j.r.p.AbstractSampleConsumer: class org.apache.jmeter.report.processor.graph.impl.CodesPerSecondGraphConsumer#stopProducing(): codesPerSecond produced 0 samples
2018-02-11 17:50:31,968 INFO o.a.j.r.p.AbstractSampleConsumer: class org.apache.jmeter.report.processor.graph.impl.ResponseTimeVSRequestGraphConsumer#stopProducing(): responseTimeVsRequest produced 0 samples
2018-02-11 17:50:31,968 INFO o.a.j.r.p.AbstractSampleConsumer: class org.apache.jmeter.report.processor.FilterConsumer#stopProducing(): startIntervalControlerFilter produced 196 samples
2018-02-11 17:50:31,968 INFO o.a.j.r.p.AbstractSampleConsumer: class org.apache.jmeter.report.processor.graph.impl.ActiveThreadsGraphConsumer#stopProducing(): activeThreadsOverTime produced 0 samples
2018-02-11 17:50:31,968 INFO o.a.j.r.p.AbstractSampleConsumer: class org.apache.jmeter.report.processor.graph.impl.TimeVSThreadGraphConsumer#stopProducing(): timeVsThreads produced 0 samples
2018-02-11 17:50:31,968 INFO o.a.j.r.p.AbstractSampleConsumer: class org.apache.jmeter.report.processor.graph.impl.ResponseTimeDistributionGraphConsumer#stopProducing(): responseTimeDistribution produced 0 samples
2018-02-11 17:50:31,968 INFO o.a.j.r.p.AbstractSampleConsumer: class org.apache.jmeter.report.processor.graph.impl.TransactionsPerSecondGraphConsumer#stopProducing(): transactionsPerSecond produced 0 samples
2018-02-11 17:50:31,968 INFO o.a.j.r.p.AbstractSampleConsumer: class org.apache.jmeter.report.processor.graph.impl.ResponseTimePercentilesGraphConsumer#stopProducing(): responseTimePercentiles produced 0 samples
2018-02-11 17:50:31,970 INFO o.a.j.r.p.AbstractSampleConsumer: class org.apache.jmeter.report.processor.graph.impl.ResponseTimePercentilesOverTimeGraphConsumer#stopProducing(): responseTimePercentilesOverTime produced 0 samples
2018-02-11 17:50:31,970 INFO o.a.j.r.p.AbstractSampleConsumer: class org.apache.jmeter.report.processor.graph.impl.ResponseTimeOverTimeGraphConsumer#stopProducing(): responseTimesOverTime produced 0 samples
2018-02-11 17:50:31,970 INFO o.a.j.r.p.AbstractSampleConsumer: class org.apache.jmeter.report.processor.graph.impl.ConnectTimeOverTimeGraphConsumer#stopProducing(): connectTimeOverTime produced 0 samples
2018-02-11 17:50:31,971 INFO o.a.j.r.p.AbstractSampleConsumer: class org.apache.jmeter.report.processor.graph.impl.LatencyOverTimeGraphConsumer#stopProducing(): latenciesOverTime produced 0 samples
2018-02-11 17:50:31,971 INFO o.a.j.r.p.AbstractSampleConsumer: class org.apache.jmeter.report.processor.FilterConsumer#stopProducing(): nameFilter produced 392 samples
2018-02-11 17:50:31,971 INFO o.a.j.r.p.AbstractSampleConsumer: class org.apache.jmeter.report.processor.FilterConsumer#stopProducing(): dateRangeFilter produced 84 samples
2018-02-11 17:50:31,971 INFO o.a.j.r.p.AbstractSampleConsumer: class org.apache.jmeter.report.processor.NormalizerSampleConsumer#stopProducing(): normalizer produced 28 samples
2018-02-11 17:50:31,971 INFO o.a.j.r.p.CsvFileSampleSource: produce(): 28 samples produced in 50ms on channel 0
2018-02-11 17:50:31,971 INFO o.a.j.r.d.ReportGenerator: Exporting data using exporter:'html' of className:'org.apache.jmeter.report.dashboard.HtmlTemplateExporter'
2018-02-11 17:50:31,973 INFO o.a.j.r.d.HtmlTemplateExporter: Will generate dashboard in folder: /home/eitang/WorkStuff/TestManager/system-tests/run files/results/dashboards/done_create request wait REST
2018-02-11 17:50:32,021 INFO o.a.j.r.d.HtmlTemplateExporter: Report will be generated in: /home/eitang/WorkStuff/TestManager/system-tests/run files/results/dashboards/done_create request wait REST, creating folder structure
2018-02-11 17:50:32,199 INFO o.a.j.JMeter: Dashboard generated
