2018-05-07 11:32:07,153 INFO o.a.j.u.JMeterUtils: Setting Locale to en_US
2018-05-07 11:32:07,160 INFO o.a.j.JMeter: Loading user properties from: /home/eitang/WorkStuff/TestManager/apache-jmeter-3.3/bin/user.properties
2018-05-07 11:32:07,160 INFO o.a.j.JMeter: Loading system properties from: /home/eitang/WorkStuff/TestManager/apache-jmeter-3.3/bin/system.properties
2018-05-07 11:32:07,163 INFO o.a.j.JMeter: Copyright (c) 1998-2017 The Apache Software Foundation
2018-05-07 11:32:07,163 INFO o.a.j.JMeter: Version 3.3 r1808647
2018-05-07 11:32:07,163 INFO o.a.j.JMeter: java.version=1.8.0_162
2018-05-07 11:32:07,163 INFO o.a.j.JMeter: java.vm.name=OpenJDK 64-Bit Server VM
2018-05-07 11:32:07,163 INFO o.a.j.JMeter: os.name=Linux
2018-05-07 11:32:07,163 INFO o.a.j.JMeter: os.arch=amd64
2018-05-07 11:32:07,164 INFO o.a.j.JMeter: os.version=4.4.0-122-generic
2018-05-07 11:32:07,164 INFO o.a.j.JMeter: file.encoding=UTF-8
2018-05-07 11:32:07,164 INFO o.a.j.JMeter: Max memory     =536870912
2018-05-07 11:32:07,164 INFO o.a.j.JMeter: Available Processors =8
2018-05-07 11:32:07,166 INFO o.a.j.JMeter: Default Locale=English (United States)
2018-05-07 11:32:07,166 INFO o.a.j.JMeter: JMeter  Locale=English (United States)
2018-05-07 11:32:07,166 INFO o.a.j.JMeter: JMeterHome=/home/eitang/WorkStuff/TestManager/apache-jmeter-3.3
2018-05-07 11:32:07,166 INFO o.a.j.JMeter: user.dir  =/home/eitang/WorkStuff/TestManager/system-tests/tests/inProccessTests
2018-05-07 11:32:07,166 INFO o.a.j.JMeter: PWD       =/home/eitang/WorkStuff/TestManager/system-tests/tests/inProccessTests
2018-05-07 11:32:07,167 INFO o.a.j.JMeter: IP: 127.0.1.1 Name: ubuntu-eitang-ww FullName: ubuntu-eitang-ww
2018-05-07 11:32:07,168 INFO o.a.j.s.FileServer: Default base='/home/eitang/WorkStuff/TestManager/system-tests/tests/inProccessTests'
2018-05-07 11:32:07,168 INFO o.a.j.s.FileServer: Set new base='/home/eitang/WorkStuff/TestManager/system-tests/tests/inProccessTests'
2018-05-07 11:32:07,244 INFO o.a.j.s.SaveService: Testplan (JMX) version: 2.2. Testlog (JTL) version: 2.2
2018-05-07 11:32:07,251 INFO o.a.j.s.SaveService: Using SaveService properties file encoding UTF-8
2018-05-07 11:32:07,254 INFO o.a.j.s.SaveService: Using SaveService properties version 3.2
2018-05-07 11:32:07,257 INFO o.a.j.s.SaveService: Loading file: manybytedtos3.jmx
2018-05-07 11:32:07,288 INFO o.a.j.p.h.s.HTTPSamplerBase: Parser for text/html is org.apache.jmeter.protocol.http.parser.LagartoBasedHtmlParser
2018-05-07 11:32:07,288 INFO o.a.j.p.h.s.HTTPSamplerBase: Parser for application/xhtml+xml is org.apache.jmeter.protocol.http.parser.LagartoBasedHtmlParser
2018-05-07 11:32:07,288 INFO o.a.j.p.h.s.HTTPSamplerBase: Parser for application/xml is org.apache.jmeter.protocol.http.parser.LagartoBasedHtmlParser
2018-05-07 11:32:07,288 INFO o.a.j.p.h.s.HTTPSamplerBase: Parser for text/xml is org.apache.jmeter.protocol.http.parser.LagartoBasedHtmlParser
2018-05-07 11:32:07,288 INFO o.a.j.p.h.s.HTTPSamplerBase: Parser for text/vnd.wap.wml is org.apache.jmeter.protocol.http.parser.RegexpHTMLParser
2018-05-07 11:32:07,288 INFO o.a.j.p.h.s.HTTPSamplerBase: Parser for text/css is org.apache.jmeter.protocol.http.parser.CssParser
2018-05-07 11:32:07,336 INFO o.a.j.c.IncludeController: loadIncludedElements -- try to load included module: /home/eitang/WorkStuff/TestManager/system-tests/tests/inProccessTests/../tf_Get status REST.jmx
2018-05-07 11:32:07,336 INFO o.a.j.s.SaveService: Loading file: ../tf_Get status REST.jmx
2018-05-07 11:32:07,506 INFO o.a.j.c.IncludeController: loadIncludedElements -- try to load included module: /home/eitang/WorkStuff/TestManager/system-tests/tests/inProccessTests/../tf_Get results REST.jmx
2018-05-07 11:32:07,506 INFO o.a.j.s.SaveService: Loading file: ../tf_Get results REST.jmx
2018-05-07 11:32:07,509 INFO o.a.j.c.IncludeController: loadIncludedElements -- try to load included module: /home/eitang/WorkStuff/TestManager/system-tests/tests/inProccessTests/../tf_assert expected actual.jmx
2018-05-07 11:32:07,509 INFO o.a.j.s.SaveService: Loading file: ../tf_assert expected actual.jmx
2018-05-07 11:32:07,512 INFO o.a.j.c.IncludeController: loadIncludedElements -- try to load included module: /home/eitang/WorkStuff/TestManager/system-tests/tests/inProccessTests/../tf_jaegar.jmx
2018-05-07 11:32:07,513 INFO o.a.j.s.SaveService: Loading file: ../tf_jaegar.jmx
2018-05-07 11:32:07,517 INFO o.a.j.c.IncludeController: loadIncludedElements -- try to load included module: /home/eitang/WorkStuff/TestManager/system-tests/tests/inProccessTests/../tf_Get status REST.jmx
2018-05-07 11:32:07,518 INFO o.a.j.s.SaveService: Loading file: ../tf_Get status REST.jmx
2018-05-07 11:32:07,522 INFO o.a.j.c.IncludeController: loadIncludedElements -- try to load included module: /home/eitang/WorkStuff/TestManager/system-tests/tests/inProccessTests/../tf_Get results REST.jmx
2018-05-07 11:32:07,522 INFO o.a.j.s.SaveService: Loading file: ../tf_Get results REST.jmx
2018-05-07 11:32:07,524 INFO o.a.j.c.IncludeController: loadIncludedElements -- try to load included module: /home/eitang/WorkStuff/TestManager/system-tests/tests/inProccessTests/../tf_jaegar.jmx
2018-05-07 11:32:07,525 INFO o.a.j.s.SaveService: Loading file: ../tf_jaegar.jmx
2018-05-07 11:32:07,529 INFO o.a.j.JMeter: Creating summariser <summary>
2018-05-07 11:32:07,533 INFO o.a.j.e.StandardJMeterEngine: Running the test!
2018-05-07 11:32:07,533 INFO o.a.j.s.SampleEvent: List of sample_variables: []
2018-05-07 11:32:07,533 INFO o.a.j.s.SampleEvent: List of sample_variables: []
2018-05-07 11:32:07,536 INFO o.a.j.e.u.CompoundVariable: Note: Function class names must contain the string: '.functions.'
2018-05-07 11:32:07,536 INFO o.a.j.e.u.CompoundVariable: Note: Function class names must not contain the string: '.gui.'
2018-05-07 11:32:07,864 INFO o.a.j.JMeter: Running test (1525681927864)
2018-05-07 11:32:07,899 INFO o.a.j.e.StandardJMeterEngine: Starting ThreadGroup: 1 : create workflow
2018-05-07 11:32:07,900 INFO o.a.j.e.StandardJMeterEngine: Starting 1 threads for group create workflow.
2018-05-07 11:32:07,900 INFO o.a.j.e.StandardJMeterEngine: Thread will continue on error
2018-05-07 11:32:07,900 INFO o.a.j.t.ThreadGroup: Starting thread group... number=1 threads=1 ramp-up=1 perThread=1000.0 delayedStart=false
2018-05-07 11:32:07,904 INFO o.a.j.t.ThreadGroup: Started thread group number 1
2018-05-07 11:32:07,905 INFO o.a.j.e.StandardJMeterEngine: Waiting for thread group: create workflow to finish before starting next group
2018-05-07 11:32:07,909 INFO o.a.j.t.JMeterThread: Thread started: create workflow 1-1
2018-05-07 11:32:07,910 INFO o.a.j.s.FileServer: Stored: ../../testConfigFiles/paths.csv
2018-05-07 11:32:07,914 INFO o.a.j.s.FileServer: Stored: ../../testConfigFiles/ipConfigs.csv
2018-05-07 11:32:07,926 INFO o.a.j.p.h.s.HTTPHCAbstractImpl: Local host = ubuntu-eitang-ww
2018-05-07 11:32:07,930 INFO o.a.j.p.h.s.HTTPHC4Impl: HTTP request retry count = 0
2018-05-07 11:32:07,936 INFO o.a.j.s.SampleResult: Note: Sample TimeStamps are START times
2018-05-07 11:32:07,936 INFO o.a.j.s.SampleResult: sampleresult.default.encoding is set to ISO-8859-1
2018-05-07 11:32:07,936 INFO o.a.j.s.SampleResult: sampleresult.useNanoTime=true
2018-05-07 11:32:07,936 INFO o.a.j.s.SampleResult: sampleresult.nanoThreadSleep=5000
2018-05-07 11:32:07,982 INFO o.a.j.p.h.s.LazySchemeSocketFactory: Setting up HTTPS TrustAll Socket Factory
2018-05-07 11:32:07,987 INFO o.a.j.u.JsseSSLManager: Using default SSL protocol: TLS
2018-05-07 11:32:07,987 INFO o.a.j.u.JsseSSLManager: SSL session context: per-thread
2018-05-07 11:32:08,053 INFO o.a.j.u.SSLManager: JmeterKeyStore Location:  type JKS
2018-05-07 11:32:08,054 INFO o.a.j.u.SSLManager: KeyStore created OK
2018-05-07 11:32:08,054 WARN o.a.j.u.SSLManager: Keystore file not found, loading empty keystore
2018-05-07 11:32:08,538 INFO o.a.j.t.JMeterThread: Thread is done: create workflow 1-1
2018-05-07 11:32:08,538 INFO o.a.j.t.JMeterThread: Thread finished: create workflow 1-1
2018-05-07 11:32:08,539 INFO o.a.j.e.StandardJMeterEngine: Starting ThreadGroup: 2 : run stored add mult
2018-05-07 11:32:08,539 INFO o.a.j.e.StandardJMeterEngine: Starting 1 threads for group run stored add mult.
2018-05-07 11:32:08,539 INFO o.a.j.e.StandardJMeterEngine: Thread will stop on error
2018-05-07 11:32:08,539 INFO o.a.j.t.ThreadGroup: Starting thread group... number=2 threads=1 ramp-up=1 perThread=1000.0 delayedStart=false
2018-05-07 11:32:08,540 INFO o.a.j.c.IncludeController: loadIncludedElements -- try to load included module: /home/eitang/WorkStuff/TestManager/system-tests/tests/inProccessTests/../tf_Get status REST.jmx
2018-05-07 11:32:08,540 INFO o.a.j.s.SaveService: Loading file: ../tf_Get status REST.jmx
2018-05-07 11:32:08,549 INFO o.a.j.c.IncludeController: loadIncludedElements -- try to load included module: /home/eitang/WorkStuff/TestManager/system-tests/tests/inProccessTests/../tf_Get results REST.jmx
2018-05-07 11:32:08,549 INFO o.a.j.s.SaveService: Loading file: ../tf_Get results REST.jmx
2018-05-07 11:32:08,554 INFO o.a.j.c.IncludeController: loadIncludedElements -- try to load included module: /home/eitang/WorkStuff/TestManager/system-tests/tests/inProccessTests/../tf_jaegar.jmx
2018-05-07 11:32:08,554 INFO o.a.j.s.SaveService: Loading file: ../tf_jaegar.jmx
2018-05-07 11:32:08,565 INFO o.a.j.t.ThreadGroup: Started thread group number 2
2018-05-07 11:32:08,565 INFO o.a.j.e.StandardJMeterEngine: Waiting for thread group: run stored add mult to finish before starting next group
2018-05-07 11:32:08,565 INFO o.a.j.t.JMeterThread: Thread started: run stored add mult 2-1
2018-05-07 11:32:09,408 ERROR o.a.j.f.JavaScript: Error processing Javascript: [("${status}" != "completed") && (${counter}<20)]

javax.script.ScriptException: <eval>:1:34 Expected ) but found {
("${status}" != "completed") && (${counter}<20)
                                  ^ in <eval> at line number 1 at column number 34
	at jdk.nashorn.api.scripting.NashornScriptEngine.throwAsScriptException(NashornScriptEngine.java:470) ~[nashorn.jar:?]
	at jdk.nashorn.api.scripting.NashornScriptEngine.compileImpl(NashornScriptEngine.java:537) ~[nashorn.jar:?]
	at jdk.nashorn.api.scripting.NashornScriptEngine.compileImpl(NashornScriptEngine.java:524) ~[nashorn.jar:?]
	at jdk.nashorn.api.scripting.NashornScriptEngine.evalImpl(NashornScriptEngine.java:402) ~[nashorn.jar:?]
	at jdk.nashorn.api.scripting.NashornScriptEngine.eval(NashornScriptEngine.java:155) ~[nashorn.jar:?]
	at org.apache.jmeter.functions.JavaScript.executeWithNashorn(JavaScript.java:142) [ApacheJMeter_functions.jar:3.3 r1808647]
	at org.apache.jmeter.functions.JavaScript.execute(JavaScript.java:103) [ApacheJMeter_functions.jar:3.3 r1808647]
	at org.apache.jmeter.engine.util.CompoundVariable.execute(CompoundVariable.java:137) [ApacheJMeter_core.jar:3.3 r1808647]
	at org.apache.jmeter.engine.util.CompoundVariable.execute(CompoundVariable.java:112) [ApacheJMeter_core.jar:3.3 r1808647]
	at org.apache.jmeter.testelement.property.FunctionProperty.getStringValue(FunctionProperty.java:101) [ApacheJMeter_core.jar:3.3 r1808647]
	at org.apache.jmeter.control.WhileController.getCondition(WhileController.java:124) [ApacheJMeter_core.jar:3.3 r1808647]
	at org.apache.jmeter.control.WhileController.endOfLoop(WhileController.java:56) [ApacheJMeter_core.jar:3.3 r1808647]
	at org.apache.jmeter.control.WhileController.next(WhileController.java:102) [ApacheJMeter_core.jar:3.3 r1808647]
	at org.apache.jmeter.control.GenericController.nextIsAController(GenericController.java:219) [ApacheJMeter_core.jar:3.3 r1808647]
	at org.apache.jmeter.control.GenericController.next(GenericController.java:173) [ApacheJMeter_core.jar:3.3 r1808647]
	at org.apache.jmeter.control.GenericController.nextIsAController(GenericController.java:219) [ApacheJMeter_core.jar:3.3 r1808647]
	at org.apache.jmeter.control.GenericController.next(GenericController.java:173) [ApacheJMeter_core.jar:3.3 r1808647]
	at org.apache.jmeter.control.LoopController.next(LoopController.java:123) [ApacheJMeter_core.jar:3.3 r1808647]
	at org.apache.jmeter.threads.AbstractThreadGroup.next(AbstractThreadGroup.java:87) [ApacheJMeter_core.jar:3.3 r1808647]
	at org.apache.jmeter.threads.JMeterThread.run(JMeterThread.java:275) [ApacheJMeter_core.jar:3.3 r1808647]
	at java.lang.Thread.run(Thread.java:748) [?:1.8.0_162]
Caused by: jdk.nashorn.internal.runtime.ParserException: <eval>:1:34 Expected ) but found {
("${status}" != "completed") && (${counter}<20)
                                  ^
	at jdk.nashorn.internal.parser.AbstractParser.error(AbstractParser.java:294) ~[nashorn.jar:?]
	at jdk.nashorn.internal.parser.AbstractParser.error(AbstractParser.java:279) ~[nashorn.jar:?]
	at jdk.nashorn.internal.parser.AbstractParser.expectDontAdvance(AbstractParser.java:350) ~[nashorn.jar:?]
	at jdk.nashorn.internal.parser.AbstractParser.expect(AbstractParser.java:337) ~[nashorn.jar:?]
	at jdk.nashorn.internal.parser.Parser.primaryExpression(Parser.java:1994) ~[nashorn.jar:?]
	at jdk.nashorn.internal.parser.Parser.memberExpression(Parser.java:2511) ~[nashorn.jar:?]
	at jdk.nashorn.internal.parser.Parser.leftHandSideExpression(Parser.java:2372) ~[nashorn.jar:?]
	at jdk.nashorn.internal.parser.Parser.unaryExpression(Parser.java:3147) ~[nashorn.jar:?]
	at jdk.nashorn.internal.parser.Parser.expression(Parser.java:3325) ~[nashorn.jar:?]
	at jdk.nashorn.internal.parser.Parser.expression(Parser.java:3282) ~[nashorn.jar:?]
	at jdk.nashorn.internal.parser.Parser.expressionStatement(Parser.java:1150) ~[nashorn.jar:?]
	at jdk.nashorn.internal.parser.Parser.statement(Parser.java:967) ~[nashorn.jar:?]
	at jdk.nashorn.internal.parser.Parser.sourceElements(Parser.java:773) ~[nashorn.jar:?]
	at jdk.nashorn.internal.parser.Parser.program(Parser.java:709) ~[nashorn.jar:?]
	at jdk.nashorn.internal.parser.Parser.parse(Parser.java:283) ~[nashorn.jar:?]
	at jdk.nashorn.internal.parser.Parser.parse(Parser.java:249) ~[nashorn.jar:?]
	at jdk.nashorn.internal.runtime.Context.compile(Context.java:1284) ~[nashorn.jar:?]
	at jdk.nashorn.internal.runtime.Context.compileScript(Context.java:1251) ~[nashorn.jar:?]
	at jdk.nashorn.internal.runtime.Context.compileScript(Context.java:627) ~[nashorn.jar:?]
	at jdk.nashorn.api.scripting.NashornScriptEngine.compileImpl(NashornScriptEngine.java:535) ~[nashorn.jar:?]
	... 19 more
2018-05-07 11:32:14,620 WARN o.a.j.t.JSR223Timer: Script did not return a value
2018-05-07 11:32:15,900 INFO o.a.j.t.JMeterThread: Thread is done: run stored add mult 2-1
2018-05-07 11:32:15,900 INFO o.a.j.t.JMeterThread: Thread finished: run stored add mult 2-1
2018-05-07 11:32:15,901 INFO o.a.j.e.StandardJMeterEngine: Starting ThreadGroup: 3 : delete workflow
2018-05-07 11:32:15,901 INFO o.a.j.e.StandardJMeterEngine: Starting 1 threads for group delete workflow.
2018-05-07 11:32:15,901 INFO o.a.j.e.StandardJMeterEngine: Thread will continue on error
2018-05-07 11:32:15,901 INFO o.a.j.t.ThreadGroup: Starting thread group... number=3 threads=1 ramp-up=1 perThread=1000.0 delayedStart=false
2018-05-07 11:32:15,901 INFO o.a.j.t.ThreadGroup: Started thread group number 3
2018-05-07 11:32:15,902 INFO o.a.j.e.StandardJMeterEngine: All thread groups have been started
2018-05-07 11:32:15,903 INFO o.a.j.t.JMeterThread: Thread started: delete workflow 3-1
2018-05-07 11:32:16,451 INFO o.a.j.t.JMeterThread: Thread is done: delete workflow 3-1
2018-05-07 11:32:16,451 INFO o.a.j.t.JMeterThread: Thread finished: delete workflow 3-1
2018-05-07 11:32:16,452 INFO o.a.j.e.StandardJMeterEngine: Notifying test listeners of end of test
2018-05-07 11:32:16,452 INFO o.a.j.s.FileServer: Close: ../../testConfigFiles/paths.csv
2018-05-07 11:32:16,454 INFO o.a.j.s.FileServer: Close: ../../testConfigFiles/ipConfigs.csv
2018-05-07 11:32:16,457 INFO o.a.j.r.Summariser: summary =      6 in 00:00:09 =    0.7/s Avg:   475 Min:   126 Max:   585 Err:     0 (0.00%)
